{"/home/nguyen1611/CISC327-QA-Project-Group-60-AA/src/frontend/src/component/Navbar.jsx": {"path":"/home/nguyen1611/CISC327-QA-Project-Group-60-AA/src/frontend/src/component/Navbar.jsx","statementMap":{"0":{"start":{"line":8,"column":44},"end":{"line":8,"column":null}},"1":{"start":{"line":10,"column":2},"end":{"line":37,"column":null}},"2":{"start":{"line":16,"column":58},"end":{"line":16,"column":85}}},"fnMap":{"0":{"name":"Navbar","decl":{"start":{"line":7,"column":24},"end":{"line":7,"column":33}},"loc":{"start":{"line":7,"column":33},"end":{"line":39,"column":null}}},"1":{"name":"(anonymous_1)","decl":{"start":{"line":16,"column":39},"end":{"line":16,"column":40}},"loc":{"start":{"line":16,"column":58},"end":{"line":16,"column":85}}}},"branchMap":{"0":{"loc":{"start":{"line":16,"column":58},"end":{"line":16,"column":85}},"type":"cond-expr","locations":[{"start":{"line":16,"column":69},"end":{"line":16,"column":80}},{"start":{"line":16,"column":80},"end":{"line":16,"column":85}}]},"1":{"loc":{"start":{"line":24,"column":11},"end":{"line":33,"column":null}},"type":"cond-expr","locations":[{"start":{"line":25,"column":12},"end":{"line":28,"column":null}},{"start":{"line":30,"column":12},"end":{"line":33,"column":null}}]}},"s":{"0":6,"1":6,"2":6},"f":{"0":6,"1":6},"b":{"0":[6,0],"1":[4,2]}}
,"/home/nguyen1611/CISC327-QA-Project-Group-60-AA/src/frontend/src/context/AuthContext.jsx": {"path":"/home/nguyen1611/CISC327-QA-Project-Group-60-AA/src/frontend/src/context/AuthContext.jsx","statementMap":{"0":{"start":{"line":4,"column":27},"end":{"line":4,"column":null}},"1":{"start":{"line":7,"column":28},"end":{"line":28,"column":null}},"2":{"start":{"line":8,"column":48},"end":{"line":8,"column":null}},"3":{"start":{"line":9,"column":26},"end":{"line":9,"column":null}},"4":{"start":{"line":12,"column":16},"end":{"line":15,"column":null}},"5":{"start":{"line":13,"column":4},"end":{"line":13,"column":null}},"6":{"start":{"line":14,"column":4},"end":{"line":14,"column":null}},"7":{"start":{"line":18,"column":17},"end":{"line":21,"column":null}},"8":{"start":{"line":19,"column":4},"end":{"line":19,"column":null}},"9":{"start":{"line":20,"column":4},"end":{"line":20,"column":null}},"10":{"start":{"line":23,"column":2},"end":{"line":26,"column":null}}},"fnMap":{"0":{"name":"(anonymous_0)","decl":{"start":{"line":7,"column":28},"end":{"line":7,"column":29}},"loc":{"start":{"line":7,"column":46},"end":{"line":28,"column":null}}},"1":{"name":"(anonymous_1)","decl":{"start":{"line":12,"column":16},"end":{"line":12,"column":17}},"loc":{"start":{"line":12,"column":30},"end":{"line":15,"column":null}}},"2":{"name":"(anonymous_2)","decl":{"start":{"line":18,"column":17},"end":{"line":18,"column":23}},"loc":{"start":{"line":18,"column":23},"end":{"line":21,"column":null}}}},"branchMap":{},"s":{"0":4,"1":4,"2":5,"3":5,"4":5,"5":2,"6":2,"7":5,"8":1,"9":1,"10":5},"f":{"0":5,"1":2,"2":1},"b":{}}
,"/home/nguyen1611/CISC327-QA-Project-Group-60-AA/src/frontend/src/pages/BookingPayment.jsx": {"path":"/home/nguyen1611/CISC327-QA-Project-Group-60-AA/src/frontend/src/pages/BookingPayment.jsx","statementMap":{"0":{"start":{"line":8,"column":23},"end":{"line":311,"column":null}},"1":{"start":{"line":9,"column":38},"end":{"line":9,"column":null}},"2":{"start":{"line":10,"column":46},"end":{"line":10,"column":null}},"3":{"start":{"line":11,"column":24},"end":{"line":11,"column":null}},"4":{"start":{"line":12,"column":46},"end":{"line":12,"column":null}},"5":{"start":{"line":13,"column":28},"end":{"line":13,"column":null}},"6":{"start":{"line":14,"column":28},"end":{"line":14,"column":null}},"7":{"start":{"line":15,"column":28},"end":{"line":15,"column":null}},"8":{"start":{"line":16,"column":32},"end":{"line":16,"column":null}},"9":{"start":{"line":17,"column":36},"end":{"line":17,"column":null}},"10":{"start":{"line":18,"column":48},"end":{"line":18,"column":null}},"11":{"start":{"line":20,"column":25},"end":{"line":20,"column":null}},"12":{"start":{"line":21,"column":19},"end":{"line":21,"column":null}},"13":{"start":{"line":24,"column":2},"end":{"line":39,"column":null}},"14":{"start":{"line":25,"column":31},"end":{"line":36,"column":null}},"15":{"start":{"line":26,"column":6},"end":{"line":35,"column":null}},"16":{"start":{"line":27,"column":25},"end":{"line":27,"column":null}},"17":{"start":{"line":28,"column":8},"end":{"line":30,"column":null}},"18":{"start":{"line":29,"column":10},"end":{"line":29,"column":null}},"19":{"start":{"line":31,"column":21},"end":{"line":31,"column":null}},"20":{"start":{"line":32,"column":8},"end":{"line":32,"column":null}},"21":{"start":{"line":34,"column":8},"end":{"line":34,"column":null}},"22":{"start":{"line":38,"column":4},"end":{"line":38,"column":null}},"23":{"start":{"line":41,"column":32},"end":{"line":53,"column":null}},"24":{"start":{"line":55,"column":24},"end":{"line":55,"column":null}},"25":{"start":{"line":57,"column":30},"end":{"line":77,"column":null}},"26":{"start":{"line":58,"column":4},"end":{"line":60,"column":null}},"27":{"start":{"line":59,"column":6},"end":{"line":59,"column":null}},"28":{"start":{"line":61,"column":4},"end":{"line":63,"column":null}},"29":{"start":{"line":62,"column":6},"end":{"line":62,"column":null}},"30":{"start":{"line":64,"column":4},"end":{"line":66,"column":null}},"31":{"start":{"line":65,"column":6},"end":{"line":65,"column":null}},"32":{"start":{"line":67,"column":4},"end":{"line":69,"column":null}},"33":{"start":{"line":68,"column":6},"end":{"line":68,"column":null}},"34":{"start":{"line":70,"column":4},"end":{"line":72,"column":null}},"35":{"start":{"line":71,"column":6},"end":{"line":71,"column":null}},"36":{"start":{"line":73,"column":4},"end":{"line":75,"column":null}},"37":{"start":{"line":74,"column":6},"end":{"line":74,"column":null}},"38":{"start":{"line":76,"column":4},"end":{"line":76,"column":null}},"39":{"start":{"line":79,"column":24},"end":{"line":138,"column":null}},"40":{"start":{"line":80,"column":4},"end":{"line":80,"column":null}},"41":{"start":{"line":81,"column":21},"end":{"line":81,"column":null}},"42":{"start":{"line":82,"column":4},"end":{"line":86,"column":null}},"43":{"start":{"line":83,"column":6},"end":{"line":83,"column":null}},"44":{"start":{"line":84,"column":6},"end":{"line":84,"column":null}},"45":{"start":{"line":85,"column":6},"end":{"line":85,"column":null}},"46":{"start":{"line":88,"column":4},"end":{"line":88,"column":null}},"47":{"start":{"line":89,"column":4},"end":{"line":89,"column":null}},"48":{"start":{"line":92,"column":24},"end":{"line":110,"column":null}},"49":{"start":{"line":112,"column":4},"end":{"line":137,"column":null}},"50":{"start":{"line":114,"column":23},"end":{"line":120,"column":null}},"51":{"start":{"line":123,"column":21},"end":{"line":123,"column":null}},"52":{"start":{"line":125,"column":6},"end":{"line":131,"column":null}},"53":{"start":{"line":126,"column":8},"end":{"line":126,"column":null}},"54":{"start":{"line":127,"column":8},"end":{"line":127,"column":null}},"55":{"start":{"line":129,"column":8},"end":{"line":129,"column":null}},"56":{"start":{"line":130,"column":8},"end":{"line":130,"column":null}},"57":{"start":{"line":136,"column":6},"end":{"line":136,"column":null}},"58":{"start":{"line":141,"column":2},"end":{"line":156,"column":null}},"59":{"start":{"line":142,"column":4},"end":{"line":148,"column":null}},"60":{"start":{"line":150,"column":2},"end":{"line":156,"column":null}},"61":{"start":{"line":151,"column":4},"end":{"line":154,"column":null}},"62":{"start":{"line":158,"column":2},"end":{"line":309,"column":null}},"63":{"start":{"line":179,"column":18},"end":{"line":181,"column":null}},"64":{"start":{"line":204,"column":31},"end":{"line":204,"column":null}},"65":{"start":{"line":215,"column":31},"end":{"line":215,"column":null}},"66":{"start":{"line":266,"column":33},"end":{"line":266,"column":null}},"67":{"start":{"line":277,"column":33},"end":{"line":277,"column":null}},"68":{"start":{"line":288,"column":33},"end":{"line":288,"column":null}},"69":{"start":{"line":299,"column":33},"end":{"line":299,"column":null}}},"fnMap":{"0":{"name":"(anonymous_0)","decl":{"start":{"line":8,"column":23},"end":{"line":8,"column":29}},"loc":{"start":{"line":8,"column":29},"end":{"line":311,"column":null}}},"1":{"name":"(anonymous_1)","decl":{"start":{"line":24,"column":12},"end":{"line":24,"column":18}},"loc":{"start":{"line":24,"column":18},"end":{"line":39,"column":5}}},"2":{"name":"(anonymous_2)","decl":{"start":{"line":25,"column":31},"end":{"line":25,"column":43}},"loc":{"start":{"line":25,"column":43},"end":{"line":36,"column":null}}},"3":{"name":"(anonymous_3)","decl":{"start":{"line":57,"column":30},"end":{"line":57,"column":36}},"loc":{"start":{"line":57,"column":36},"end":{"line":77,"column":null}}},"4":{"name":"(anonymous_4)","decl":{"start":{"line":79,"column":24},"end":{"line":79,"column":31}},"loc":{"start":{"line":79,"column":37},"end":{"line":138,"column":null}}},"5":{"name":"(anonymous_5)","decl":{"start":{"line":178,"column":49},"end":{"line":178,"column":50}},"loc":{"start":{"line":179,"column":18},"end":{"line":181,"column":null}}},"6":{"name":"(anonymous_6)","decl":{"start":{"line":204,"column":24},"end":{"line":204,"column":25}},"loc":{"start":{"line":204,"column":31},"end":{"line":204,"column":null}}},"7":{"name":"(anonymous_7)","decl":{"start":{"line":215,"column":24},"end":{"line":215,"column":25}},"loc":{"start":{"line":215,"column":31},"end":{"line":215,"column":null}}},"8":{"name":"(anonymous_8)","decl":{"start":{"line":266,"column":26},"end":{"line":266,"column":27}},"loc":{"start":{"line":266,"column":33},"end":{"line":266,"column":null}}},"9":{"name":"(anonymous_9)","decl":{"start":{"line":277,"column":26},"end":{"line":277,"column":27}},"loc":{"start":{"line":277,"column":33},"end":{"line":277,"column":null}}},"10":{"name":"(anonymous_10)","decl":{"start":{"line":288,"column":26},"end":{"line":288,"column":27}},"loc":{"start":{"line":288,"column":33},"end":{"line":288,"column":null}}},"11":{"name":"(anonymous_11)","decl":{"start":{"line":299,"column":26},"end":{"line":299,"column":27}},"loc":{"start":{"line":299,"column":33},"end":{"line":299,"column":null}}}},"branchMap":{"0":{"loc":{"start":{"line":28,"column":8},"end":{"line":30,"column":null}},"type":"if","locations":[{"start":{"line":28,"column":8},"end":{"line":30,"column":null}},{"start":{},"end":{}}]},"1":{"loc":{"start":{"line":55,"column":24},"end":{"line":55,"column":null}},"type":"binary-expr","locations":[{"start":{"line":55,"column":24},"end":{"line":55,"column":45}},{"start":{"line":55,"column":45},"end":{"line":55,"column":null}}]},"2":{"loc":{"start":{"line":58,"column":4},"end":{"line":60,"column":null}},"type":"if","locations":[{"start":{"line":58,"column":4},"end":{"line":60,"column":null}},{"start":{},"end":{}}]},"3":{"loc":{"start":{"line":58,"column":8},"end":{"line":58,"column":55}},"type":"binary-expr","locations":[{"start":{"line":58,"column":8},"end":{"line":58,"column":36}},{"start":{"line":58,"column":36},"end":{"line":58,"column":55}}]},"4":{"loc":{"start":{"line":61,"column":4},"end":{"line":63,"column":null}},"type":"if","locations":[{"start":{"line":61,"column":4},"end":{"line":63,"column":null}},{"start":{},"end":{}}]},"5":{"loc":{"start":{"line":64,"column":4},"end":{"line":66,"column":null}},"type":"if","locations":[{"start":{"line":64,"column":4},"end":{"line":66,"column":null}},{"start":{},"end":{}}]},"6":{"loc":{"start":{"line":64,"column":8},"end":{"line":64,"column":40}},"type":"binary-expr","locations":[{"start":{"line":64,"column":8},"end":{"line":64,"column":28}},{"start":{"line":64,"column":28},"end":{"line":64,"column":40}}]},"7":{"loc":{"start":{"line":67,"column":4},"end":{"line":69,"column":null}},"type":"if","locations":[{"start":{"line":67,"column":4},"end":{"line":69,"column":null}},{"start":{},"end":{}}]},"8":{"loc":{"start":{"line":70,"column":4},"end":{"line":72,"column":null}},"type":"if","locations":[{"start":{"line":70,"column":4},"end":{"line":72,"column":null}},{"start":{},"end":{}}]},"9":{"loc":{"start":{"line":70,"column":8},"end":{"line":70,"column":74}},"type":"binary-expr","locations":[{"start":{"line":70,"column":8},"end":{"line":70,"column":31}},{"start":{"line":70,"column":31},"end":{"line":70,"column":74}}]},"10":{"loc":{"start":{"line":73,"column":4},"end":{"line":75,"column":null}},"type":"if","locations":[{"start":{"line":73,"column":4},"end":{"line":75,"column":null}},{"start":{},"end":{}}]},"11":{"loc":{"start":{"line":73,"column":8},"end":{"line":73,"column":45}},"type":"binary-expr","locations":[{"start":{"line":73,"column":8},"end":{"line":73,"column":31}},{"start":{"line":73,"column":31},"end":{"line":73,"column":45}}]},"12":{"loc":{"start":{"line":82,"column":4},"end":{"line":86,"column":null}},"type":"if","locations":[{"start":{"line":82,"column":4},"end":{"line":86,"column":null}},{"start":{},"end":{}}]},"13":{"loc":{"start":{"line":125,"column":6},"end":{"line":131,"column":null}},"type":"if","locations":[{"start":{"line":125,"column":6},"end":{"line":131,"column":null}},{"start":{"line":128,"column":13},"end":{"line":131,"column":null}}]},"14":{"loc":{"start":{"line":125,"column":10},"end":{"line":125,"column":35}},"type":"binary-expr","locations":[{"start":{"line":125,"column":10},"end":{"line":125,"column":26}},{"start":{"line":125,"column":26},"end":{"line":125,"column":35}}]},"15":{"loc":{"start":{"line":126,"column":17},"end":{"line":126,"column":63}},"type":"binary-expr","locations":[{"start":{"line":126,"column":17},"end":{"line":126,"column":36}},{"start":{"line":126,"column":36},"end":{"line":126,"column":63}}]},"16":{"loc":{"start":{"line":141,"column":2},"end":{"line":156,"column":null}},"type":"if","locations":[{"start":{"line":141,"column":2},"end":{"line":156,"column":null}},{"start":{"line":150,"column":2},"end":{"line":156,"column":null}}]},"17":{"loc":{"start":{"line":150,"column":2},"end":{"line":156,"column":null}},"type":"if","locations":[{"start":{"line":150,"column":2},"end":{"line":156,"column":null}},{"start":{},"end":{}}]},"18":{"loc":{"start":{"line":177,"column":15},"end":{"line":184,"column":null}},"type":"cond-expr","locations":[{"start":{"line":178,"column":16},"end":{"line":182,"column":null}},{"start":{"line":184,"column":16},"end":{"line":184,"column":null}}]},"19":{"loc":{"start":{"line":179,"column":49},"end":{"line":179,"column":null}},"type":"cond-expr","locations":[{"start":{"line":179,"column":66},"end":{"line":179,"column":80}},{"start":{"line":179,"column":80},"end":{"line":179,"column":null}}]},"20":{"loc":{"start":{"line":180,"column":33},"end":{"line":180,"column":null}},"type":"cond-expr","locations":[{"start":{"line":180,"column":50},"end":{"line":180,"column":66}},{"start":{"line":180,"column":66},"end":{"line":180,"column":null}}]},"21":{"loc":{"start":{"line":246,"column":15},"end":{"line":246,"column":null}},"type":"cond-expr","locations":[{"start":{"line":246,"column":28},"end":{"line":246,"column":67}},{"start":{"line":246,"column":67},"end":{"line":246,"column":null}}]},"22":{"loc":{"start":{"line":249,"column":42},"end":{"line":249,"column":78}},"type":"binary-expr","locations":[{"start":{"line":249,"column":42},"end":{"line":249,"column":60}},{"start":{"line":249,"column":60},"end":{"line":249,"column":78}}]},"23":{"loc":{"start":{"line":250,"column":44},"end":{"line":250,"column":70}},"type":"binary-expr","locations":[{"start":{"line":250,"column":44},"end":{"line":250,"column":62}},{"start":{"line":250,"column":62},"end":{"line":250,"column":70}}]},"24":{"loc":{"start":{"line":255,"column":9},"end":{"line":255,"column":null}},"type":"binary-expr","locations":[{"start":{"line":255,"column":9},"end":{"line":255,"column":18}},{"start":{"line":255,"column":18},"end":{"line":255,"column":null}}]},"25":{"loc":{"start":{"line":256,"column":9},"end":{"line":256,"column":null}},"type":"binary-expr","locations":[{"start":{"line":256,"column":9},"end":{"line":256,"column":20}},{"start":{"line":256,"column":20},"end":{"line":256,"column":null}}]}},"s":{"0":2,"1":47,"2":45,"3":45,"4":45,"5":45,"6":45,"7":45,"8":45,"9":45,"10":45,"11":45,"12":45,"13":45,"14":14,"15":14,"16":14,"17":4,"18":1,"19":3,"20":3,"21":11,"22":14,"23":45,"24":45,"25":45,"26":4,"27":1,"28":3,"29":0,"30":3,"31":0,"32":3,"33":0,"34":3,"35":0,"36":3,"37":0,"38":3,"39":45,"40":4,"41":4,"42":4,"43":1,"44":1,"45":1,"46":3,"47":3,"48":3,"49":3,"50":3,"51":2,"52":2,"53":1,"54":1,"55":1,"56":1,"57":1,"58":45,"59":1,"60":44,"61":2,"62":42,"63":84,"64":4,"65":4,"66":4,"67":4,"68":4,"69":4},"f":{"0":47,"1":14,"2":14,"3":4,"4":4,"5":84,"6":4,"7":4,"8":4,"9":4,"10":4,"11":4},"b":{"0":[1,3],"1":[45,45],"2":[1,3],"3":[4,3],"4":[0,3],"5":[0,3],"6":[3,3],"7":[0,3],"8":[0,3],"9":[3,3],"10":[0,3],"11":[3,3],"12":[1,3],"13":[1,1],"14":[2,1],"15":[1,0],"16":[1,44],"17":[2,42],"18":[42,0],"19":[42,42],"20":[42,42],"21":[23,19],"22":[42,15],"23":[42,23],"24":[42,0],"25":[42,0]}}
,"/home/nguyen1611/CISC327-QA-Project-Group-60-AA/src/frontend/src/pages/FlightBooking.jsx": {"path":"/home/nguyen1611/CISC327-QA-Project-Group-60-AA/src/frontend/src/pages/FlightBooking.jsx","statementMap":{"0":{"start":{"line":5,"column":22},"end":{"line":191,"column":null}},"1":{"start":{"line":6,"column":34},"end":{"line":6,"column":null}},"2":{"start":{"line":7,"column":38},"end":{"line":7,"column":null}},"3":{"start":{"line":8,"column":34},"end":{"line":8,"column":null}},"4":{"start":{"line":9,"column":34},"end":{"line":9,"column":null}},"5":{"start":{"line":10,"column":30},"end":{"line":10,"column":null}},"6":{"start":{"line":11,"column":32},"end":{"line":11,"column":null}},"7":{"start":{"line":12,"column":19},"end":{"line":12,"column":null}},"8":{"start":{"line":14,"column":17},"end":{"line":76,"column":null}},"9":{"start":{"line":79,"column":2},"end":{"line":84,"column":null}},"10":{"start":{"line":80,"column":4},"end":{"line":83,"column":null}},"11":{"start":{"line":81,"column":24},"end":{"line":81,"column":39}},"12":{"start":{"line":82,"column":20},"end":{"line":82,"column":47}},"13":{"start":{"line":83,"column":22},"end":{"line":83,"column":69}},"14":{"start":{"line":87,"column":26},"end":{"line":101,"column":null}},"15":{"start":{"line":88,"column":22},"end":{"line":88,"column":null}},"16":{"start":{"line":89,"column":20},"end":{"line":89,"column":null}},"17":{"start":{"line":90,"column":23},"end":{"line":90,"column":null}},"18":{"start":{"line":91,"column":27},"end":{"line":91,"column":null}},"19":{"start":{"line":92,"column":25},"end":{"line":92,"column":null}},"20":{"start":{"line":94,"column":4},"end":{"line":99,"column":null}},"21":{"start":{"line":103,"column":26},"end":{"line":105,"column":null}},"22":{"start":{"line":104,"column":4},"end":{"line":104,"column":null}},"23":{"start":{"line":108,"column":2},"end":{"line":189,"column":null}},"24":{"start":{"line":113,"column":95},"end":{"line":113,"column":119}},"25":{"start":{"line":117,"column":98},"end":{"line":117,"column":125}},"26":{"start":{"line":121,"column":106},"end":{"line":121,"column":141}},"27":{"start":{"line":133,"column":29},"end":{"line":133,"column":null}},"28":{"start":{"line":139,"column":29},"end":{"line":139,"column":null}},"29":{"start":{"line":146,"column":29},"end":{"line":146,"column":null}},"30":{"start":{"line":153,"column":29},"end":{"line":153,"column":null}},"31":{"start":{"line":165,"column":2},"end":{"line":174,"column":null}},"32":{"start":{"line":172,"column":29},"end":{"line":172,"column":58}}},"fnMap":{"0":{"name":"(anonymous_0)","decl":{"start":{"line":5,"column":22},"end":{"line":5,"column":28}},"loc":{"start":{"line":5,"column":28},"end":{"line":191,"column":null}}},"1":{"name":"(anonymous_1)","decl":{"start":{"line":79,"column":12},"end":{"line":79,"column":18}},"loc":{"start":{"line":79,"column":18},"end":{"line":84,"column":5}}},"2":{"name":"(anonymous_2)","decl":{"start":{"line":81,"column":12},"end":{"line":81,"column":24}},"loc":{"start":{"line":81,"column":24},"end":{"line":81,"column":39}}},"3":{"name":"(anonymous_3)","decl":{"start":{"line":82,"column":12},"end":{"line":82,"column":20}},"loc":{"start":{"line":82,"column":20},"end":{"line":82,"column":47}}},"4":{"name":"(anonymous_4)","decl":{"start":{"line":83,"column":13},"end":{"line":83,"column":22}},"loc":{"start":{"line":83,"column":22},"end":{"line":83,"column":69}}},"5":{"name":"(anonymous_5)","decl":{"start":{"line":87,"column":41},"end":{"line":87,"column":51}},"loc":{"start":{"line":87,"column":51},"end":{"line":101,"column":3}}},"6":{"name":"(anonymous_6)","decl":{"start":{"line":103,"column":26},"end":{"line":103,"column":27}},"loc":{"start":{"line":103,"column":40},"end":{"line":105,"column":null}}},"7":{"name":"(anonymous_7)","decl":{"start":{"line":113,"column":89},"end":{"line":113,"column":95}},"loc":{"start":{"line":113,"column":95},"end":{"line":113,"column":119}}},"8":{"name":"(anonymous_8)","decl":{"start":{"line":117,"column":92},"end":{"line":117,"column":98}},"loc":{"start":{"line":117,"column":98},"end":{"line":117,"column":125}}},"9":{"name":"(anonymous_9)","decl":{"start":{"line":121,"column":100},"end":{"line":121,"column":106}},"loc":{"start":{"line":121,"column":106},"end":{"line":121,"column":141}}},"10":{"name":"(anonymous_10)","decl":{"start":{"line":133,"column":22},"end":{"line":133,"column":23}},"loc":{"start":{"line":133,"column":29},"end":{"line":133,"column":null}}},"11":{"name":"(anonymous_11)","decl":{"start":{"line":139,"column":22},"end":{"line":139,"column":23}},"loc":{"start":{"line":139,"column":29},"end":{"line":139,"column":null}}},"12":{"name":"(anonymous_12)","decl":{"start":{"line":146,"column":22},"end":{"line":146,"column":23}},"loc":{"start":{"line":146,"column":29},"end":{"line":146,"column":null}}},"13":{"name":"(anonymous_13)","decl":{"start":{"line":153,"column":22},"end":{"line":153,"column":23}},"loc":{"start":{"line":153,"column":29},"end":{"line":153,"column":null}}},"14":{"name":"(anonymous_14)","decl":{"start":{"line":164,"column":27},"end":{"line":164,"column":28}},"loc":{"start":{"line":165,"column":2},"end":{"line":174,"column":null}}},"15":{"name":"(anonymous_15)","decl":{"start":{"line":172,"column":23},"end":{"line":172,"column":29}},"loc":{"start":{"line":172,"column":29},"end":{"line":172,"column":58}}}},"branchMap":{"0":{"loc":{"start":{"line":95,"column":6},"end":{"line":99,"column":null}},"type":"binary-expr","locations":[{"start":{"line":95,"column":6},"end":{"line":95,"column":null}},{"start":{"line":96,"column":6},"end":{"line":96,"column":null}},{"start":{"line":97,"column":6},"end":{"line":97,"column":null}},{"start":{"line":98,"column":7},"end":{"line":98,"column":26}},{"start":{"line":98,"column":26},"end":{"line":98,"column":null}},{"start":{"line":99,"column":7},"end":{"line":99,"column":24}},{"start":{"line":99,"column":24},"end":{"line":99,"column":null}}]}},"s":{"0":1,"1":8,"2":7,"3":7,"4":7,"5":7,"6":7,"7":7,"8":7,"9":7,"10":2,"11":2,"12":2,"13":0,"14":7,"15":1,"16":1,"17":1,"18":1,"19":1,"20":1,"21":7,"22":0,"23":7,"24":0,"25":0,"26":0,"27":1,"28":1,"29":1,"30":1,"31":1,"32":0},"f":{"0":8,"1":2,"2":2,"3":2,"4":0,"5":1,"6":0,"7":0,"8":0,"9":0,"10":1,"11":1,"12":1,"13":1,"14":1,"15":0},"b":{"0":[1,1,1,1,1,1,1]}}
,"/home/nguyen1611/CISC327-QA-Project-Group-60-AA/src/frontend/src/pages/NotFound.jsx": {"path":"/home/nguyen1611/CISC327-QA-Project-Group-60-AA/src/frontend/src/pages/NotFound.jsx","statementMap":{"0":{"start":{"line":1,"column":17},"end":{"line":3,"column":null}},"1":{"start":{"line":2,"column":2},"end":{"line":2,"column":null}}},"fnMap":{"0":{"name":"(anonymous_0)","decl":{"start":{"line":1,"column":17},"end":{"line":1,"column":23}},"loc":{"start":{"line":1,"column":23},"end":{"line":3,"column":null}}}},"branchMap":{},"s":{"0":1,"1":1},"f":{"0":1},"b":{}}
,"/home/nguyen1611/CISC327-QA-Project-Group-60-AA/src/frontend/src/pages/PaymentFailed.jsx": {"path":"/home/nguyen1611/CISC327-QA-Project-Group-60-AA/src/frontend/src/pages/PaymentFailed.jsx","statementMap":{"0":{"start":{"line":4,"column":22},"end":{"line":15,"column":null}},"1":{"start":{"line":5,"column":2},"end":{"line":13,"column":null}}},"fnMap":{"0":{"name":"(anonymous_0)","decl":{"start":{"line":4,"column":22},"end":{"line":4,"column":23}},"loc":{"start":{"line":4,"column":44},"end":{"line":15,"column":null}}}},"branchMap":{"0":{"loc":{"start":{"line":8,"column":7},"end":{"line":11,"column":null}},"type":"cond-expr","locations":[{"start":{"line":9,"column":8},"end":{"line":9,"column":null}},{"start":{"line":11,"column":8},"end":{"line":11,"column":null}}]}},"s":{"0":2,"1":2},"f":{"0":2},"b":{"0":[2,0]}}
,"/home/nguyen1611/CISC327-QA-Project-Group-60-AA/src/frontend/src/pages/PaymentSuccessfully.jsx": {"path":"/home/nguyen1611/CISC327-QA-Project-Group-60-AA/src/frontend/src/pages/PaymentSuccessfully.jsx","statementMap":{"0":{"start":{"line":4,"column":28},"end":{"line":17,"column":null}},"1":{"start":{"line":5,"column":2},"end":{"line":15,"column":null}}},"fnMap":{"0":{"name":"(anonymous_0)","decl":{"start":{"line":4,"column":28},"end":{"line":4,"column":29}},"loc":{"start":{"line":4,"column":83},"end":{"line":17,"column":null}}}},"branchMap":{},"s":{"0":2,"1":1},"f":{"0":1},"b":{}}
,"/home/nguyen1611/CISC327-QA-Project-Group-60-AA/src/frontend/src/pages/Register.jsx": {"path":"/home/nguyen1611/CISC327-QA-Project-Group-60-AA/src/frontend/src/pages/Register.jsx","statementMap":{"0":{"start":{"line":6,"column":17},"end":{"line":99,"column":null}},"1":{"start":{"line":9,"column":34},"end":{"line":15,"column":null}},"2":{"start":{"line":18,"column":32},"end":{"line":18,"column":null}},"3":{"start":{"line":19,"column":20},"end":{"line":19,"column":null}},"4":{"start":{"line":22,"column":23},"end":{"line":25,"column":null}},"5":{"start":{"line":23,"column":28},"end":{"line":23,"column":null}},"6":{"start":{"line":24,"column":4},"end":{"line":24,"column":null}},"7":{"start":{"line":28,"column":23},"end":{"line":31,"column":null}},"8":{"start":{"line":29,"column":23},"end":{"line":29,"column":null}},"9":{"start":{"line":30,"column":4},"end":{"line":30,"column":null}},"10":{"start":{"line":34,"column":25},"end":{"line":66,"column":null}},"11":{"start":{"line":36,"column":4},"end":{"line":39,"column":null}},"12":{"start":{"line":37,"column":6},"end":{"line":37,"column":null}},"13":{"start":{"line":38,"column":6},"end":{"line":38,"column":null}},"14":{"start":{"line":40,"column":6},"end":{"line":43,"column":null}},"15":{"start":{"line":41,"column":8},"end":{"line":41,"column":null}},"16":{"start":{"line":42,"column":8},"end":{"line":42,"column":null}},"17":{"start":{"line":44,"column":4},"end":{"line":65,"column":null}},"18":{"start":{"line":46,"column":23},"end":{"line":52,"column":null}},"19":{"start":{"line":54,"column":19},"end":{"line":54,"column":null}},"20":{"start":{"line":57,"column":6},"end":{"line":62,"column":null}},"21":{"start":{"line":58,"column":8},"end":{"line":58,"column":null}},"22":{"start":{"line":59,"column":8},"end":{"line":59,"column":null}},"23":{"start":{"line":61,"column":8},"end":{"line":61,"column":null}},"24":{"start":{"line":64,"column":6},"end":{"line":64,"column":null}},"25":{"start":{"line":69,"column":2},"end":{"line":97,"column":null}}},"fnMap":{"0":{"name":"(anonymous_0)","decl":{"start":{"line":6,"column":17},"end":{"line":6,"column":23}},"loc":{"start":{"line":6,"column":23},"end":{"line":99,"column":null}}},"1":{"name":"(anonymous_1)","decl":{"start":{"line":22,"column":23},"end":{"line":22,"column":24}},"loc":{"start":{"line":22,"column":30},"end":{"line":25,"column":null}}},"2":{"name":"(anonymous_2)","decl":{"start":{"line":28,"column":23},"end":{"line":28,"column":24}},"loc":{"start":{"line":28,"column":34},"end":{"line":31,"column":null}}},"3":{"name":"(anonymous_3)","decl":{"start":{"line":34,"column":25},"end":{"line":34,"column":37}},"loc":{"start":{"line":34,"column":37},"end":{"line":66,"column":null}}}},"branchMap":{"0":{"loc":{"start":{"line":36,"column":4},"end":{"line":39,"column":null}},"type":"if","locations":[{"start":{"line":36,"column":4},"end":{"line":39,"column":null}},{"start":{},"end":{}}]},"1":{"loc":{"start":{"line":40,"column":6},"end":{"line":43,"column":null}},"type":"if","locations":[{"start":{"line":40,"column":6},"end":{"line":43,"column":null}},{"start":{},"end":{}}]},"2":{"loc":{"start":{"line":57,"column":6},"end":{"line":62,"column":null}},"type":"if","locations":[{"start":{"line":57,"column":6},"end":{"line":62,"column":null}},{"start":{"line":60,"column":13},"end":{"line":62,"column":null}}]},"3":{"loc":{"start":{"line":95,"column":9},"end":{"line":95,"column":null}},"type":"binary-expr","locations":[{"start":{"line":95,"column":9},"end":{"line":95,"column":20}},{"start":{"line":95,"column":20},"end":{"line":95,"column":null}}]}},"s":{"0":1,"1":24,"2":24,"3":24,"4":24,"5":14,"6":14,"7":24,"8":3,"9":3,"10":24,"11":4,"12":1,"13":1,"14":3,"15":1,"16":1,"17":2,"18":2,"19":2,"20":2,"21":1,"22":1,"23":1,"24":0,"25":24},"f":{"0":24,"1":14,"2":3,"3":4},"b":{"0":[1,3],"1":[1,2],"2":[1,1],"3":[24,4]}}
,"/home/nguyen1611/CISC327-QA-Project-Group-60-AA/src/frontend/src/pages/SignIn.jsx": {"path":"/home/nguyen1611/CISC327-QA-Project-Group-60-AA/src/frontend/src/pages/SignIn.jsx","statementMap":{"0":{"start":{"line":7,"column":15},"end":{"line":65,"column":null}},"1":{"start":{"line":10,"column":28},"end":{"line":10,"column":null}},"2":{"start":{"line":11,"column":34},"end":{"line":11,"column":null}},"3":{"start":{"line":12,"column":32},"end":{"line":12,"column":null}},"4":{"start":{"line":13,"column":20},"end":{"line":13,"column":null}},"5":{"start":{"line":14,"column":19},"end":{"line":14,"column":null}},"6":{"start":{"line":17,"column":23},"end":{"line":41,"column":null}},"7":{"start":{"line":18,"column":4},"end":{"line":40,"column":null}},"8":{"start":{"line":20,"column":23},"end":{"line":26,"column":null}},"9":{"start":{"line":28,"column":19},"end":{"line":28,"column":null}},"10":{"start":{"line":31,"column":6},"end":{"line":37,"column":null}},"11":{"start":{"line":32,"column":8},"end":{"line":32,"column":null}},"12":{"start":{"line":33,"column":8},"end":{"line":33,"column":null}},"13":{"start":{"line":34,"column":8},"end":{"line":34,"column":null}},"14":{"start":{"line":36,"column":8},"end":{"line":36,"column":null}},"15":{"start":{"line":39,"column":6},"end":{"line":39,"column":null}},"16":{"start":{"line":44,"column":2},"end":{"line":63,"column":null}},"17":{"start":{"line":52,"column":27},"end":{"line":52,"column":null}},"18":{"start":{"line":58,"column":27},"end":{"line":58,"column":null}}},"fnMap":{"0":{"name":"(anonymous_0)","decl":{"start":{"line":7,"column":15},"end":{"line":7,"column":21}},"loc":{"start":{"line":7,"column":21},"end":{"line":65,"column":null}}},"1":{"name":"(anonymous_1)","decl":{"start":{"line":17,"column":23},"end":{"line":17,"column":35}},"loc":{"start":{"line":17,"column":35},"end":{"line":41,"column":null}}},"2":{"name":"(anonymous_2)","decl":{"start":{"line":52,"column":20},"end":{"line":52,"column":21}},"loc":{"start":{"line":52,"column":27},"end":{"line":52,"column":null}}},"3":{"name":"(anonymous_3)","decl":{"start":{"line":58,"column":20},"end":{"line":58,"column":21}},"loc":{"start":{"line":58,"column":27},"end":{"line":58,"column":null}}}},"branchMap":{"0":{"loc":{"start":{"line":31,"column":6},"end":{"line":37,"column":null}},"type":"if","locations":[{"start":{"line":31,"column":6},"end":{"line":37,"column":null}},{"start":{"line":35,"column":13},"end":{"line":37,"column":null}}]},"1":{"loc":{"start":{"line":61,"column":9},"end":{"line":61,"column":null}},"type":"binary-expr","locations":[{"start":{"line":61,"column":9},"end":{"line":61,"column":20}},{"start":{"line":61,"column":20},"end":{"line":61,"column":null}}]}},"s":{"0":1,"1":12,"2":12,"3":12,"4":12,"5":12,"6":12,"7":2,"8":2,"9":2,"10":2,"11":1,"12":1,"13":1,"14":1,"15":0,"16":12,"17":3,"18":3},"f":{"0":12,"1":2,"2":3,"3":3},"b":{"0":[1,1],"1":[12,2]}}
}
