{"/home/nguyen1611/CISC327-QA-Project-Group-60-AA/src/frontend/src/component/Navbar.jsx": {"path":"/home/nguyen1611/CISC327-QA-Project-Group-60-AA/src/frontend/src/component/Navbar.jsx","statementMap":{"0":{"start":{"line":8,"column":44},"end":{"line":8,"column":null}},"1":{"start":{"line":10,"column":2},"end":{"line":37,"column":null}},"2":{"start":{"line":16,"column":58},"end":{"line":16,"column":85}}},"fnMap":{"0":{"name":"Navbar","decl":{"start":{"line":7,"column":24},"end":{"line":7,"column":33}},"loc":{"start":{"line":7,"column":33},"end":{"line":39,"column":null}}},"1":{"name":"(anonymous_1)","decl":{"start":{"line":16,"column":39},"end":{"line":16,"column":40}},"loc":{"start":{"line":16,"column":58},"end":{"line":16,"column":85}}}},"branchMap":{"0":{"loc":{"start":{"line":16,"column":58},"end":{"line":16,"column":85}},"type":"cond-expr","locations":[{"start":{"line":16,"column":69},"end":{"line":16,"column":80}},{"start":{"line":16,"column":80},"end":{"line":16,"column":85}}]},"1":{"loc":{"start":{"line":24,"column":11},"end":{"line":33,"column":null}},"type":"cond-expr","locations":[{"start":{"line":25,"column":12},"end":{"line":28,"column":null}},{"start":{"line":30,"column":12},"end":{"line":33,"column":null}}]}},"s":{"0":3,"1":3,"2":3},"f":{"0":3,"1":3},"b":{"0":[3,0],"1":[2,1]}}
,"/home/nguyen1611/CISC327-QA-Project-Group-60-AA/src/frontend/src/pages/BookingPayment.jsx": {"path":"/home/nguyen1611/CISC327-QA-Project-Group-60-AA/src/frontend/src/pages/BookingPayment.jsx","statementMap":{"0":{"start":{"line":8,"column":23},"end":{"line":262,"column":null}},"1":{"start":{"line":9,"column":38},"end":{"line":9,"column":null}},"2":{"start":{"line":10,"column":46},"end":{"line":10,"column":null}},"3":{"start":{"line":11,"column":24},"end":{"line":11,"column":null}},"4":{"start":{"line":12,"column":46},"end":{"line":12,"column":null}},"5":{"start":{"line":13,"column":28},"end":{"line":13,"column":null}},"6":{"start":{"line":14,"column":28},"end":{"line":14,"column":null}},"7":{"start":{"line":15,"column":28},"end":{"line":15,"column":null}},"8":{"start":{"line":16,"column":32},"end":{"line":16,"column":null}},"9":{"start":{"line":17,"column":36},"end":{"line":17,"column":null}},"10":{"start":{"line":18,"column":48},"end":{"line":18,"column":null}},"11":{"start":{"line":20,"column":25},"end":{"line":20,"column":null}},"12":{"start":{"line":21,"column":19},"end":{"line":21,"column":null}},"13":{"start":{"line":24,"column":2},"end":{"line":39,"column":null}},"14":{"start":{"line":25,"column":31},"end":{"line":36,"column":null}},"15":{"start":{"line":26,"column":6},"end":{"line":35,"column":null}},"16":{"start":{"line":27,"column":25},"end":{"line":27,"column":null}},"17":{"start":{"line":28,"column":8},"end":{"line":30,"column":null}},"18":{"start":{"line":29,"column":10},"end":{"line":29,"column":null}},"19":{"start":{"line":31,"column":21},"end":{"line":31,"column":null}},"20":{"start":{"line":32,"column":8},"end":{"line":32,"column":null}},"21":{"start":{"line":34,"column":8},"end":{"line":34,"column":null}},"22":{"start":{"line":38,"column":4},"end":{"line":38,"column":null}},"23":{"start":{"line":41,"column":32},"end":{"line":53,"column":null}},"24":{"start":{"line":55,"column":24},"end":{"line":55,"column":null}},"25":{"start":{"line":57,"column":30},"end":{"line":77,"column":null}},"26":{"start":{"line":58,"column":4},"end":{"line":60,"column":null}},"27":{"start":{"line":59,"column":6},"end":{"line":59,"column":null}},"28":{"start":{"line":61,"column":4},"end":{"line":63,"column":null}},"29":{"start":{"line":62,"column":6},"end":{"line":62,"column":null}},"30":{"start":{"line":64,"column":4},"end":{"line":66,"column":null}},"31":{"start":{"line":65,"column":6},"end":{"line":65,"column":null}},"32":{"start":{"line":67,"column":4},"end":{"line":69,"column":null}},"33":{"start":{"line":68,"column":6},"end":{"line":68,"column":null}},"34":{"start":{"line":70,"column":4},"end":{"line":72,"column":null}},"35":{"start":{"line":71,"column":6},"end":{"line":71,"column":null}},"36":{"start":{"line":73,"column":4},"end":{"line":75,"column":null}},"37":{"start":{"line":74,"column":6},"end":{"line":74,"column":null}},"38":{"start":{"line":76,"column":4},"end":{"line":76,"column":null}},"39":{"start":{"line":79,"column":24},"end":{"line":90,"column":null}},"40":{"start":{"line":80,"column":4},"end":{"line":80,"column":null}},"41":{"start":{"line":81,"column":21},"end":{"line":81,"column":null}},"42":{"start":{"line":82,"column":4},"end":{"line":89,"column":null}},"43":{"start":{"line":83,"column":6},"end":{"line":83,"column":null}},"44":{"start":{"line":84,"column":6},"end":{"line":84,"column":null}},"45":{"start":{"line":86,"column":6},"end":{"line":86,"column":null}},"46":{"start":{"line":87,"column":6},"end":{"line":87,"column":null}},"47":{"start":{"line":88,"column":6},"end":{"line":88,"column":null}},"48":{"start":{"line":92,"column":2},"end":{"line":107,"column":null}},"49":{"start":{"line":93,"column":4},"end":{"line":99,"column":null}},"50":{"start":{"line":101,"column":2},"end":{"line":107,"column":null}},"51":{"start":{"line":102,"column":4},"end":{"line":105,"column":null}},"52":{"start":{"line":109,"column":2},"end":{"line":260,"column":null}},"53":{"start":{"line":130,"column":18},"end":{"line":132,"column":null}},"54":{"start":{"line":155,"column":31},"end":{"line":155,"column":null}},"55":{"start":{"line":166,"column":31},"end":{"line":166,"column":null}},"56":{"start":{"line":217,"column":33},"end":{"line":217,"column":null}},"57":{"start":{"line":228,"column":33},"end":{"line":228,"column":null}},"58":{"start":{"line":239,"column":33},"end":{"line":239,"column":null}},"59":{"start":{"line":250,"column":33},"end":{"line":250,"column":null}}},"fnMap":{"0":{"name":"(anonymous_0)","decl":{"start":{"line":8,"column":23},"end":{"line":8,"column":29}},"loc":{"start":{"line":8,"column":29},"end":{"line":262,"column":null}}},"1":{"name":"(anonymous_1)","decl":{"start":{"line":24,"column":12},"end":{"line":24,"column":18}},"loc":{"start":{"line":24,"column":18},"end":{"line":39,"column":5}}},"2":{"name":"(anonymous_2)","decl":{"start":{"line":25,"column":31},"end":{"line":25,"column":43}},"loc":{"start":{"line":25,"column":43},"end":{"line":36,"column":null}}},"3":{"name":"(anonymous_3)","decl":{"start":{"line":57,"column":30},"end":{"line":57,"column":36}},"loc":{"start":{"line":57,"column":36},"end":{"line":77,"column":null}}},"4":{"name":"(anonymous_4)","decl":{"start":{"line":79,"column":24},"end":{"line":79,"column":25}},"loc":{"start":{"line":79,"column":31},"end":{"line":90,"column":null}}},"5":{"name":"(anonymous_5)","decl":{"start":{"line":129,"column":49},"end":{"line":129,"column":50}},"loc":{"start":{"line":130,"column":18},"end":{"line":132,"column":null}}},"6":{"name":"(anonymous_6)","decl":{"start":{"line":155,"column":24},"end":{"line":155,"column":25}},"loc":{"start":{"line":155,"column":31},"end":{"line":155,"column":null}}},"7":{"name":"(anonymous_7)","decl":{"start":{"line":166,"column":24},"end":{"line":166,"column":25}},"loc":{"start":{"line":166,"column":31},"end":{"line":166,"column":null}}},"8":{"name":"(anonymous_8)","decl":{"start":{"line":217,"column":26},"end":{"line":217,"column":27}},"loc":{"start":{"line":217,"column":33},"end":{"line":217,"column":null}}},"9":{"name":"(anonymous_9)","decl":{"start":{"line":228,"column":26},"end":{"line":228,"column":27}},"loc":{"start":{"line":228,"column":33},"end":{"line":228,"column":null}}},"10":{"name":"(anonymous_10)","decl":{"start":{"line":239,"column":26},"end":{"line":239,"column":27}},"loc":{"start":{"line":239,"column":33},"end":{"line":239,"column":null}}},"11":{"name":"(anonymous_11)","decl":{"start":{"line":250,"column":26},"end":{"line":250,"column":27}},"loc":{"start":{"line":250,"column":33},"end":{"line":250,"column":null}}}},"branchMap":{"0":{"loc":{"start":{"line":28,"column":8},"end":{"line":30,"column":null}},"type":"if","locations":[{"start":{"line":28,"column":8},"end":{"line":30,"column":null}},{"start":{},"end":{}}]},"1":{"loc":{"start":{"line":55,"column":24},"end":{"line":55,"column":null}},"type":"binary-expr","locations":[{"start":{"line":55,"column":24},"end":{"line":55,"column":45}},{"start":{"line":55,"column":45},"end":{"line":55,"column":null}}]},"2":{"loc":{"start":{"line":58,"column":4},"end":{"line":60,"column":null}},"type":"if","locations":[{"start":{"line":58,"column":4},"end":{"line":60,"column":null}},{"start":{},"end":{}}]},"3":{"loc":{"start":{"line":58,"column":8},"end":{"line":58,"column":55}},"type":"binary-expr","locations":[{"start":{"line":58,"column":8},"end":{"line":58,"column":36}},{"start":{"line":58,"column":36},"end":{"line":58,"column":55}}]},"4":{"loc":{"start":{"line":61,"column":4},"end":{"line":63,"column":null}},"type":"if","locations":[{"start":{"line":61,"column":4},"end":{"line":63,"column":null}},{"start":{},"end":{}}]},"5":{"loc":{"start":{"line":64,"column":4},"end":{"line":66,"column":null}},"type":"if","locations":[{"start":{"line":64,"column":4},"end":{"line":66,"column":null}},{"start":{},"end":{}}]},"6":{"loc":{"start":{"line":64,"column":8},"end":{"line":64,"column":40}},"type":"binary-expr","locations":[{"start":{"line":64,"column":8},"end":{"line":64,"column":28}},{"start":{"line":64,"column":28},"end":{"line":64,"column":40}}]},"7":{"loc":{"start":{"line":67,"column":4},"end":{"line":69,"column":null}},"type":"if","locations":[{"start":{"line":67,"column":4},"end":{"line":69,"column":null}},{"start":{},"end":{}}]},"8":{"loc":{"start":{"line":70,"column":4},"end":{"line":72,"column":null}},"type":"if","locations":[{"start":{"line":70,"column":4},"end":{"line":72,"column":null}},{"start":{},"end":{}}]},"9":{"loc":{"start":{"line":70,"column":8},"end":{"line":70,"column":74}},"type":"binary-expr","locations":[{"start":{"line":70,"column":8},"end":{"line":70,"column":31}},{"start":{"line":70,"column":31},"end":{"line":70,"column":74}}]},"10":{"loc":{"start":{"line":73,"column":4},"end":{"line":75,"column":null}},"type":"if","locations":[{"start":{"line":73,"column":4},"end":{"line":75,"column":null}},{"start":{},"end":{}}]},"11":{"loc":{"start":{"line":73,"column":8},"end":{"line":73,"column":45}},"type":"binary-expr","locations":[{"start":{"line":73,"column":8},"end":{"line":73,"column":31}},{"start":{"line":73,"column":31},"end":{"line":73,"column":45}}]},"12":{"loc":{"start":{"line":82,"column":4},"end":{"line":89,"column":null}},"type":"if","locations":[{"start":{"line":82,"column":4},"end":{"line":89,"column":null}},{"start":{"line":85,"column":11},"end":{"line":89,"column":null}}]},"13":{"loc":{"start":{"line":92,"column":2},"end":{"line":107,"column":null}},"type":"if","locations":[{"start":{"line":92,"column":2},"end":{"line":107,"column":null}},{"start":{"line":101,"column":2},"end":{"line":107,"column":null}}]},"14":{"loc":{"start":{"line":101,"column":2},"end":{"line":107,"column":null}},"type":"if","locations":[{"start":{"line":101,"column":2},"end":{"line":107,"column":null}},{"start":{},"end":{}}]},"15":{"loc":{"start":{"line":128,"column":15},"end":{"line":135,"column":null}},"type":"cond-expr","locations":[{"start":{"line":129,"column":16},"end":{"line":133,"column":null}},{"start":{"line":135,"column":16},"end":{"line":135,"column":null}}]},"16":{"loc":{"start":{"line":130,"column":49},"end":{"line":130,"column":null}},"type":"cond-expr","locations":[{"start":{"line":130,"column":66},"end":{"line":130,"column":80}},{"start":{"line":130,"column":80},"end":{"line":130,"column":null}}]},"17":{"loc":{"start":{"line":131,"column":33},"end":{"line":131,"column":null}},"type":"cond-expr","locations":[{"start":{"line":131,"column":50},"end":{"line":131,"column":66}},{"start":{"line":131,"column":66},"end":{"line":131,"column":null}}]},"18":{"loc":{"start":{"line":197,"column":15},"end":{"line":197,"column":null}},"type":"cond-expr","locations":[{"start":{"line":197,"column":28},"end":{"line":197,"column":67}},{"start":{"line":197,"column":67},"end":{"line":197,"column":null}}]},"19":{"loc":{"start":{"line":200,"column":42},"end":{"line":200,"column":78}},"type":"binary-expr","locations":[{"start":{"line":200,"column":42},"end":{"line":200,"column":60}},{"start":{"line":200,"column":60},"end":{"line":200,"column":78}}]},"20":{"loc":{"start":{"line":201,"column":44},"end":{"line":201,"column":70}},"type":"binary-expr","locations":[{"start":{"line":201,"column":44},"end":{"line":201,"column":62}},{"start":{"line":201,"column":62},"end":{"line":201,"column":70}}]},"21":{"loc":{"start":{"line":206,"column":9},"end":{"line":206,"column":null}},"type":"binary-expr","locations":[{"start":{"line":206,"column":9},"end":{"line":206,"column":18}},{"start":{"line":206,"column":18},"end":{"line":206,"column":null}}]},"22":{"loc":{"start":{"line":207,"column":9},"end":{"line":207,"column":null}},"type":"binary-expr","locations":[{"start":{"line":207,"column":9},"end":{"line":207,"column":20}},{"start":{"line":207,"column":20},"end":{"line":207,"column":null}}]}},"s":{"0":2,"1":6,"2":5,"3":5,"4":5,"5":5,"6":5,"7":5,"8":5,"9":5,"10":5,"11":5,"12":5,"13":5,"14":5,"15":5,"16":5,"17":2,"18":0,"19":2,"20":2,"21":3,"22":5,"23":5,"24":5,"25":5,"26":0,"27":0,"28":0,"29":0,"30":0,"31":0,"32":0,"33":0,"34":0,"35":0,"36":0,"37":0,"38":0,"39":5,"40":0,"41":0,"42":0,"43":0,"44":0,"45":0,"46":0,"47":0,"48":5,"49":0,"50":5,"51":0,"52":5,"53":10,"54":0,"55":0,"56":0,"57":0,"58":0,"59":0},"f":{"0":6,"1":5,"2":5,"3":0,"4":0,"5":10,"6":0,"7":0,"8":0,"9":0,"10":0,"11":0},"b":{"0":[0,2],"1":[5,5],"2":[0,0],"3":[0,0],"4":[0,0],"5":[0,0],"6":[0,0],"7":[0,0],"8":[0,0],"9":[0,0],"10":[0,0],"11":[0,0],"12":[0,0],"13":[0,5],"14":[0,5],"15":[5,0],"16":[5,5],"17":[5,5],"18":[0,5],"19":[5,5],"20":[5,5],"21":[5,0],"22":[5,0]}}
,"/home/nguyen1611/CISC327-QA-Project-Group-60-AA/src/frontend/src/pages/FlightBooking.jsx": {"path":"/home/nguyen1611/CISC327-QA-Project-Group-60-AA/src/frontend/src/pages/FlightBooking.jsx","statementMap":{"0":{"start":{"line":5,"column":22},"end":{"line":127,"column":null}},"1":{"start":{"line":6,"column":34},"end":{"line":6,"column":null}},"2":{"start":{"line":7,"column":38},"end":{"line":7,"column":null}},"3":{"start":{"line":8,"column":34},"end":{"line":8,"column":null}},"4":{"start":{"line":9,"column":34},"end":{"line":9,"column":null}},"5":{"start":{"line":10,"column":30},"end":{"line":10,"column":null}},"6":{"start":{"line":11,"column":32},"end":{"line":11,"column":null}},"7":{"start":{"line":12,"column":19},"end":{"line":12,"column":null}},"8":{"start":{"line":15,"column":2},"end":{"line":20,"column":null}},"9":{"start":{"line":16,"column":4},"end":{"line":19,"column":null}},"10":{"start":{"line":17,"column":24},"end":{"line":17,"column":39}},"11":{"start":{"line":18,"column":20},"end":{"line":18,"column":47}},"12":{"start":{"line":19,"column":22},"end":{"line":19,"column":69}},"13":{"start":{"line":23,"column":26},"end":{"line":37,"column":null}},"14":{"start":{"line":24,"column":22},"end":{"line":24,"column":null}},"15":{"start":{"line":25,"column":20},"end":{"line":25,"column":null}},"16":{"start":{"line":26,"column":23},"end":{"line":26,"column":null}},"17":{"start":{"line":27,"column":27},"end":{"line":27,"column":null}},"18":{"start":{"line":28,"column":25},"end":{"line":28,"column":null}},"19":{"start":{"line":30,"column":4},"end":{"line":35,"column":null}},"20":{"start":{"line":39,"column":26},"end":{"line":41,"column":null}},"21":{"start":{"line":40,"column":4},"end":{"line":40,"column":null}},"22":{"start":{"line":43,"column":2},"end":{"line":125,"column":null}},"23":{"start":{"line":48,"column":95},"end":{"line":48,"column":119}},"24":{"start":{"line":52,"column":98},"end":{"line":52,"column":125}},"25":{"start":{"line":56,"column":106},"end":{"line":56,"column":141}},"26":{"start":{"line":68,"column":29},"end":{"line":68,"column":null}},"27":{"start":{"line":74,"column":29},"end":{"line":74,"column":null}},"28":{"start":{"line":81,"column":29},"end":{"line":81,"column":null}},"29":{"start":{"line":88,"column":29},"end":{"line":88,"column":null}},"30":{"start":{"line":101,"column":10},"end":{"line":110,"column":null}},"31":{"start":{"line":108,"column":37},"end":{"line":108,"column":66}}},"fnMap":{"0":{"name":"(anonymous_0)","decl":{"start":{"line":5,"column":22},"end":{"line":5,"column":28}},"loc":{"start":{"line":5,"column":28},"end":{"line":127,"column":null}}},"1":{"name":"(anonymous_1)","decl":{"start":{"line":15,"column":12},"end":{"line":15,"column":18}},"loc":{"start":{"line":15,"column":18},"end":{"line":20,"column":5}}},"2":{"name":"(anonymous_2)","decl":{"start":{"line":17,"column":12},"end":{"line":17,"column":24}},"loc":{"start":{"line":17,"column":24},"end":{"line":17,"column":39}}},"3":{"name":"(anonymous_3)","decl":{"start":{"line":18,"column":12},"end":{"line":18,"column":20}},"loc":{"start":{"line":18,"column":20},"end":{"line":18,"column":47}}},"4":{"name":"(anonymous_4)","decl":{"start":{"line":19,"column":13},"end":{"line":19,"column":22}},"loc":{"start":{"line":19,"column":22},"end":{"line":19,"column":69}}},"5":{"name":"(anonymous_5)","decl":{"start":{"line":23,"column":41},"end":{"line":23,"column":51}},"loc":{"start":{"line":23,"column":51},"end":{"line":37,"column":3}}},"6":{"name":"(anonymous_6)","decl":{"start":{"line":39,"column":26},"end":{"line":39,"column":27}},"loc":{"start":{"line":39,"column":40},"end":{"line":41,"column":null}}},"7":{"name":"(anonymous_7)","decl":{"start":{"line":48,"column":89},"end":{"line":48,"column":95}},"loc":{"start":{"line":48,"column":95},"end":{"line":48,"column":119}}},"8":{"name":"(anonymous_8)","decl":{"start":{"line":52,"column":92},"end":{"line":52,"column":98}},"loc":{"start":{"line":52,"column":98},"end":{"line":52,"column":125}}},"9":{"name":"(anonymous_9)","decl":{"start":{"line":56,"column":100},"end":{"line":56,"column":106}},"loc":{"start":{"line":56,"column":106},"end":{"line":56,"column":141}}},"10":{"name":"(anonymous_10)","decl":{"start":{"line":68,"column":22},"end":{"line":68,"column":23}},"loc":{"start":{"line":68,"column":29},"end":{"line":68,"column":null}}},"11":{"name":"(anonymous_11)","decl":{"start":{"line":74,"column":22},"end":{"line":74,"column":23}},"loc":{"start":{"line":74,"column":29},"end":{"line":74,"column":null}}},"12":{"name":"(anonymous_12)","decl":{"start":{"line":81,"column":22},"end":{"line":81,"column":23}},"loc":{"start":{"line":81,"column":29},"end":{"line":81,"column":null}}},"13":{"name":"(anonymous_13)","decl":{"start":{"line":88,"column":22},"end":{"line":88,"column":23}},"loc":{"start":{"line":88,"column":29},"end":{"line":88,"column":null}}},"14":{"name":"(anonymous_14)","decl":{"start":{"line":100,"column":29},"end":{"line":100,"column":30}},"loc":{"start":{"line":101,"column":10},"end":{"line":110,"column":null}}},"15":{"name":"(anonymous_15)","decl":{"start":{"line":108,"column":31},"end":{"line":108,"column":37}},"loc":{"start":{"line":108,"column":37},"end":{"line":108,"column":66}}}},"branchMap":{"0":{"loc":{"start":{"line":31,"column":6},"end":{"line":35,"column":null}},"type":"binary-expr","locations":[{"start":{"line":31,"column":6},"end":{"line":31,"column":null}},{"start":{"line":32,"column":6},"end":{"line":32,"column":null}},{"start":{"line":33,"column":6},"end":{"line":33,"column":null}},{"start":{"line":34,"column":7},"end":{"line":34,"column":26}},{"start":{"line":34,"column":26},"end":{"line":34,"column":null}},{"start":{"line":35,"column":7},"end":{"line":35,"column":24}},{"start":{"line":35,"column":24},"end":{"line":35,"column":null}}]}},"s":{"0":0,"1":0,"2":0,"3":0,"4":0,"5":0,"6":0,"7":0,"8":0,"9":0,"10":0,"11":0,"12":0,"13":0,"14":0,"15":0,"16":0,"17":0,"18":0,"19":0,"20":0,"21":0,"22":0,"23":0,"24":0,"25":0,"26":0,"27":0,"28":0,"29":0,"30":0,"31":0},"f":{"0":0,"1":0,"2":0,"3":0,"4":0,"5":0,"6":0,"7":0,"8":0,"9":0,"10":0,"11":0,"12":0,"13":0,"14":0,"15":0},"b":{"0":[0,0,0,0,0,0,0]}}
,"/home/nguyen1611/CISC327-QA-Project-Group-60-AA/src/frontend/src/pages/NotFound.jsx": {"path":"/home/nguyen1611/CISC327-QA-Project-Group-60-AA/src/frontend/src/pages/NotFound.jsx","statementMap":{"0":{"start":{"line":1,"column":17},"end":{"line":3,"column":null}},"1":{"start":{"line":2,"column":2},"end":{"line":2,"column":null}}},"fnMap":{"0":{"name":"(anonymous_0)","decl":{"start":{"line":1,"column":17},"end":{"line":1,"column":23}},"loc":{"start":{"line":1,"column":23},"end":{"line":3,"column":null}}}},"branchMap":{},"s":{"0":0,"1":0},"f":{"0":0},"b":{}}
,"/home/nguyen1611/CISC327-QA-Project-Group-60-AA/src/frontend/src/pages/PaymentFailed.jsx": {"path":"/home/nguyen1611/CISC327-QA-Project-Group-60-AA/src/frontend/src/pages/PaymentFailed.jsx","statementMap":{"0":{"start":{"line":4,"column":22},"end":{"line":11,"column":null}},"1":{"start":{"line":5,"column":2},"end":{"line":9,"column":null}}},"fnMap":{"0":{"name":"(anonymous_0)","decl":{"start":{"line":4,"column":22},"end":{"line":4,"column":28}},"loc":{"start":{"line":4,"column":28},"end":{"line":11,"column":null}}}},"branchMap":{},"s":{"0":2,"1":0},"f":{"0":0},"b":{}}
,"/home/nguyen1611/CISC327-QA-Project-Group-60-AA/src/frontend/src/pages/PaymentSuccessfully.jsx": {"path":"/home/nguyen1611/CISC327-QA-Project-Group-60-AA/src/frontend/src/pages/PaymentSuccessfully.jsx","statementMap":{"0":{"start":{"line":5,"column":28},"end":{"line":12,"column":null}},"1":{"start":{"line":6,"column":2},"end":{"line":10,"column":null}}},"fnMap":{"0":{"name":"(anonymous_0)","decl":{"start":{"line":5,"column":28},"end":{"line":5,"column":34}},"loc":{"start":{"line":5,"column":34},"end":{"line":12,"column":null}}}},"branchMap":{},"s":{"0":2,"1":0},"f":{"0":0},"b":{}}
,"/home/nguyen1611/CISC327-QA-Project-Group-60-AA/src/frontend/src/pages/Register.jsx": {"path":"/home/nguyen1611/CISC327-QA-Project-Group-60-AA/src/frontend/src/pages/Register.jsx","statementMap":{"0":{"start":{"line":6,"column":17},"end":{"line":99,"column":null}},"1":{"start":{"line":9,"column":34},"end":{"line":15,"column":null}},"2":{"start":{"line":18,"column":32},"end":{"line":18,"column":null}},"3":{"start":{"line":19,"column":20},"end":{"line":19,"column":null}},"4":{"start":{"line":22,"column":23},"end":{"line":25,"column":null}},"5":{"start":{"line":23,"column":28},"end":{"line":23,"column":null}},"6":{"start":{"line":24,"column":4},"end":{"line":24,"column":null}},"7":{"start":{"line":28,"column":23},"end":{"line":31,"column":null}},"8":{"start":{"line":29,"column":23},"end":{"line":29,"column":null}},"9":{"start":{"line":30,"column":4},"end":{"line":30,"column":null}},"10":{"start":{"line":34,"column":25},"end":{"line":66,"column":null}},"11":{"start":{"line":36,"column":4},"end":{"line":39,"column":null}},"12":{"start":{"line":37,"column":6},"end":{"line":37,"column":null}},"13":{"start":{"line":38,"column":6},"end":{"line":38,"column":null}},"14":{"start":{"line":40,"column":4},"end":{"line":43,"column":null}},"15":{"start":{"line":41,"column":6},"end":{"line":41,"column":null}},"16":{"start":{"line":42,"column":6},"end":{"line":42,"column":null}},"17":{"start":{"line":44,"column":4},"end":{"line":65,"column":null}},"18":{"start":{"line":46,"column":23},"end":{"line":52,"column":null}},"19":{"start":{"line":54,"column":19},"end":{"line":54,"column":null}},"20":{"start":{"line":57,"column":6},"end":{"line":62,"column":null}},"21":{"start":{"line":58,"column":8},"end":{"line":58,"column":null}},"22":{"start":{"line":59,"column":8},"end":{"line":59,"column":null}},"23":{"start":{"line":61,"column":8},"end":{"line":61,"column":null}},"24":{"start":{"line":64,"column":6},"end":{"line":64,"column":null}},"25":{"start":{"line":69,"column":2},"end":{"line":97,"column":null}}},"fnMap":{"0":{"name":"(anonymous_0)","decl":{"start":{"line":6,"column":17},"end":{"line":6,"column":23}},"loc":{"start":{"line":6,"column":23},"end":{"line":99,"column":null}}},"1":{"name":"(anonymous_1)","decl":{"start":{"line":22,"column":23},"end":{"line":22,"column":24}},"loc":{"start":{"line":22,"column":30},"end":{"line":25,"column":null}}},"2":{"name":"(anonymous_2)","decl":{"start":{"line":28,"column":23},"end":{"line":28,"column":24}},"loc":{"start":{"line":28,"column":34},"end":{"line":31,"column":null}}},"3":{"name":"(anonymous_3)","decl":{"start":{"line":34,"column":25},"end":{"line":34,"column":37}},"loc":{"start":{"line":34,"column":37},"end":{"line":66,"column":null}}}},"branchMap":{"0":{"loc":{"start":{"line":36,"column":4},"end":{"line":39,"column":null}},"type":"if","locations":[{"start":{"line":36,"column":4},"end":{"line":39,"column":null}},{"start":{},"end":{}}]},"1":{"loc":{"start":{"line":40,"column":4},"end":{"line":43,"column":null}},"type":"if","locations":[{"start":{"line":40,"column":4},"end":{"line":43,"column":null}},{"start":{},"end":{}}]},"2":{"loc":{"start":{"line":57,"column":6},"end":{"line":62,"column":null}},"type":"if","locations":[{"start":{"line":57,"column":6},"end":{"line":62,"column":null}},{"start":{"line":60,"column":13},"end":{"line":62,"column":null}}]},"3":{"loc":{"start":{"line":95,"column":9},"end":{"line":95,"column":null}},"type":"binary-expr","locations":[{"start":{"line":95,"column":9},"end":{"line":95,"column":20}},{"start":{"line":95,"column":20},"end":{"line":95,"column":null}}]}},"s":{"0":1,"1":19,"2":19,"3":19,"4":19,"5":11,"6":11,"7":19,"8":2,"9":2,"10":19,"11":3,"12":1,"13":1,"14":2,"15":0,"16":0,"17":2,"18":2,"19":2,"20":2,"21":1,"22":1,"23":1,"24":0,"25":19},"f":{"0":19,"1":11,"2":2,"3":3},"b":{"0":[1,2],"1":[0,2],"2":[1,1],"3":[19,3]}}
,"/home/nguyen1611/CISC327-QA-Project-Group-60-AA/src/frontend/src/pages/SignIn.jsx": {"path":"/home/nguyen1611/CISC327-QA-Project-Group-60-AA/src/frontend/src/pages/SignIn.jsx","statementMap":{"0":{"start":{"line":7,"column":15},"end":{"line":65,"column":null}},"1":{"start":{"line":10,"column":28},"end":{"line":10,"column":null}},"2":{"start":{"line":11,"column":34},"end":{"line":11,"column":null}},"3":{"start":{"line":12,"column":32},"end":{"line":12,"column":null}},"4":{"start":{"line":13,"column":20},"end":{"line":13,"column":null}},"5":{"start":{"line":14,"column":19},"end":{"line":14,"column":null}},"6":{"start":{"line":17,"column":23},"end":{"line":41,"column":null}},"7":{"start":{"line":18,"column":4},"end":{"line":40,"column":null}},"8":{"start":{"line":20,"column":23},"end":{"line":26,"column":null}},"9":{"start":{"line":28,"column":19},"end":{"line":28,"column":null}},"10":{"start":{"line":31,"column":6},"end":{"line":37,"column":null}},"11":{"start":{"line":32,"column":8},"end":{"line":32,"column":null}},"12":{"start":{"line":33,"column":8},"end":{"line":33,"column":null}},"13":{"start":{"line":34,"column":8},"end":{"line":34,"column":null}},"14":{"start":{"line":36,"column":8},"end":{"line":36,"column":null}},"15":{"start":{"line":39,"column":6},"end":{"line":39,"column":null}},"16":{"start":{"line":44,"column":2},"end":{"line":63,"column":null}},"17":{"start":{"line":52,"column":27},"end":{"line":52,"column":null}},"18":{"start":{"line":58,"column":27},"end":{"line":58,"column":null}}},"fnMap":{"0":{"name":"(anonymous_0)","decl":{"start":{"line":7,"column":15},"end":{"line":7,"column":21}},"loc":{"start":{"line":7,"column":21},"end":{"line":65,"column":null}}},"1":{"name":"(anonymous_1)","decl":{"start":{"line":17,"column":23},"end":{"line":17,"column":35}},"loc":{"start":{"line":17,"column":35},"end":{"line":41,"column":null}}},"2":{"name":"(anonymous_2)","decl":{"start":{"line":52,"column":20},"end":{"line":52,"column":21}},"loc":{"start":{"line":52,"column":27},"end":{"line":52,"column":null}}},"3":{"name":"(anonymous_3)","decl":{"start":{"line":58,"column":20},"end":{"line":58,"column":21}},"loc":{"start":{"line":58,"column":27},"end":{"line":58,"column":null}}}},"branchMap":{"0":{"loc":{"start":{"line":31,"column":6},"end":{"line":37,"column":null}},"type":"if","locations":[{"start":{"line":31,"column":6},"end":{"line":37,"column":null}},{"start":{"line":35,"column":13},"end":{"line":37,"column":null}}]},"1":{"loc":{"start":{"line":61,"column":9},"end":{"line":61,"column":null}},"type":"binary-expr","locations":[{"start":{"line":61,"column":9},"end":{"line":61,"column":20}},{"start":{"line":61,"column":20},"end":{"line":61,"column":null}}]}},"s":{"0":1,"1":12,"2":12,"3":12,"4":12,"5":12,"6":12,"7":2,"8":2,"9":2,"10":2,"11":1,"12":1,"13":1,"14":1,"15":0,"16":12,"17":3,"18":3},"f":{"0":12,"1":2,"2":3,"3":3},"b":{"0":[1,1],"1":[12,2]}}
}
