{"/home/nguyen1611/CISC327-QA-Project-Group-60-AA/src/frontend/src/pages/BookingPayment.jsx":{"path":"/home/nguyen1611/CISC327-QA-Project-Group-60-AA/src/frontend/src/pages/BookingPayment.jsx","statementMap":{"0":{"start":{"line":3,"column":49},"end":{"line":3,"column":316}},"1":{"start":{"line":3,"column":149},"end":{"line":3,"column":165}},"2":{"start":{"line":3,"column":185},"end":{"line":3,"column":301}},"3":{"start":{"line":4,"column":0},"end":{"line":6,"column":3}},"4":{"start":{"line":7,"column":0},"end":{"line":7,"column":28}},"5":{"start":{"line":8,"column":13},"end":{"line":8,"column":29}},"6":{"start":{"line":9,"column":22},"end":{"line":9,"column":49}},"7":{"start":{"line":10,"column":0},"end":{"line":10,"column":40}},"8":{"start":{"line":11,"column":27},"end":{"line":11,"column":94}},"9":{"start":{"line":12,"column":21},"end":{"line":12,"column":82}},"10":{"start":{"line":13,"column":37},"end":{"line":13,"column":85}},"11":{"start":{"line":14,"column":196},"end":{"line":14,"column":263}},"12":{"start":{"line":14,"column":251},"end":{"line":14,"column":260}},"13":{"start":{"line":14,"column":275},"end":{"line":14,"column":277}},"14":{"start":{"line":14,"column":283},"end":{"line":14,"column":299}},"15":{"start":{"line":14,"column":305},"end":{"line":14,"column":321}},"16":{"start":{"line":14,"column":327},"end":{"line":14,"column":390}},"17":{"start":{"line":14,"column":373},"end":{"line":14,"column":388}},"18":{"start":{"line":14,"column":396},"end":{"line":14,"column":437}},"19":{"start":{"line":14,"column":443},"end":{"line":14,"column":469}},"20":{"start":{"line":14,"column":475},"end":{"line":14,"column":511}},"21":{"start":{"line":14,"column":517},"end":{"line":14,"column":549}},"22":{"start":{"line":14,"column":578},"end":{"line":14,"column":681}},"23":{"start":{"line":14,"column":684},"end":{"line":14,"column":777}},"24":{"start":{"line":14,"column":690},"end":{"line":14,"column":705}},"25":{"start":{"line":14,"column":720},"end":{"line":14,"column":775}},"26":{"start":{"line":14,"column":756},"end":{"line":14,"column":772}},"27":{"start":{"line":14,"column":814},"end":{"line":14,"column":867}},"28":{"start":{"line":14,"column":873},"end":{"line":14,"column":899}},"29":{"start":{"line":14,"column":905},"end":{"line":14,"column":925}},"30":{"start":{"line":14,"column":927},"end":{"line":14,"column":991}},"31":{"start":{"line":14,"column":1023},"end":{"line":14,"column":1124}},"32":{"start":{"line":14,"column":1029},"end":{"line":14,"column":1074}},"33":{"start":{"line":14,"column":1089},"end":{"line":14,"column":1122}},"34":{"start":{"line":14,"column":1127},"end":{"line":14,"column":1141}},"35":{"start":{"line":14,"column":1150},"end":{"line":14,"column":1166}},"36":{"start":{"line":14,"column":1172},"end":{"line":14,"column":1188}},"37":{"start":{"line":14,"column":1194},"end":{"line":14,"column":1205}},"38":{"start":{"line":14,"column":1211},"end":{"line":14,"column":1222}},"39":{"start":{"line":14,"column":1228},"end":{"line":14,"column":1230}},"40":{"start":{"line":14,"column":1337},"end":{"line":14,"column":1339}},"41":{"start":{"line":14,"column":1341},"end":{"line":14,"column":1384}},"42":{"start":{"line":14,"column":1368},"end":{"line":14,"column":1380}},"43":{"start":{"line":14,"column":1393},"end":{"line":14,"column":1414}},"44":{"start":{"line":14,"column":1420},"end":{"line":14,"column":1441}},"45":{"start":{"line":14,"column":1443},"end":{"line":14,"column":1483}},"46":{"start":{"line":14,"column":1492},"end":{"line":14,"column":1569}},"47":{"start":{"line":14,"column":1607},"end":{"line":14,"column":1720}},"48":{"start":{"line":14,"column":1658},"end":{"line":14,"column":1716}},"49":{"start":{"line":14,"column":1686},"end":{"line":14,"column":1712}},"50":{"start":{"line":14,"column":1792},"end":{"line":14,"column":1812}},"51":{"start":{"line":14,"column":1814},"end":{"line":14,"column":2152}},"52":{"start":{"line":14,"column":1848},"end":{"line":14,"column":1853}},"53":{"start":{"line":14,"column":1859},"end":{"line":14,"column":1866}},"54":{"start":{"line":14,"column":1868},"end":{"line":14,"column":2150}},"55":{"start":{"line":14,"column":1970},"end":{"line":14,"column":1994}},"56":{"start":{"line":14,"column":2013},"end":{"line":14,"column":2038}},"57":{"start":{"line":14,"column":2077},"end":{"line":14,"column":2095}},"58":{"start":{"line":14,"column":2114},"end":{"line":14,"column":2146}},"59":{"start":{"line":14,"column":2153},"end":{"line":14,"column":2162}},"60":{"start":{"line":14,"column":2172},"end":{"line":14,"column":2435}},"61":{"start":{"line":14,"column":2263},"end":{"line":14,"column":2317}},"62":{"start":{"line":14,"column":2294},"end":{"line":14,"column":2313}},"63":{"start":{"line":14,"column":2320},"end":{"line":14,"column":2429}},"64":{"start":{"line":14,"column":2483},"end":{"line":14,"column":2484}},"65":{"start":{"line":14,"column":2486},"end":{"line":14,"column":3211}},"66":{"start":{"line":14,"column":2511},"end":{"line":14,"column":2568}},"67":{"start":{"line":14,"column":2524},"end":{"line":14,"column":2568}},"68":{"start":{"line":14,"column":2569},"end":{"line":14,"column":2644}},"69":{"start":{"line":14,"column":2584},"end":{"line":14,"column":2611}},"70":{"start":{"line":14,"column":2603},"end":{"line":14,"column":2611}},"71":{"start":{"line":14,"column":2612},"end":{"line":14,"column":2642}},"72":{"start":{"line":14,"column":2645},"end":{"line":14,"column":3208}},"73":{"start":{"line":14,"column":2687},"end":{"line":14,"column":2697}},"74":{"start":{"line":14,"column":2699},"end":{"line":14,"column":2788}},"75":{"start":{"line":14,"column":2716},"end":{"line":14,"column":2741}},"76":{"start":{"line":14,"column":2743},"end":{"line":14,"column":2786}},"77":{"start":{"line":14,"column":2752},"end":{"line":14,"column":2774}},"78":{"start":{"line":14,"column":2765},"end":{"line":14,"column":2774}},"79":{"start":{"line":14,"column":2775},"end":{"line":14,"column":2784}},"80":{"start":{"line":14,"column":2789},"end":{"line":14,"column":2991}},"81":{"start":{"line":14,"column":2814},"end":{"line":14,"column":2839}},"82":{"start":{"line":14,"column":2844},"end":{"line":14,"column":2991}},"83":{"start":{"line":14,"column":2872},"end":{"line":14,"column":2904}},"84":{"start":{"line":14,"column":2885},"end":{"line":14,"column":2904}},"85":{"start":{"line":14,"column":2905},"end":{"line":14,"column":2932}},"86":{"start":{"line":14,"column":2940},"end":{"line":14,"column":2991}},"87":{"start":{"line":14,"column":2992},"end":{"line":14,"column":2998}},"88":{"start":{"line":14,"column":3007},"end":{"line":14,"column":3024}},"89":{"start":{"line":14,"column":3026},"end":{"line":14,"column":3140}},"90":{"start":{"line":14,"column":3053},"end":{"line":14,"column":3099}},"91":{"start":{"line":14,"column":3090},"end":{"line":14,"column":3099}},"92":{"start":{"line":14,"column":3100},"end":{"line":14,"column":3138}},"93":{"start":{"line":14,"column":3141},"end":{"line":14,"column":3206}},"94":{"start":{"line":14,"column":3259},"end":{"line":14,"column":3267}},"95":{"start":{"line":14,"column":3273},"end":{"line":14,"column":3286}},"96":{"start":{"line":14,"column":3288},"end":{"line":14,"column":3572}},"97":{"start":{"line":14,"column":3301},"end":{"line":14,"column":3572}},"98":{"start":{"line":14,"column":3581},"end":{"line":14,"column":3611}},"99":{"start":{"line":14,"column":3613},"end":{"line":14,"column":3700}},"100":{"start":{"line":14,"column":3637},"end":{"line":14,"column":3700}},"101":{"start":{"line":14,"column":3709},"end":{"line":14,"column":3714}},"102":{"start":{"line":14,"column":3716},"end":{"line":14,"column":3971}},"103":{"start":{"line":14,"column":4009},"end":{"line":14,"column":4025}},"104":{"start":{"line":14,"column":4027},"end":{"line":14,"column":4134}},"105":{"start":{"line":14,"column":4173},"end":{"line":14,"column":4191}},"106":{"start":{"line":14,"column":4193},"end":{"line":14,"column":4243}},"107":{"start":{"line":14,"column":4268},"end":{"line":14,"column":4354}},"108":{"start":{"line":14,"column":4378},"end":{"line":14,"column":4699}},"109":{"start":{"line":14,"column":4407},"end":{"line":14,"column":4411}},"110":{"start":{"line":14,"column":4413},"end":{"line":14,"column":4437}},"111":{"start":{"line":14,"column":4420},"end":{"line":14,"column":4437}},"112":{"start":{"line":14,"column":4438},"end":{"line":14,"column":4480}},"113":{"start":{"line":14,"column":4471},"end":{"line":14,"column":4480}},"114":{"start":{"line":14,"column":4481},"end":{"line":14,"column":4697}},"115":{"start":{"line":14,"column":4513},"end":{"line":14,"column":4515}},"116":{"start":{"line":14,"column":4521},"end":{"line":14,"column":4675}},"117":{"start":{"line":14,"column":4539},"end":{"line":14,"column":4628}},"118":{"start":{"line":14,"column":4563},"end":{"line":14,"column":4628}},"119":{"start":{"line":14,"column":4581},"end":{"line":14,"column":4628}},"120":{"start":{"line":14,"column":4629},"end":{"line":14,"column":4673}},"121":{"start":{"line":14,"column":4677},"end":{"line":14,"column":4695}},"122":{"start":{"line":14,"column":4700},"end":{"line":14,"column":4753}},"123":{"start":{"line":14,"column":4756},"end":{"line":14,"column":9047}},"124":{"start":{"line":14,"column":5132},"end":{"line":14,"column":5171}},"125":{"start":{"line":14,"column":5173},"end":{"line":14,"column":5266}},"126":{"start":{"line":14,"column":5294},"end":{"line":14,"column":5493}},"127":{"start":{"line":14,"column":5522},"end":{"line":14,"column":5544}},"128":{"start":{"line":14,"column":5645},"end":{"line":14,"column":5657}},"129":{"start":{"line":14,"column":5732},"end":{"line":14,"column":5762}},"130":{"start":{"line":14,"column":5771},"end":{"line":14,"column":5809}},"131":{"start":{"line":14,"column":5811},"end":{"line":14,"column":5917}},"132":{"start":{"line":14,"column":5878},"end":{"line":14,"column":5913}},"133":{"start":{"line":14,"column":6001},"end":{"line":14,"column":6013}},"134":{"start":{"line":14,"column":6054},"end":{"line":14,"column":6082}},"135":{"start":{"line":14,"column":6119},"end":{"line":14,"column":6128}},"136":{"start":{"line":14,"column":6134},"end":{"line":14,"column":6136}},"137":{"start":{"line":14,"column":6138},"end":{"line":14,"column":6165}},"138":{"start":{"line":14,"column":6155},"end":{"line":14,"column":6165}},"139":{"start":{"line":14,"column":6166},"end":{"line":14,"column":6331}},"140":{"start":{"line":14,"column":6204},"end":{"line":14,"column":6299}},"141":{"start":{"line":14,"column":6232},"end":{"line":14,"column":6239}},"142":{"start":{"line":14,"column":6241},"end":{"line":14,"column":6297}},"143":{"start":{"line":14,"column":6253},"end":{"line":14,"column":6297}},"144":{"start":{"line":14,"column":6300},"end":{"line":14,"column":6328}},"145":{"start":{"line":14,"column":6425},"end":{"line":14,"column":6704}},"146":{"start":{"line":14,"column":6605},"end":{"line":14,"column":6704}},"147":{"start":{"line":14,"column":6625},"end":{"line":14,"column":6704}},"148":{"start":{"line":14,"column":6732},"end":{"line":14,"column":6747}},"149":{"start":{"line":14,"column":6756},"end":{"line":14,"column":6785}},"150":{"start":{"line":14,"column":6787},"end":{"line":14,"column":6823}},"151":{"start":{"line":14,"column":6811},"end":{"line":14,"column":6823}},"152":{"start":{"line":14,"column":6824},"end":{"line":14,"column":6841}},"153":{"start":{"line":14,"column":6896},"end":{"line":14,"column":6919}},"154":{"start":{"line":14,"column":6911},"end":{"line":14,"column":6919}},"155":{"start":{"line":14,"column":6928},"end":{"line":14,"column":6932}},"156":{"start":{"line":14,"column":6958},"end":{"line":14,"column":7047}},"157":{"start":{"line":14,"column":7050},"end":{"line":14,"column":7631}},"158":{"start":{"line":14,"column":7063},"end":{"line":14,"column":7089}},"159":{"start":{"line":14,"column":7114},"end":{"line":14,"column":7132}},"160":{"start":{"line":14,"column":7138},"end":{"line":14,"column":7150}},"161":{"start":{"line":14,"column":7152},"end":{"line":14,"column":7198}},"162":{"start":{"line":14,"column":7177},"end":{"line":14,"column":7198}},"163":{"start":{"line":14,"column":7199},"end":{"line":14,"column":7629}},"164":{"start":{"line":14,"column":7236},"end":{"line":14,"column":7257}},"165":{"start":{"line":14,"column":7263},"end":{"line":14,"column":7286}},"166":{"start":{"line":14,"column":7288},"end":{"line":14,"column":7627}},"167":{"start":{"line":14,"column":7302},"end":{"line":14,"column":7360}},"168":{"start":{"line":14,"column":7330},"end":{"line":14,"column":7360}},"169":{"start":{"line":14,"column":7361},"end":{"line":14,"column":7419}},"170":{"start":{"line":14,"column":7391},"end":{"line":14,"column":7419}},"171":{"start":{"line":14,"column":7427},"end":{"line":14,"column":7627}},"172":{"start":{"line":14,"column":7436},"end":{"line":14,"column":7494}},"173":{"start":{"line":14,"column":7464},"end":{"line":14,"column":7494}},"174":{"start":{"line":14,"column":7504},"end":{"line":14,"column":7566}},"175":{"start":{"line":14,"column":7512},"end":{"line":14,"column":7566}},"176":{"start":{"line":14,"column":7567},"end":{"line":14,"column":7625}},"177":{"start":{"line":14,"column":7597},"end":{"line":14,"column":7625}},"178":{"start":{"line":14,"column":7667},"end":{"line":14,"column":7856}},"179":{"start":{"line":14,"column":7680},"end":{"line":14,"column":7706}},"180":{"start":{"line":14,"column":7731},"end":{"line":14,"column":7749}},"181":{"start":{"line":14,"column":7751},"end":{"line":14,"column":7854}},"182":{"start":{"line":14,"column":7843},"end":{"line":14,"column":7844}},"183":{"start":{"line":14,"column":7846},"end":{"line":14,"column":7852}},"184":{"start":{"line":14,"column":7857},"end":{"line":14,"column":7950}},"185":{"start":{"line":14,"column":7959},"end":{"line":14,"column":7980}},"186":{"start":{"line":14,"column":7982},"end":{"line":14,"column":8087}},"187":{"start":{"line":14,"column":8127},"end":{"line":14,"column":8163}},"188":{"start":{"line":14,"column":8151},"end":{"line":14,"column":8163}},"189":{"start":{"line":14,"column":8164},"end":{"line":14,"column":8382}},"190":{"start":{"line":14,"column":8415},"end":{"line":14,"column":8593}},"191":{"start":{"line":14,"column":8428},"end":{"line":14,"column":8454}},"192":{"start":{"line":14,"column":8479},"end":{"line":14,"column":8497}},"193":{"start":{"line":14,"column":8499},"end":{"line":14,"column":8591}},"194":{"start":{"line":14,"column":8523},"end":{"line":14,"column":8591}},"195":{"start":{"line":14,"column":8627},"end":{"line":14,"column":8829}},"196":{"start":{"line":14,"column":8640},"end":{"line":14,"column":8666}},"197":{"start":{"line":14,"column":8691},"end":{"line":14,"column":8709}},"198":{"start":{"line":14,"column":8711},"end":{"line":14,"column":8827}},"199":{"start":{"line":14,"column":8741},"end":{"line":14,"column":8753}},"200":{"start":{"line":14,"column":8755},"end":{"line":14,"column":8815}},"201":{"start":{"line":14,"column":8789},"end":{"line":14,"column":8794}},"202":{"start":{"line":14,"column":8796},"end":{"line":14,"column":8813}},"203":{"start":{"line":14,"column":8816},"end":{"line":14,"column":8825}},"204":{"start":{"line":14,"column":8830},"end":{"line":14,"column":8867}},"205":{"start":{"line":14,"column":8920},"end":{"line":14,"column":9039}},"206":{"start":{"line":15,"column":51},"end":{"line":15,"column":120}},"207":{"start":{"line":15,"column":65},"end":{"line":15,"column":72}},"208":{"start":{"line":15,"column":78},"end":{"line":15,"column":85}},"209":{"start":{"line":15,"column":101},"end":{"line":15,"column":118}},"210":{"start":{"line":15,"column":121},"end":{"line":15,"column":167}},"211":{"start":{"line":16,"column":32},"end":{"line":16,"column":319}},"212":{"start":{"line":16,"column":61},"end":{"line":16,"column":65}},"213":{"start":{"line":16,"column":71},"end":{"line":16,"column":80}},"214":{"start":{"line":16,"column":82},"end":{"line":16,"column":316}},"215":{"start":{"line":16,"column":127},"end":{"line":16,"column":140}},"216":{"start":{"line":16,"column":162},"end":{"line":16,"column":216}},"217":{"start":{"line":16,"column":240},"end":{"line":16,"column":295}},"218":{"start":{"line":16,"column":298},"end":{"line":16,"column":312}},"219":{"start":{"line":17,"column":32},"end":{"line":17,"column":148}},"220":{"start":{"line":18,"column":30},"end":{"line":18,"column":191}},"221":{"start":{"line":19,"column":45},"end":{"line":19,"column":376}},"222":{"start":{"line":19,"column":54},"end":{"line":19,"column":111}},"223":{"start":{"line":19,"column":80},"end":{"line":19,"column":111}},"224":{"start":{"line":19,"column":120},"end":{"line":19,"column":152}},"225":{"start":{"line":19,"column":154},"end":{"line":19,"column":374}},"226":{"start":{"line":20,"column":35},"end":{"line":20,"column":81}},"227":{"start":{"line":20,"column":82},"end":{"line":20,"column":136}},"228":{"start":{"line":20,"column":95},"end":{"line":20,"column":96}},"229":{"start":{"line":20,"column":102},"end":{"line":20,"column":110}},"230":{"start":{"line":20,"column":124},"end":{"line":20,"column":136}},"231":{"start":{"line":20,"column":137},"end":{"line":20,"column":146}},"232":{"start":{"line":21,"column":47},"end":{"line":21,"column":135}},"233":{"start":{"line":21,"column":137},"end":{"line":21,"column":536}},"234":{"start":{"line":21,"column":174},"end":{"line":21,"column":176}},"235":{"start":{"line":21,"column":182},"end":{"line":21,"column":184}},"236":{"start":{"line":21,"column":190},"end":{"line":21,"column":192}},"237":{"start":{"line":21,"column":194},"end":{"line":21,"column":524}},"238":{"start":{"line":21,"column":200},"end":{"line":21,"column":366}},"239":{"start":{"line":21,"column":241},"end":{"line":21,"column":269}},"240":{"start":{"line":21,"column":262},"end":{"line":21,"column":269}},"241":{"start":{"line":21,"column":270},"end":{"line":21,"column":277}},"242":{"start":{"line":21,"column":285},"end":{"line":21,"column":366}},"243":{"start":{"line":21,"column":381},"end":{"line":21,"column":395}},"244":{"start":{"line":21,"column":408},"end":{"line":21,"column":522}},"245":{"start":{"line":21,"column":414},"end":{"line":21,"column":492}},"246":{"start":{"line":21,"column":485},"end":{"line":21,"column":492}},"247":{"start":{"line":21,"column":505},"end":{"line":21,"column":520}},"248":{"start":{"line":21,"column":512},"end":{"line":21,"column":520}},"249":{"start":{"line":21,"column":525},"end":{"line":21,"column":534}},"250":{"start":{"line":22,"column":30},"end":{"line":22,"column":61}},"251":{"start":{"line":22,"column":52},"end":{"line":22,"column":61}},"252":{"start":{"line":23,"column":21},"end":{"line":335,"column":1}},"253":{"start":{"line":24,"column":18},"end":{"line":24,"column":42}},"254":{"start":{"line":25,"column":17},"end":{"line":25,"column":45}},"255":{"start":{"line":26,"column":17},"end":{"line":26,"column":30}},"256":{"start":{"line":27,"column":20},"end":{"line":27,"column":33}},"257":{"start":{"line":28,"column":19},"end":{"line":28,"column":43}},"258":{"start":{"line":29,"column":17},"end":{"line":29,"column":46}},"259":{"start":{"line":30,"column":21},"end":{"line":30,"column":34}},"260":{"start":{"line":31,"column":24},"end":{"line":31,"column":37}},"261":{"start":{"line":32,"column":19},"end":{"line":32,"column":43}},"262":{"start":{"line":33,"column":17},"end":{"line":33,"column":46}},"263":{"start":{"line":34,"column":10},"end":{"line":34,"column":23}},"264":{"start":{"line":35,"column":13},"end":{"line":35,"column":26}},"265":{"start":{"line":36,"column":19},"end":{"line":36,"column":43}},"266":{"start":{"line":37,"column":17},"end":{"line":37,"column":46}},"267":{"start":{"line":38,"column":21},"end":{"line":38,"column":34}},"268":{"start":{"line":39,"column":24},"end":{"line":39,"column":37}},"269":{"start":{"line":40,"column":19},"end":{"line":40,"column":43}},"270":{"start":{"line":41,"column":18},"end":{"line":41,"column":47}},"271":{"start":{"line":42,"column":12},"end":{"line":42,"column":26}},"272":{"start":{"line":43,"column":15},"end":{"line":43,"column":29}},"273":{"start":{"line":44,"column":20},"end":{"line":44,"column":44}},"274":{"start":{"line":45,"column":18},"end":{"line":45,"column":48}},"275":{"start":{"line":46,"column":12},"end":{"line":46,"column":26}},"276":{"start":{"line":47,"column":15},"end":{"line":47,"column":29}},"277":{"start":{"line":48,"column":20},"end":{"line":48,"column":44}},"278":{"start":{"line":49,"column":18},"end":{"line":49,"column":48}},"279":{"start":{"line":50,"column":12},"end":{"line":50,"column":26}},"280":{"start":{"line":51,"column":15},"end":{"line":51,"column":29}},"281":{"start":{"line":52,"column":20},"end":{"line":52,"column":47}},"282":{"start":{"line":53,"column":18},"end":{"line":53,"column":48}},"283":{"start":{"line":54,"column":14},"end":{"line":54,"column":28}},"284":{"start":{"line":55,"column":17},"end":{"line":55,"column":31}},"285":{"start":{"line":56,"column":20},"end":{"line":56,"column":47}},"286":{"start":{"line":57,"column":18},"end":{"line":57,"column":48}},"287":{"start":{"line":58,"column":16},"end":{"line":58,"column":30}},"288":{"start":{"line":59,"column":19},"end":{"line":59,"column":33}},"289":{"start":{"line":60,"column":20},"end":{"line":60,"column":46}},"290":{"start":{"line":61,"column":18},"end":{"line":61,"column":48}},"291":{"start":{"line":62,"column":24},"end":{"line":62,"column":38}},"292":{"start":{"line":63,"column":23},"end":{"line":63,"column":37}},"293":{"start":{"line":65,"column":25},"end":{"line":65,"column":63}},"294":{"start":{"line":66,"column":24},"end":{"line":66,"column":59}},"295":{"start":{"line":67,"column":19},"end":{"line":67,"column":39}},"296":{"start":{"line":68,"column":17},"end":{"line":68,"column":39}},"297":{"start":{"line":71,"column":2},"end":{"line":111,"column":17}},"298":{"start":{"line":72,"column":42},"end":{"line":109,"column":7}},"299":{"start":{"line":73,"column":17},"end":{"line":105,"column":9}},"300":{"start":{"line":75,"column":8},"end":{"line":104,"column":37}},"301":{"start":{"line":76,"column":10},"end":{"line":103,"column":11}},"302":{"start":{"line":76,"column":20},"end":{"line":103,"column":11}},"303":{"start":{"line":78,"column":14},"end":{"line":78,"column":32}},"304":{"start":{"line":79,"column":14},"end":{"line":79,"column":32}},"305":{"start":{"line":80,"column":14},"end":{"line":80,"column":81}},"306":{"start":{"line":82,"column":14},"end":{"line":82,"column":39}},"307":{"start":{"line":83,"column":14},"end":{"line":86,"column":15}},"308":{"start":{"line":84,"column":16},"end":{"line":84,"column":34}},"309":{"start":{"line":85,"column":16},"end":{"line":85,"column":22}},"310":{"start":{"line":87,"column":14},"end":{"line":87,"column":64}},"311":{"start":{"line":89,"column":14},"end":{"line":89,"column":32}},"312":{"start":{"line":90,"column":14},"end":{"line":90,"column":37}},"313":{"start":{"line":92,"column":14},"end":{"line":92,"column":35}},"314":{"start":{"line":93,"column":14},"end":{"line":93,"column":44}},"315":{"start":{"line":94,"column":14},"end":{"line":94,"column":33}},"316":{"start":{"line":95,"column":14},"end":{"line":95,"column":20}},"317":{"start":{"line":97,"column":14},"end":{"line":97,"column":33}},"318":{"start":{"line":98,"column":14},"end":{"line":98,"column":49}},"319":{"start":{"line":99,"column":14},"end":{"line":99,"column":75}},"320":{"start":{"line":102,"column":14},"end":{"line":102,"column":37}},"321":{"start":{"line":106,"column":6},"end":{"line":108,"column":8}},"322":{"start":{"line":107,"column":8},"end":{"line":107,"column":43}},"323":{"start":{"line":110,"column":4},"end":{"line":110,"column":25}},"324":{"start":{"line":112,"column":29},"end":{"line":127,"column":3}},"325":{"start":{"line":128,"column":22},"end":{"line":128,"column":63}},"326":{"start":{"line":129,"column":28},"end":{"line":149,"column":3}},"327":{"start":{"line":130,"column":4},"end":{"line":132,"column":5}},"328":{"start":{"line":131,"column":6},"end":{"line":131,"column":60}},"329":{"start":{"line":133,"column":4},"end":{"line":135,"column":5}},"330":{"start":{"line":134,"column":6},"end":{"line":134,"column":56}},"331":{"start":{"line":136,"column":4},"end":{"line":138,"column":5}},"332":{"start":{"line":137,"column":6},"end":{"line":137,"column":51}},"333":{"start":{"line":139,"column":4},"end":{"line":141,"column":5}},"334":{"start":{"line":140,"column":6},"end":{"line":140,"column":44}},"335":{"start":{"line":142,"column":4},"end":{"line":144,"column":5}},"336":{"start":{"line":143,"column":6},"end":{"line":143,"column":51}},"337":{"start":{"line":145,"column":4},"end":{"line":147,"column":5}},"338":{"start":{"line":146,"column":6},"end":{"line":146,"column":50}},"339":{"start":{"line":148,"column":4},"end":{"line":148,"column":14}},"340":{"start":{"line":150,"column":22},"end":{"line":161,"column":3}},"341":{"start":{"line":151,"column":4},"end":{"line":151,"column":23}},"342":{"start":{"line":152,"column":19},"end":{"line":152,"column":40}},"343":{"start":{"line":153,"column":4},"end":{"line":160,"column":5}},"344":{"start":{"line":154,"column":6},"end":{"line":154,"column":25}},"345":{"start":{"line":155,"column":6},"end":{"line":155,"column":24}},"346":{"start":{"line":157,"column":6},"end":{"line":157,"column":19}},"347":{"start":{"line":158,"column":6},"end":{"line":158,"column":23}},"348":{"start":{"line":159,"column":6},"end":{"line":159,"column":25}},"349":{"start":{"line":162,"column":2},"end":{"line":174,"column":3}},"350":{"start":{"line":163,"column":4},"end":{"line":169,"column":7}},"351":{"start":{"line":170,"column":9},"end":{"line":174,"column":3}},"352":{"start":{"line":171,"column":4},"end":{"line":173,"column":7}},"353":{"start":{"line":175,"column":2},"end":{"line":334,"column":27}},"354":{"start":{"line":196,"column":4},"end":{"line":199,"column":68}},"355":{"start":{"line":219,"column":6},"end":{"line":219,"column":38}},"356":{"start":{"line":234,"column":6},"end":{"line":234,"column":38}},"357":{"start":{"line":281,"column":6},"end":{"line":281,"column":47}},"358":{"start":{"line":296,"column":6},"end":{"line":296,"column":43}},"359":{"start":{"line":311,"column":6},"end":{"line":311,"column":47}},"360":{"start":{"line":326,"column":6},"end":{"line":326,"column":36}},"361":{"start":{"line":336,"column":15},"end":{"line":336,"column":50}}},"fnMap":{"0":{"name":"_typeof","decl":{"start":{"line":3,"column":9},"end":{"line":3,"column":16}},"loc":{"start":{"line":3,"column":20},"end":{"line":3,"column":318}},"line":3},"1":{"name":"(anonymous_1)","decl":{"start":{"line":3,"column":134},"end":{"line":3,"column":135}},"loc":{"start":{"line":3,"column":147},"end":{"line":3,"column":167}},"line":3},"2":{"name":"(anonymous_2)","decl":{"start":{"line":3,"column":170},"end":{"line":3,"column":171}},"loc":{"start":{"line":3,"column":183},"end":{"line":3,"column":303}},"line":3},"3":{"name":"_interopRequireDefault","decl":{"start":{"line":13,"column":9},"end":{"line":13,"column":31}},"loc":{"start":{"line":13,"column":35},"end":{"line":13,"column":87}},"line":13},"4":{"name":"_regeneratorRuntime","decl":{"start":{"line":14,"column":9},"end":{"line":14,"column":28}},"loc":{"start":{"line":14,"column":31},"end":{"line":14,"column":9049}},"line":14},"5":{"name":"_regeneratorRuntime","decl":{"start":{"line":14,"column":227},"end":{"line":14,"column":246}},"loc":{"start":{"line":14,"column":249},"end":{"line":14,"column":262}},"line":14},"6":{"name":"(anonymous_6)","decl":{"start":{"line":14,"column":352},"end":{"line":14,"column":353}},"loc":{"start":{"line":14,"column":371},"end":{"line":14,"column":390}},"line":14},"7":{"name":"define","decl":{"start":{"line":14,"column":560},"end":{"line":14,"column":566}},"loc":{"start":{"line":14,"column":576},"end":{"line":14,"column":683}},"line":14},"8":{"name":"define","decl":{"start":{"line":14,"column":738},"end":{"line":14,"column":744}},"loc":{"start":{"line":14,"column":754},"end":{"line":14,"column":774}},"line":14},"9":{"name":"wrap","decl":{"start":{"line":14,"column":787},"end":{"line":14,"column":791}},"loc":{"start":{"line":14,"column":804},"end":{"line":14,"column":993}},"line":14},"10":{"name":"tryCatch","decl":{"start":{"line":14,"column":1003},"end":{"line":14,"column":1011}},"loc":{"start":{"line":14,"column":1021},"end":{"line":14,"column":1126}},"line":14},"11":{"name":"Generator","decl":{"start":{"line":14,"column":1241},"end":{"line":14,"column":1250}},"loc":{"start":{"line":14,"column":1253},"end":{"line":14,"column":1255}},"line":14},"12":{"name":"GeneratorFunction","decl":{"start":{"line":14,"column":1265},"end":{"line":14,"column":1282}},"loc":{"start":{"line":14,"column":1285},"end":{"line":14,"column":1287}},"line":14},"13":{"name":"GeneratorFunctionPrototype","decl":{"start":{"line":14,"column":1297},"end":{"line":14,"column":1323}},"loc":{"start":{"line":14,"column":1326},"end":{"line":14,"column":1328}},"line":14},"14":{"name":"(anonymous_14)","decl":{"start":{"line":14,"column":1354},"end":{"line":14,"column":1355}},"loc":{"start":{"line":14,"column":1366},"end":{"line":14,"column":1382}},"line":14},"15":{"name":"defineIteratorMethods","decl":{"start":{"line":14,"column":1580},"end":{"line":14,"column":1601}},"loc":{"start":{"line":14,"column":1605},"end":{"line":14,"column":1722}},"line":14},"16":{"name":"(anonymous_16)","decl":{"start":{"line":14,"column":1643},"end":{"line":14,"column":1644}},"loc":{"start":{"line":14,"column":1656},"end":{"line":14,"column":1718}},"line":14},"17":{"name":"(anonymous_17)","decl":{"start":{"line":14,"column":1671},"end":{"line":14,"column":1672}},"loc":{"start":{"line":14,"column":1684},"end":{"line":14,"column":1714}},"line":14},"18":{"name":"AsyncIterator","decl":{"start":{"line":14,"column":1732},"end":{"line":14,"column":1745}},"loc":{"start":{"line":14,"column":1752},"end":{"line":14,"column":2437}},"line":14},"19":{"name":"invoke","decl":{"start":{"line":14,"column":1763},"end":{"line":14,"column":1769}},"loc":{"start":{"line":14,"column":1782},"end":{"line":14,"column":2164}},"line":14},"20":{"name":"(anonymous_20)","decl":{"start":{"line":14,"column":1955},"end":{"line":14,"column":1956}},"loc":{"start":{"line":14,"column":1968},"end":{"line":14,"column":1996}},"line":14},"21":{"name":"(anonymous_21)","decl":{"start":{"line":14,"column":1998},"end":{"line":14,"column":1999}},"loc":{"start":{"line":14,"column":2011},"end":{"line":14,"column":2040}},"line":14},"22":{"name":"(anonymous_22)","decl":{"start":{"line":14,"column":2062},"end":{"line":14,"column":2063}},"loc":{"start":{"line":14,"column":2075},"end":{"line":14,"column":2097}},"line":14},"23":{"name":"(anonymous_23)","decl":{"start":{"line":14,"column":2099},"end":{"line":14,"column":2100}},"loc":{"start":{"line":14,"column":2112},"end":{"line":14,"column":2148}},"line":14},"24":{"name":"value","decl":{"start":{"line":14,"column":2209},"end":{"line":14,"column":2214}},"loc":{"start":{"line":14,"column":2221},"end":{"line":14,"column":2431}},"line":14},"25":{"name":"callInvokeWithMethodAndArg","decl":{"start":{"line":14,"column":2232},"end":{"line":14,"column":2258}},"loc":{"start":{"line":14,"column":2261},"end":{"line":14,"column":2319}},"line":14},"26":{"name":"(anonymous_26)","decl":{"start":{"line":14,"column":2276},"end":{"line":14,"column":2277}},"loc":{"start":{"line":14,"column":2292},"end":{"line":14,"column":2315}},"line":14},"27":{"name":"makeInvokeMethod","decl":{"start":{"line":14,"column":2447},"end":{"line":14,"column":2463}},"loc":{"start":{"line":14,"column":2473},"end":{"line":14,"column":3213}},"line":14},"28":{"name":"(anonymous_28)","decl":{"start":{"line":14,"column":2493},"end":{"line":14,"column":2494}},"loc":{"start":{"line":14,"column":2509},"end":{"line":14,"column":3210}},"line":14},"29":{"name":"maybeInvokeDelegate","decl":{"start":{"line":14,"column":3223},"end":{"line":14,"column":3242}},"loc":{"start":{"line":14,"column":3249},"end":{"line":14,"column":3973}},"line":14},"30":{"name":"pushTryEntry","decl":{"start":{"line":14,"column":3983},"end":{"line":14,"column":3995}},"loc":{"start":{"line":14,"column":3999},"end":{"line":14,"column":4136}},"line":14},"31":{"name":"resetTryEntry","decl":{"start":{"line":14,"column":4146},"end":{"line":14,"column":4159}},"loc":{"start":{"line":14,"column":4163},"end":{"line":14,"column":4245}},"line":14},"32":{"name":"Context","decl":{"start":{"line":14,"column":4255},"end":{"line":14,"column":4262}},"loc":{"start":{"line":14,"column":4266},"end":{"line":14,"column":4356}},"line":14},"33":{"name":"values","decl":{"start":{"line":14,"column":4366},"end":{"line":14,"column":4372}},"loc":{"start":{"line":14,"column":4376},"end":{"line":14,"column":4755}},"line":14},"34":{"name":"next","decl":{"start":{"line":14,"column":4530},"end":{"line":14,"column":4534}},"loc":{"start":{"line":14,"column":4537},"end":{"line":14,"column":4675}},"line":14},"35":{"name":"(anonymous_35)","decl":{"start":{"line":14,"column":5109},"end":{"line":14,"column":5110}},"loc":{"start":{"line":14,"column":5122},"end":{"line":14,"column":5268}},"line":14},"36":{"name":"(anonymous_36)","decl":{"start":{"line":14,"column":5279},"end":{"line":14,"column":5280}},"loc":{"start":{"line":14,"column":5292},"end":{"line":14,"column":5495}},"line":14},"37":{"name":"(anonymous_37)","decl":{"start":{"line":14,"column":5507},"end":{"line":14,"column":5508}},"loc":{"start":{"line":14,"column":5520},"end":{"line":14,"column":5546}},"line":14},"38":{"name":"(anonymous_38)","decl":{"start":{"line":14,"column":5631},"end":{"line":14,"column":5632}},"loc":{"start":{"line":14,"column":5643},"end":{"line":14,"column":5659}},"line":14},"39":{"name":"(anonymous_39)","decl":{"start":{"line":14,"column":5705},"end":{"line":14,"column":5706}},"loc":{"start":{"line":14,"column":5730},"end":{"line":14,"column":5919}},"line":14},"40":{"name":"(anonymous_40)","decl":{"start":{"line":14,"column":5863},"end":{"line":14,"column":5864}},"loc":{"start":{"line":14,"column":5876},"end":{"line":14,"column":5915}},"line":14},"41":{"name":"(anonymous_41)","decl":{"start":{"line":14,"column":5987},"end":{"line":14,"column":5988}},"loc":{"start":{"line":14,"column":5999},"end":{"line":14,"column":6015}},"line":14},"42":{"name":"(anonymous_42)","decl":{"start":{"line":14,"column":6040},"end":{"line":14,"column":6041}},"loc":{"start":{"line":14,"column":6052},"end":{"line":14,"column":6084}},"line":14},"43":{"name":"(anonymous_43)","decl":{"start":{"line":14,"column":6096},"end":{"line":14,"column":6097}},"loc":{"start":{"line":14,"column":6109},"end":{"line":14,"column":6333}},"line":14},"44":{"name":"next","decl":{"start":{"line":14,"column":6195},"end":{"line":14,"column":6199}},"loc":{"start":{"line":14,"column":6202},"end":{"line":14,"column":6330}},"line":14},"45":{"name":"reset","decl":{"start":{"line":14,"column":6414},"end":{"line":14,"column":6419}},"loc":{"start":{"line":14,"column":6423},"end":{"line":14,"column":6706}},"line":14},"46":{"name":"stop","decl":{"start":{"line":14,"column":6723},"end":{"line":14,"column":6727}},"loc":{"start":{"line":14,"column":6730},"end":{"line":14,"column":6843}},"line":14},"47":{"name":"dispatchException","decl":{"start":{"line":14,"column":6873},"end":{"line":14,"column":6890}},"loc":{"start":{"line":14,"column":6894},"end":{"line":14,"column":7633}},"line":14},"48":{"name":"handle","decl":{"start":{"line":14,"column":6943},"end":{"line":14,"column":6949}},"loc":{"start":{"line":14,"column":6956},"end":{"line":14,"column":7049}},"line":14},"49":{"name":"abrupt","decl":{"start":{"line":14,"column":7652},"end":{"line":14,"column":7658}},"loc":{"start":{"line":14,"column":7665},"end":{"line":14,"column":8089}},"line":14},"50":{"name":"complete","decl":{"start":{"line":14,"column":8110},"end":{"line":14,"column":8118}},"loc":{"start":{"line":14,"column":8125},"end":{"line":14,"column":8384}},"line":14},"51":{"name":"finish","decl":{"start":{"line":14,"column":8403},"end":{"line":14,"column":8409}},"loc":{"start":{"line":14,"column":8413},"end":{"line":14,"column":8595}},"line":14},"52":{"name":"_catch","decl":{"start":{"line":14,"column":8615},"end":{"line":14,"column":8621}},"loc":{"start":{"line":14,"column":8625},"end":{"line":14,"column":8869}},"line":14},"53":{"name":"delegateYield","decl":{"start":{"line":14,"column":8895},"end":{"line":14,"column":8908}},"loc":{"start":{"line":14,"column":8918},"end":{"line":14,"column":9041}},"line":14},"54":{"name":"asyncGeneratorStep","decl":{"start":{"line":15,"column":9},"end":{"line":15,"column":27}},"loc":{"start":{"line":15,"column":49},"end":{"line":15,"column":169}},"line":15},"55":{"name":"_asyncToGenerator","decl":{"start":{"line":16,"column":9},"end":{"line":16,"column":26}},"loc":{"start":{"line":16,"column":30},"end":{"line":16,"column":321}},"line":16},"56":{"name":"(anonymous_56)","decl":{"start":{"line":16,"column":39},"end":{"line":16,"column":40}},"loc":{"start":{"line":16,"column":51},"end":{"line":16,"column":318}},"line":16},"57":{"name":"(anonymous_57)","decl":{"start":{"line":16,"column":101},"end":{"line":16,"column":102}},"loc":{"start":{"line":16,"column":117},"end":{"line":16,"column":314}},"line":16},"58":{"name":"_next","decl":{"start":{"line":16,"column":151},"end":{"line":16,"column":156}},"loc":{"start":{"line":16,"column":160},"end":{"line":16,"column":218}},"line":16},"59":{"name":"_throw","decl":{"start":{"line":16,"column":228},"end":{"line":16,"column":234}},"loc":{"start":{"line":16,"column":238},"end":{"line":16,"column":297}},"line":16},"60":{"name":"_slicedToArray","decl":{"start":{"line":17,"column":9},"end":{"line":17,"column":23}},"loc":{"start":{"line":17,"column":30},"end":{"line":17,"column":150}},"line":17},"61":{"name":"_nonIterableRest","decl":{"start":{"line":18,"column":9},"end":{"line":18,"column":25}},"loc":{"start":{"line":18,"column":28},"end":{"line":18,"column":193}},"line":18},"62":{"name":"_unsupportedIterableToArray","decl":{"start":{"line":19,"column":9},"end":{"line":19,"column":36}},"loc":{"start":{"line":19,"column":43},"end":{"line":19,"column":378}},"line":19},"63":{"name":"_arrayLikeToArray","decl":{"start":{"line":20,"column":9},"end":{"line":20,"column":26}},"loc":{"start":{"line":20,"column":33},"end":{"line":20,"column":148}},"line":20},"64":{"name":"_iterableToArrayLimit","decl":{"start":{"line":21,"column":9},"end":{"line":21,"column":30}},"loc":{"start":{"line":21,"column":37},"end":{"line":21,"column":538}},"line":21},"65":{"name":"_arrayWithHoles","decl":{"start":{"line":22,"column":9},"end":{"line":22,"column":24}},"loc":{"start":{"line":22,"column":28},"end":{"line":22,"column":63}},"line":22},"66":{"name":"BookingPayment","decl":{"start":{"line":23,"column":30},"end":{"line":23,"column":44}},"loc":{"start":{"line":23,"column":47},"end":{"line":335,"column":1}},"line":23},"67":{"name":"(anonymous_67)","decl":{"start":{"line":71,"column":24},"end":{"line":71,"column":25}},"loc":{"start":{"line":71,"column":36},"end":{"line":111,"column":3}},"line":71},"68":{"name":"(anonymous_68)","decl":{"start":{"line":72,"column":42},"end":{"line":72,"column":43}},"loc":{"start":{"line":72,"column":54},"end":{"line":109,"column":5}},"line":72},"69":{"name":"_callee","decl":{"start":{"line":73,"column":84},"end":{"line":73,"column":91}},"loc":{"start":{"line":73,"column":94},"end":{"line":105,"column":7}},"line":73},"70":{"name":"_callee$","decl":{"start":{"line":75,"column":51},"end":{"line":75,"column":59}},"loc":{"start":{"line":75,"column":70},"end":{"line":104,"column":9}},"line":75},"71":{"name":"fetchFlightDetails","decl":{"start":{"line":106,"column":22},"end":{"line":106,"column":40}},"loc":{"start":{"line":106,"column":43},"end":{"line":108,"column":7}},"line":106},"72":{"name":"validatePaymentInfo","decl":{"start":{"line":129,"column":37},"end":{"line":129,"column":56}},"loc":{"start":{"line":129,"column":59},"end":{"line":149,"column":3}},"line":129},"73":{"name":"handlePayment","decl":{"start":{"line":150,"column":31},"end":{"line":150,"column":44}},"loc":{"start":{"line":150,"column":48},"end":{"line":161,"column":3}},"line":150},"74":{"name":"(anonymous_74)","decl":{"start":{"line":195,"column":244},"end":{"line":195,"column":245}},"loc":{"start":{"line":195,"column":260},"end":{"line":200,"column":3}},"line":195},"75":{"name":"onChange","decl":{"start":{"line":218,"column":23},"end":{"line":218,"column":31}},"loc":{"start":{"line":218,"column":35},"end":{"line":220,"column":5}},"line":218},"76":{"name":"onChange","decl":{"start":{"line":233,"column":23},"end":{"line":233,"column":31}},"loc":{"start":{"line":233,"column":35},"end":{"line":235,"column":5}},"line":233},"77":{"name":"onChange","decl":{"start":{"line":280,"column":23},"end":{"line":280,"column":31}},"loc":{"start":{"line":280,"column":35},"end":{"line":282,"column":5}},"line":280},"78":{"name":"onChange","decl":{"start":{"line":295,"column":23},"end":{"line":295,"column":31}},"loc":{"start":{"line":295,"column":35},"end":{"line":297,"column":5}},"line":295},"79":{"name":"onChange","decl":{"start":{"line":310,"column":23},"end":{"line":310,"column":31}},"loc":{"start":{"line":310,"column":35},"end":{"line":312,"column":5}},"line":310},"80":{"name":"onChange","decl":{"start":{"line":325,"column":23},"end":{"line":325,"column":31}},"loc":{"start":{"line":325,"column":35},"end":{"line":327,"column":5}},"line":325}},"branchMap":{"0":{"loc":{"start":{"line":3,"column":66},"end":{"line":3,"column":303}},"type":"cond-expr","locations":[{"start":{"line":3,"column":134},"end":{"line":3,"column":167}},{"start":{"line":3,"column":170},"end":{"line":3,"column":303}}],"line":3},"1":{"loc":{"start":{"line":3,"column":66},"end":{"line":3,"column":131}},"type":"binary-expr","locations":[{"start":{"line":3,"column":66},"end":{"line":3,"column":93}},{"start":{"line":3,"column":97},"end":{"line":3,"column":131}}],"line":3},"2":{"loc":{"start":{"line":3,"column":192},"end":{"line":3,"column":300}},"type":"cond-expr","locations":[{"start":{"line":3,"column":281},"end":{"line":3,"column":289}},{"start":{"line":3,"column":292},"end":{"line":3,"column":300}}],"line":3},"3":{"loc":{"start":{"line":3,"column":192},"end":{"line":3,"column":278}},"type":"binary-expr","locations":[{"start":{"line":3,"column":192},"end":{"line":3,"column":193}},{"start":{"line":3,"column":197},"end":{"line":3,"column":224}},{"start":{"line":3,"column":228},"end":{"line":3,"column":252}},{"start":{"line":3,"column":256},"end":{"line":3,"column":278}}],"line":3},"4":{"loc":{"start":{"line":13,"column":44},"end":{"line":13,"column":84}},"type":"cond-expr","locations":[{"start":{"line":13,"column":64},"end":{"line":13,"column":65}},{"start":{"line":13,"column":68},"end":{"line":13,"column":84}}],"line":13},"5":{"loc":{"start":{"line":13,"column":44},"end":{"line":13,"column":61}},"type":"binary-expr","locations":[{"start":{"line":13,"column":44},"end":{"line":13,"column":45}},{"start":{"line":13,"column":49},"end":{"line":13,"column":61}}],"line":13},"6":{"loc":{"start":{"line":14,"column":327},"end":{"line":14,"column":390}},"type":"binary-expr","locations":[{"start":{"line":14,"column":327},"end":{"line":14,"column":348}},{"start":{"line":14,"column":352},"end":{"line":14,"column":390}}],"line":14},"7":{"loc":{"start":{"line":14,"column":396},"end":{"line":14,"column":437}},"type":"cond-expr","locations":[{"start":{"line":14,"column":426},"end":{"line":14,"column":432}},{"start":{"line":14,"column":435},"end":{"line":14,"column":437}}],"line":14},"8":{"loc":{"start":{"line":14,"column":443},"end":{"line":14,"column":469}},"type":"binary-expr","locations":[{"start":{"line":14,"column":443},"end":{"line":14,"column":453}},{"start":{"line":14,"column":457},"end":{"line":14,"column":469}}],"line":14},"9":{"loc":{"start":{"line":14,"column":475},"end":{"line":14,"column":511}},"type":"binary-expr","locations":[{"start":{"line":14,"column":475},"end":{"line":14,"column":490}},{"start":{"line":14,"column":494},"end":{"line":14,"column":511}}],"line":14},"10":{"loc":{"start":{"line":14,"column":517},"end":{"line":14,"column":549}},"type":"binary-expr","locations":[{"start":{"line":14,"column":517},"end":{"line":14,"column":530}},{"start":{"line":14,"column":534},"end":{"line":14,"column":549}}],"line":14},"11":{"loc":{"start":{"line":14,"column":814},"end":{"line":14,"column":867}},"type":"cond-expr","locations":[{"start":{"line":14,"column":854},"end":{"line":14,"column":855}},{"start":{"line":14,"column":858},"end":{"line":14,"column":867}}],"line":14},"12":{"loc":{"start":{"line":14,"column":814},"end":{"line":14,"column":851}},"type":"binary-expr","locations":[{"start":{"line":14,"column":814},"end":{"line":14,"column":815}},{"start":{"line":14,"column":819},"end":{"line":14,"column":851}}],"line":14},"13":{"loc":{"start":{"line":14,"column":917},"end":{"line":14,"column":924}},"type":"binary-expr","locations":[{"start":{"line":14,"column":917},"end":{"line":14,"column":918}},{"start":{"line":14,"column":922},"end":{"line":14,"column":924}}],"line":14},"14":{"loc":{"start":{"line":14,"column":1420},"end":{"line":14,"column":1441}},"type":"binary-expr","locations":[{"start":{"line":14,"column":1420},"end":{"line":14,"column":1421}},{"start":{"line":14,"column":1425},"end":{"line":14,"column":1441}}],"line":14},"15":{"loc":{"start":{"line":14,"column":1443},"end":{"line":14,"column":1482}},"type":"binary-expr","locations":[{"start":{"line":14,"column":1443},"end":{"line":14,"column":1444}},{"start":{"line":14,"column":1448},"end":{"line":14,"column":1455}},{"start":{"line":14,"column":1459},"end":{"line":14,"column":1471}},{"start":{"line":14,"column":1476},"end":{"line":14,"column":1481}}],"line":14},"16":{"loc":{"start":{"line":14,"column":1814},"end":{"line":14,"column":2152}},"type":"if","locations":[{"start":{"line":14,"column":1814},"end":{"line":14,"column":2152}},{"start":{},"end":{}}],"line":14},"17":{"loc":{"start":{"line":14,"column":1875},"end":{"line":14,"column":2149}},"type":"cond-expr","locations":[{"start":{"line":14,"column":1929},"end":{"line":14,"column":2041}},{"start":{"line":14,"column":2044},"end":{"line":14,"column":2149}}],"line":14},"18":{"loc":{"start":{"line":14,"column":1875},"end":{"line":14,"column":1926}},"type":"binary-expr","locations":[{"start":{"line":14,"column":1875},"end":{"line":14,"column":1876}},{"start":{"line":14,"column":1880},"end":{"line":14,"column":1902}},{"start":{"line":14,"column":1906},"end":{"line":14,"column":1926}}],"line":14},"19":{"loc":{"start":{"line":14,"column":2331},"end":{"line":14,"column":2428}},"type":"cond-expr","locations":[{"start":{"line":14,"column":2335},"end":{"line":14,"column":2397}},{"start":{"line":14,"column":2400},"end":{"line":14,"column":2428}}],"line":14},"20":{"loc":{"start":{"line":14,"column":2511},"end":{"line":14,"column":2568}},"type":"if","locations":[{"start":{"line":14,"column":2511},"end":{"line":14,"column":2568}},{"start":{},"end":{}}],"line":14},"21":{"loc":{"start":{"line":14,"column":2569},"end":{"line":14,"column":2644}},"type":"if","locations":[{"start":{"line":14,"column":2569},"end":{"line":14,"column":2644}},{"start":{},"end":{}}],"line":14},"22":{"loc":{"start":{"line":14,"column":2584},"end":{"line":14,"column":2611}},"type":"if","locations":[{"start":{"line":14,"column":2584},"end":{"line":14,"column":2611}},{"start":{},"end":{}}],"line":14},"23":{"loc":{"start":{"line":14,"column":2699},"end":{"line":14,"column":2788}},"type":"if","locations":[{"start":{"line":14,"column":2699},"end":{"line":14,"column":2788}},{"start":{},"end":{}}],"line":14},"24":{"loc":{"start":{"line":14,"column":2743},"end":{"line":14,"column":2786}},"type":"if","locations":[{"start":{"line":14,"column":2743},"end":{"line":14,"column":2786}},{"start":{},"end":{}}],"line":14},"25":{"loc":{"start":{"line":14,"column":2752},"end":{"line":14,"column":2774}},"type":"if","locations":[{"start":{"line":14,"column":2752},"end":{"line":14,"column":2774}},{"start":{},"end":{}}],"line":14},"26":{"loc":{"start":{"line":14,"column":2789},"end":{"line":14,"column":2991}},"type":"if","locations":[{"start":{"line":14,"column":2789},"end":{"line":14,"column":2991}},{"start":{"line":14,"column":2844},"end":{"line":14,"column":2991}}],"line":14},"27":{"loc":{"start":{"line":14,"column":2844},"end":{"line":14,"column":2991}},"type":"if","locations":[{"start":{"line":14,"column":2844},"end":{"line":14,"column":2991}},{"start":{"line":14,"column":2940},"end":{"line":14,"column":2991}}],"line":14},"28":{"loc":{"start":{"line":14,"column":2872},"end":{"line":14,"column":2904}},"type":"if","locations":[{"start":{"line":14,"column":2872},"end":{"line":14,"column":2904}},{"start":{},"end":{}}],"line":14},"29":{"loc":{"start":{"line":14,"column":2940},"end":{"line":14,"column":2990}},"type":"binary-expr","locations":[{"start":{"line":14,"column":2940},"end":{"line":14,"column":2961}},{"start":{"line":14,"column":2965},"end":{"line":14,"column":2990}}],"line":14},"30":{"loc":{"start":{"line":14,"column":3026},"end":{"line":14,"column":3140}},"type":"if","locations":[{"start":{"line":14,"column":3026},"end":{"line":14,"column":3140}},{"start":{},"end":{}}],"line":14},"31":{"loc":{"start":{"line":14,"column":3053},"end":{"line":14,"column":3099}},"type":"if","locations":[{"start":{"line":14,"column":3053},"end":{"line":14,"column":3099}},{"start":{},"end":{}}],"line":14},"32":{"loc":{"start":{"line":14,"column":3061},"end":{"line":14,"column":3075}},"type":"cond-expr","locations":[{"start":{"line":14,"column":3070},"end":{"line":14,"column":3071}},{"start":{"line":14,"column":3074},"end":{"line":14,"column":3075}}],"line":14},"33":{"loc":{"start":{"line":14,"column":3141},"end":{"line":14,"column":3205}},"type":"binary-expr","locations":[{"start":{"line":14,"column":3141},"end":{"line":14,"column":3159}},{"start":{"line":14,"column":3164},"end":{"line":14,"column":3204}}],"line":14},"34":{"loc":{"start":{"line":14,"column":3288},"end":{"line":14,"column":3572}},"type":"if","locations":[{"start":{"line":14,"column":3288},"end":{"line":14,"column":3572}},{"start":{},"end":{}}],"line":14},"35":{"loc":{"start":{"line":14,"column":3327},"end":{"line":14,"column":3568}},"type":"binary-expr","locations":[{"start":{"line":14,"column":3327},"end":{"line":14,"column":3340}},{"start":{"line":14,"column":3344},"end":{"line":14,"column":3364}},{"start":{"line":14,"column":3369},"end":{"line":14,"column":3448}},{"start":{"line":14,"column":3453},"end":{"line":14,"column":3467}},{"start":{"line":14,"column":3472},"end":{"line":14,"column":3567}}],"line":14},"36":{"loc":{"start":{"line":14,"column":3613},"end":{"line":14,"column":3700}},"type":"if","locations":[{"start":{"line":14,"column":3613},"end":{"line":14,"column":3700}},{"start":{},"end":{}}],"line":14},"37":{"loc":{"start":{"line":14,"column":3723},"end":{"line":14,"column":3970}},"type":"cond-expr","locations":[{"start":{"line":14,"column":3727},"end":{"line":14,"column":3866}},{"start":{"line":14,"column":3870},"end":{"line":14,"column":3969}}],"line":14},"38":{"loc":{"start":{"line":14,"column":3727},"end":{"line":14,"column":3866}},"type":"cond-expr","locations":[{"start":{"line":14,"column":3737},"end":{"line":14,"column":3861}},{"start":{"line":14,"column":3865},"end":{"line":14,"column":3866}}],"line":14},"39":{"loc":{"start":{"line":14,"column":3784},"end":{"line":14,"column":3839}},"type":"binary-expr","locations":[{"start":{"line":14,"column":3784},"end":{"line":14,"column":3805}},{"start":{"line":14,"column":3810},"end":{"line":14,"column":3838}}],"line":14},"40":{"loc":{"start":{"line":14,"column":4027},"end":{"line":14,"column":4056}},"type":"binary-expr","locations":[{"start":{"line":14,"column":4027},"end":{"line":14,"column":4033}},{"start":{"line":14,"column":4038},"end":{"line":14,"column":4055}}],"line":14},"41":{"loc":{"start":{"line":14,"column":4058},"end":{"line":14,"column":4108}},"type":"binary-expr","locations":[{"start":{"line":14,"column":4058},"end":{"line":14,"column":4064}},{"start":{"line":14,"column":4069},"end":{"line":14,"column":4107}}],"line":14},"42":{"loc":{"start":{"line":14,"column":4173},"end":{"line":14,"column":4191}},"type":"binary-expr","locations":[{"start":{"line":14,"column":4173},"end":{"line":14,"column":4185}},{"start":{"line":14,"column":4189},"end":{"line":14,"column":4191}}],"line":14},"43":{"loc":{"start":{"line":14,"column":4378},"end":{"line":14,"column":4699}},"type":"if","locations":[{"start":{"line":14,"column":4378},"end":{"line":14,"column":4699}},{"start":{},"end":{}}],"line":14},"44":{"loc":{"start":{"line":14,"column":4382},"end":{"line":14,"column":4395}},"type":"binary-expr","locations":[{"start":{"line":14,"column":4382},"end":{"line":14,"column":4383}},{"start":{"line":14,"column":4387},"end":{"line":14,"column":4395}}],"line":14},"45":{"loc":{"start":{"line":14,"column":4413},"end":{"line":14,"column":4437}},"type":"if","locations":[{"start":{"line":14,"column":4413},"end":{"line":14,"column":4437}},{"start":{},"end":{}}],"line":14},"46":{"loc":{"start":{"line":14,"column":4438},"end":{"line":14,"column":4480}},"type":"if","locations":[{"start":{"line":14,"column":4438},"end":{"line":14,"column":4480}},{"start":{},"end":{}}],"line":14},"47":{"loc":{"start":{"line":14,"column":4481},"end":{"line":14,"column":4697}},"type":"if","locations":[{"start":{"line":14,"column":4481},"end":{"line":14,"column":4697}},{"start":{},"end":{}}],"line":14},"48":{"loc":{"start":{"line":14,"column":4563},"end":{"line":14,"column":4628}},"type":"if","locations":[{"start":{"line":14,"column":4563},"end":{"line":14,"column":4628}},{"start":{},"end":{}}],"line":14},"49":{"loc":{"start":{"line":14,"column":5132},"end":{"line":14,"column":5171}},"type":"binary-expr","locations":[{"start":{"line":14,"column":5132},"end":{"line":14,"column":5154}},{"start":{"line":14,"column":5158},"end":{"line":14,"column":5171}}],"line":14},"50":{"loc":{"start":{"line":14,"column":5180},"end":{"line":14,"column":5265}},"type":"binary-expr","locations":[{"start":{"line":14,"column":5180},"end":{"line":14,"column":5183}},{"start":{"line":14,"column":5188},"end":{"line":14,"column":5211}},{"start":{"line":14,"column":5215},"end":{"line":14,"column":5264}}],"line":14},"51":{"loc":{"start":{"line":14,"column":5240},"end":{"line":14,"column":5263}},"type":"binary-expr","locations":[{"start":{"line":14,"column":5240},"end":{"line":14,"column":5253}},{"start":{"line":14,"column":5257},"end":{"line":14,"column":5263}}],"line":14},"52":{"loc":{"start":{"line":14,"column":5301},"end":{"line":14,"column":5457}},"type":"cond-expr","locations":[{"start":{"line":14,"column":5325},"end":{"line":14,"column":5377}},{"start":{"line":14,"column":5381},"end":{"line":14,"column":5456}}],"line":14},"53":{"loc":{"start":{"line":14,"column":5732},"end":{"line":14,"column":5761}},"type":"binary-expr","locations":[{"start":{"line":14,"column":5732},"end":{"line":14,"column":5744}},{"start":{"line":14,"column":5749},"end":{"line":14,"column":5760}}],"line":14},"54":{"loc":{"start":{"line":14,"column":5818},"end":{"line":14,"column":5916}},"type":"cond-expr","locations":[{"start":{"line":14,"column":5845},"end":{"line":14,"column":5846}},{"start":{"line":14,"column":5849},"end":{"line":14,"column":5916}}],"line":14},"55":{"loc":{"start":{"line":14,"column":5885},"end":{"line":14,"column":5912}},"type":"cond-expr","locations":[{"start":{"line":14,"column":5894},"end":{"line":14,"column":5901}},{"start":{"line":14,"column":5904},"end":{"line":14,"column":5912}}],"line":14},"56":{"loc":{"start":{"line":14,"column":6241},"end":{"line":14,"column":6297}},"type":"if","locations":[{"start":{"line":14,"column":6241},"end":{"line":14,"column":6297}},{"start":{},"end":{}}],"line":14},"57":{"loc":{"start":{"line":14,"column":6425},"end":{"line":14,"column":6704}},"type":"if","locations":[{"start":{"line":14,"column":6425},"end":{"line":14,"column":6704}},{"start":{},"end":{}}],"line":14},"58":{"loc":{"start":{"line":14,"column":6625},"end":{"line":14,"column":6703}},"type":"binary-expr","locations":[{"start":{"line":14,"column":6625},"end":{"line":14,"column":6644}},{"start":{"line":14,"column":6648},"end":{"line":14,"column":6663}},{"start":{"line":14,"column":6667},"end":{"line":14,"column":6686}},{"start":{"line":14,"column":6691},"end":{"line":14,"column":6702}}],"line":14},"59":{"loc":{"start":{"line":14,"column":6787},"end":{"line":14,"column":6823}},"type":"if","locations":[{"start":{"line":14,"column":6787},"end":{"line":14,"column":6823}},{"start":{},"end":{}}],"line":14},"60":{"loc":{"start":{"line":14,"column":6896},"end":{"line":14,"column":6919}},"type":"if","locations":[{"start":{"line":14,"column":6896},"end":{"line":14,"column":6919}},{"start":{},"end":{}}],"line":14},"61":{"loc":{"start":{"line":14,"column":7006},"end":{"line":14,"column":7041}},"type":"binary-expr","locations":[{"start":{"line":14,"column":7006},"end":{"line":14,"column":7007}},{"start":{"line":14,"column":7012},"end":{"line":14,"column":7040}}],"line":14},"62":{"loc":{"start":{"line":14,"column":7152},"end":{"line":14,"column":7198}},"type":"if","locations":[{"start":{"line":14,"column":7152},"end":{"line":14,"column":7198}},{"start":{},"end":{}}],"line":14},"63":{"loc":{"start":{"line":14,"column":7199},"end":{"line":14,"column":7629}},"type":"if","locations":[{"start":{"line":14,"column":7199},"end":{"line":14,"column":7629}},{"start":{},"end":{}}],"line":14},"64":{"loc":{"start":{"line":14,"column":7288},"end":{"line":14,"column":7627}},"type":"if","locations":[{"start":{"line":14,"column":7288},"end":{"line":14,"column":7627}},{"start":{"line":14,"column":7427},"end":{"line":14,"column":7627}}],"line":14},"65":{"loc":{"start":{"line":14,"column":7292},"end":{"line":14,"column":7298}},"type":"binary-expr","locations":[{"start":{"line":14,"column":7292},"end":{"line":14,"column":7293}},{"start":{"line":14,"column":7297},"end":{"line":14,"column":7298}}],"line":14},"66":{"loc":{"start":{"line":14,"column":7302},"end":{"line":14,"column":7360}},"type":"if","locations":[{"start":{"line":14,"column":7302},"end":{"line":14,"column":7360}},{"start":{},"end":{}}],"line":14},"67":{"loc":{"start":{"line":14,"column":7361},"end":{"line":14,"column":7419}},"type":"if","locations":[{"start":{"line":14,"column":7361},"end":{"line":14,"column":7419}},{"start":{},"end":{}}],"line":14},"68":{"loc":{"start":{"line":14,"column":7427},"end":{"line":14,"column":7627}},"type":"if","locations":[{"start":{"line":14,"column":7427},"end":{"line":14,"column":7627}},{"start":{"line":14,"column":7502},"end":{"line":14,"column":7627}}],"line":14},"69":{"loc":{"start":{"line":14,"column":7436},"end":{"line":14,"column":7494}},"type":"if","locations":[{"start":{"line":14,"column":7436},"end":{"line":14,"column":7494}},{"start":{},"end":{}}],"line":14},"70":{"loc":{"start":{"line":14,"column":7504},"end":{"line":14,"column":7566}},"type":"if","locations":[{"start":{"line":14,"column":7504},"end":{"line":14,"column":7566}},{"start":{},"end":{}}],"line":14},"71":{"loc":{"start":{"line":14,"column":7567},"end":{"line":14,"column":7625}},"type":"if","locations":[{"start":{"line":14,"column":7567},"end":{"line":14,"column":7625}},{"start":{},"end":{}}],"line":14},"72":{"loc":{"start":{"line":14,"column":7751},"end":{"line":14,"column":7854}},"type":"if","locations":[{"start":{"line":14,"column":7751},"end":{"line":14,"column":7854}},{"start":{},"end":{}}],"line":14},"73":{"loc":{"start":{"line":14,"column":7755},"end":{"line":14,"column":7831}},"type":"binary-expr","locations":[{"start":{"line":14,"column":7755},"end":{"line":14,"column":7776}},{"start":{"line":14,"column":7780},"end":{"line":14,"column":7803}},{"start":{"line":14,"column":7807},"end":{"line":14,"column":7831}}],"line":14},"74":{"loc":{"start":{"line":14,"column":7857},"end":{"line":14,"column":7949}},"type":"binary-expr","locations":[{"start":{"line":14,"column":7857},"end":{"line":14,"column":7858}},{"start":{"line":14,"column":7863},"end":{"line":14,"column":7876}},{"start":{"line":14,"column":7880},"end":{"line":14,"column":7896}},{"start":{"line":14,"column":7901},"end":{"line":14,"column":7914}},{"start":{"line":14,"column":7918},"end":{"line":14,"column":7935}},{"start":{"line":14,"column":7940},"end":{"line":14,"column":7948}}],"line":14},"75":{"loc":{"start":{"line":14,"column":7959},"end":{"line":14,"column":7980}},"type":"cond-expr","locations":[{"start":{"line":14,"column":7963},"end":{"line":14,"column":7975}},{"start":{"line":14,"column":7978},"end":{"line":14,"column":7980}}],"line":14},"76":{"loc":{"start":{"line":14,"column":8012},"end":{"line":14,"column":8086}},"type":"cond-expr","locations":[{"start":{"line":14,"column":8017},"end":{"line":14,"column":8066}},{"start":{"line":14,"column":8070},"end":{"line":14,"column":8086}}],"line":14},"77":{"loc":{"start":{"line":14,"column":8127},"end":{"line":14,"column":8163}},"type":"if","locations":[{"start":{"line":14,"column":8127},"end":{"line":14,"column":8163}},{"start":{},"end":{}}],"line":14},"78":{"loc":{"start":{"line":14,"column":8171},"end":{"line":14,"column":8378}},"type":"cond-expr","locations":[{"start":{"line":14,"column":8217},"end":{"line":14,"column":8234}},{"start":{"line":14,"column":8237},"end":{"line":14,"column":8378}}],"line":14},"79":{"loc":{"start":{"line":14,"column":8171},"end":{"line":14,"column":8214}},"type":"binary-expr","locations":[{"start":{"line":14,"column":8171},"end":{"line":14,"column":8189}},{"start":{"line":14,"column":8193},"end":{"line":14,"column":8214}}],"line":14},"80":{"loc":{"start":{"line":14,"column":8237},"end":{"line":14,"column":8378}},"type":"cond-expr","locations":[{"start":{"line":14,"column":8260},"end":{"line":14,"column":8331}},{"start":{"line":14,"column":8335},"end":{"line":14,"column":8378}}],"line":14},"81":{"loc":{"start":{"line":14,"column":8335},"end":{"line":14,"column":8378}},"type":"binary-expr","locations":[{"start":{"line":14,"column":8335},"end":{"line":14,"column":8354}},{"start":{"line":14,"column":8358},"end":{"line":14,"column":8359}},{"start":{"line":14,"column":8364},"end":{"line":14,"column":8377}}],"line":14},"82":{"loc":{"start":{"line":14,"column":8499},"end":{"line":14,"column":8591}},"type":"if","locations":[{"start":{"line":14,"column":8499},"end":{"line":14,"column":8591}},{"start":{},"end":{}}],"line":14},"83":{"loc":{"start":{"line":14,"column":8711},"end":{"line":14,"column":8827}},"type":"if","locations":[{"start":{"line":14,"column":8711},"end":{"line":14,"column":8827}},{"start":{},"end":{}}],"line":14},"84":{"loc":{"start":{"line":14,"column":8755},"end":{"line":14,"column":8815}},"type":"if","locations":[{"start":{"line":14,"column":8755},"end":{"line":14,"column":8815}},{"start":{},"end":{}}],"line":14},"85":{"loc":{"start":{"line":14,"column":8995},"end":{"line":14,"column":9035}},"type":"binary-expr","locations":[{"start":{"line":14,"column":8995},"end":{"line":14,"column":9017}},{"start":{"line":14,"column":9022},"end":{"line":14,"column":9034}}],"line":14},"86":{"loc":{"start":{"line":15,"column":121},"end":{"line":15,"column":166}},"type":"cond-expr","locations":[{"start":{"line":15,"column":130},"end":{"line":15,"column":134}},{"start":{"line":15,"column":137},"end":{"line":15,"column":166}}],"line":15},"87":{"loc":{"start":{"line":17,"column":39},"end":{"line":17,"column":147}},"type":"binary-expr","locations":[{"start":{"line":17,"column":39},"end":{"line":17,"column":57}},{"start":{"line":17,"column":61},"end":{"line":17,"column":88}},{"start":{"line":17,"column":92},"end":{"line":17,"column":125}},{"start":{"line":17,"column":129},"end":{"line":17,"column":147}}],"line":17},"88":{"loc":{"start":{"line":19,"column":45},"end":{"line":19,"column":376}},"type":"if","locations":[{"start":{"line":19,"column":45},"end":{"line":19,"column":376}},{"start":{},"end":{}}],"line":19},"89":{"loc":{"start":{"line":19,"column":54},"end":{"line":19,"column":111}},"type":"if","locations":[{"start":{"line":19,"column":54},"end":{"line":19,"column":111}},{"start":{},"end":{}}],"line":19},"90":{"loc":{"start":{"line":19,"column":161},"end":{"line":19,"column":220}},"type":"binary-expr","locations":[{"start":{"line":19,"column":161},"end":{"line":19,"column":175}},{"start":{"line":19,"column":179},"end":{"line":19,"column":192}},{"start":{"line":19,"column":197},"end":{"line":19,"column":219}}],"line":19},"91":{"loc":{"start":{"line":19,"column":222},"end":{"line":19,"column":373}},"type":"cond-expr","locations":[{"start":{"line":19,"column":251},"end":{"line":19,"column":264}},{"start":{"line":19,"column":267},"end":{"line":19,"column":373}}],"line":19},"92":{"loc":{"start":{"line":19,"column":222},"end":{"line":19,"column":248}},"type":"binary-expr","locations":[{"start":{"line":19,"column":222},"end":{"line":19,"column":233}},{"start":{"line":19,"column":237},"end":{"line":19,"column":248}}],"line":19},"93":{"loc":{"start":{"line":19,"column":267},"end":{"line":19,"column":373}},"type":"cond-expr","locations":[{"start":{"line":19,"column":341},"end":{"line":19,"column":364}},{"start":{"line":19,"column":367},"end":{"line":19,"column":373}}],"line":19},"94":{"loc":{"start":{"line":19,"column":267},"end":{"line":19,"column":338}},"type":"binary-expr","locations":[{"start":{"line":19,"column":267},"end":{"line":19,"column":284}},{"start":{"line":19,"column":288},"end":{"line":19,"column":338}}],"line":19},"95":{"loc":{"start":{"line":20,"column":35},"end":{"line":20,"column":80}},"type":"binary-expr","locations":[{"start":{"line":20,"column":36},"end":{"line":20,"column":45}},{"start":{"line":20,"column":49},"end":{"line":20,"column":61}},{"start":{"line":20,"column":67},"end":{"line":20,"column":79}}],"line":20},"96":{"loc":{"start":{"line":21,"column":47},"end":{"line":21,"column":135}},"type":"cond-expr","locations":[{"start":{"line":21,"column":59},"end":{"line":21,"column":63}},{"start":{"line":21,"column":66},"end":{"line":21,"column":135}}],"line":21},"97":{"loc":{"start":{"line":21,"column":66},"end":{"line":21,"column":135}},"type":"binary-expr","locations":[{"start":{"line":21,"column":66},"end":{"line":21,"column":94}},{"start":{"line":21,"column":98},"end":{"line":21,"column":116}},{"start":{"line":21,"column":120},"end":{"line":21,"column":135}}],"line":21},"98":{"loc":{"start":{"line":21,"column":137},"end":{"line":21,"column":536}},"type":"if","locations":[{"start":{"line":21,"column":137},"end":{"line":21,"column":536}},{"start":{},"end":{}}],"line":21},"99":{"loc":{"start":{"line":21,"column":200},"end":{"line":21,"column":366}},"type":"if","locations":[{"start":{"line":21,"column":200},"end":{"line":21,"column":366}},{"start":{"line":21,"column":285},"end":{"line":21,"column":366}}],"line":21},"100":{"loc":{"start":{"line":21,"column":241},"end":{"line":21,"column":269}},"type":"if","locations":[{"start":{"line":21,"column":241},"end":{"line":21,"column":269}},{"start":{},"end":{}}],"line":21},"101":{"loc":{"start":{"line":21,"column":292},"end":{"line":21,"column":356}},"type":"binary-expr","locations":[{"start":{"line":21,"column":292},"end":{"line":21,"column":319}},{"start":{"line":21,"column":324},"end":{"line":21,"column":355}}],"line":21},"102":{"loc":{"start":{"line":21,"column":414},"end":{"line":21,"column":492}},"type":"if","locations":[{"start":{"line":21,"column":414},"end":{"line":21,"column":492}},{"start":{},"end":{}}],"line":21},"103":{"loc":{"start":{"line":21,"column":418},"end":{"line":21,"column":483}},"type":"binary-expr","locations":[{"start":{"line":21,"column":418},"end":{"line":21,"column":420}},{"start":{"line":21,"column":424},"end":{"line":21,"column":443}},{"start":{"line":21,"column":448},"end":{"line":21,"column":482}}],"line":21},"104":{"loc":{"start":{"line":21,"column":505},"end":{"line":21,"column":520}},"type":"if","locations":[{"start":{"line":21,"column":505},"end":{"line":21,"column":520}},{"start":{},"end":{}}],"line":21},"105":{"loc":{"start":{"line":22,"column":30},"end":{"line":22,"column":61}},"type":"if","locations":[{"start":{"line":22,"column":30},"end":{"line":22,"column":61}},{"start":{},"end":{}}],"line":22},"106":{"loc":{"start":{"line":76,"column":20},"end":{"line":103,"column":11}},"type":"switch","locations":[{"start":{"line":77,"column":12},"end":{"line":80,"column":81}},{"start":{"line":81,"column":12},"end":{"line":87,"column":64}},{"start":{"line":88,"column":12},"end":{"line":90,"column":37}},{"start":{"line":91,"column":12},"end":{"line":95,"column":20}},{"start":{"line":96,"column":12},"end":{"line":99,"column":75}},{"start":{"line":100,"column":12},"end":{"line":100,"column":20}},{"start":{"line":101,"column":12},"end":{"line":102,"column":37}}],"line":76},"107":{"loc":{"start":{"line":83,"column":14},"end":{"line":86,"column":15}},"type":"if","locations":[{"start":{"line":83,"column":14},"end":{"line":86,"column":15}},{"start":{},"end":{}}],"line":83},"108":{"loc":{"start":{"line":128,"column":22},"end":{"line":128,"column":63}},"type":"binary-expr","locations":[{"start":{"line":128,"column":22},"end":{"line":128,"column":39}},{"start":{"line":128,"column":43},"end":{"line":128,"column":63}}],"line":128},"109":{"loc":{"start":{"line":130,"column":4},"end":{"line":132,"column":5}},"type":"if","locations":[{"start":{"line":130,"column":4},"end":{"line":132,"column":5}},{"start":{},"end":{}}],"line":130},"110":{"loc":{"start":{"line":130,"column":8},"end":{"line":130,"column":53}},"type":"binary-expr","locations":[{"start":{"line":130,"column":8},"end":{"line":130,"column":32}},{"start":{"line":130,"column":36},"end":{"line":130,"column":53}}],"line":130},"111":{"loc":{"start":{"line":133,"column":4},"end":{"line":135,"column":5}},"type":"if","locations":[{"start":{"line":133,"column":4},"end":{"line":135,"column":5}},{"start":{},"end":{}}],"line":133},"112":{"loc":{"start":{"line":136,"column":4},"end":{"line":138,"column":5}},"type":"if","locations":[{"start":{"line":136,"column":4},"end":{"line":138,"column":5}},{"start":{},"end":{}}],"line":136},"113":{"loc":{"start":{"line":136,"column":8},"end":{"line":136,"column":38}},"type":"binary-expr","locations":[{"start":{"line":136,"column":8},"end":{"line":136,"column":24}},{"start":{"line":136,"column":28},"end":{"line":136,"column":38}}],"line":136},"114":{"loc":{"start":{"line":139,"column":4},"end":{"line":141,"column":5}},"type":"if","locations":[{"start":{"line":139,"column":4},"end":{"line":141,"column":5}},{"start":{},"end":{}}],"line":139},"115":{"loc":{"start":{"line":142,"column":4},"end":{"line":144,"column":5}},"type":"if","locations":[{"start":{"line":142,"column":4},"end":{"line":144,"column":5}},{"start":{},"end":{}}],"line":142},"116":{"loc":{"start":{"line":142,"column":8},"end":{"line":142,"column":72}},"type":"binary-expr","locations":[{"start":{"line":142,"column":8},"end":{"line":142,"column":27}},{"start":{"line":142,"column":31},"end":{"line":142,"column":72}}],"line":142},"117":{"loc":{"start":{"line":145,"column":4},"end":{"line":147,"column":5}},"type":"if","locations":[{"start":{"line":145,"column":4},"end":{"line":147,"column":5}},{"start":{},"end":{}}],"line":145},"118":{"loc":{"start":{"line":145,"column":8},"end":{"line":145,"column":43}},"type":"binary-expr","locations":[{"start":{"line":145,"column":8},"end":{"line":145,"column":27}},{"start":{"line":145,"column":31},"end":{"line":145,"column":43}}],"line":145},"119":{"loc":{"start":{"line":153,"column":4},"end":{"line":160,"column":5}},"type":"if","locations":[{"start":{"line":153,"column":4},"end":{"line":160,"column":5}},{"start":{"line":156,"column":11},"end":{"line":160,"column":5}}],"line":153},"120":{"loc":{"start":{"line":162,"column":2},"end":{"line":174,"column":3}},"type":"if","locations":[{"start":{"line":162,"column":2},"end":{"line":174,"column":3}},{"start":{"line":170,"column":9},"end":{"line":174,"column":3}}],"line":162},"121":{"loc":{"start":{"line":170,"column":9},"end":{"line":174,"column":3}},"type":"if","locations":[{"start":{"line":170,"column":9},"end":{"line":174,"column":3}},{"start":{},"end":{}}],"line":170},"122":{"loc":{"start":{"line":195,"column":165},"end":{"line":200,"column":73}},"type":"cond-expr","locations":[{"start":{"line":195,"column":211},"end":{"line":200,"column":4}},{"start":{"line":200,"column":20},"end":{"line":200,"column":73}}],"line":195},"123":{"loc":{"start":{"line":198,"column":17},"end":{"line":198,"column":61}},"type":"cond-expr","locations":[{"start":{"line":198,"column":34},"end":{"line":198,"column":45}},{"start":{"line":198,"column":48},"end":{"line":198,"column":61}}],"line":198},"124":{"loc":{"start":{"line":199,"column":23},"end":{"line":199,"column":66}},"type":"cond-expr","locations":[{"start":{"line":199,"column":40},"end":{"line":199,"column":53}},{"start":{"line":199,"column":56},"end":{"line":199,"column":66}}],"line":199},"125":{"loc":{"start":{"line":254,"column":5},"end":{"line":254,"column":78}},"type":"cond-expr","locations":[{"start":{"line":254,"column":18},"end":{"line":254,"column":54}},{"start":{"line":254,"column":57},"end":{"line":254,"column":78}}],"line":254},"126":{"loc":{"start":{"line":258,"column":5},"end":{"line":258,"column":40}},"type":"binary-expr","locations":[{"start":{"line":258,"column":5},"end":{"line":258,"column":19}},{"start":{"line":258,"column":23},"end":{"line":258,"column":40}}],"line":258},"127":{"loc":{"start":{"line":260,"column":5},"end":{"line":260,"column":30}},"type":"binary-expr","locations":[{"start":{"line":260,"column":5},"end":{"line":260,"column":19}},{"start":{"line":260,"column":23},"end":{"line":260,"column":30}}],"line":260},"128":{"loc":{"start":{"line":260,"column":36},"end":{"line":263,"column":11}},"type":"binary-expr","locations":[{"start":{"line":260,"column":36},"end":{"line":260,"column":41}},{"start":{"line":260,"column":58},"end":{"line":263,"column":11}}],"line":260},"129":{"loc":{"start":{"line":263,"column":13},"end":{"line":265,"column":27}},"type":"binary-expr","locations":[{"start":{"line":263,"column":13},"end":{"line":263,"column":20}},{"start":{"line":263,"column":37},"end":{"line":265,"column":27}}],"line":263}},"s":{"0":0,"1":0,"2":0,"3":1,"4":1,"5":1,"6":1,"7":1,"8":1,"9":1,"10":2,"11":0,"12":0,"13":0,"14":0,"15":0,"16":0,"17":0,"18":0,"19":0,"20":0,"21":0,"22":0,"23":0,"24":0,"25":0,"26":0,"27":0,"28":0,"29":0,"30":0,"31":0,"32":0,"33":0,"34":0,"35":0,"36":0,"37":0,"38":0,"39":0,"40":0,"41":0,"42":0,"43":0,"44":0,"45":0,"46":0,"47":0,"48":0,"49":0,"50":0,"51":0,"52":0,"53":0,"54":0,"55":0,"56":0,"57":0,"58":0,"59":0,"60":0,"61":0,"62":0,"63":0,"64":0,"65":0,"66":0,"67":0,"68":0,"69":0,"70":0,"71":0,"72":0,"73":0,"74":0,"75":0,"76":0,"77":0,"78":0,"79":0,"80":0,"81":0,"82":0,"83":0,"84":0,"85":0,"86":0,"87":0,"88":0,"89":0,"90":0,"91":0,"92":0,"93":0,"94":0,"95":0,"96":0,"97":0,"98":0,"99":0,"100":0,"101":0,"102":0,"103":0,"104":0,"105":0,"106":0,"107":0,"108":0,"109":0,"110":0,"111":0,"112":0,"113":0,"114":0,"115":0,"116":0,"117":0,"118":0,"119":0,"120":0,"121":0,"122":0,"123":0,"124":0,"125":0,"126":0,"127":0,"128":0,"129":0,"130":0,"131":0,"132":0,"133":0,"134":0,"135":0,"136":0,"137":0,"138":0,"139":0,"140":0,"141":0,"142":0,"143":0,"144":0,"145":0,"146":0,"147":0,"148":0,"149":0,"150":0,"151":0,"152":0,"153":0,"154":0,"155":0,"156":0,"157":0,"158":0,"159":0,"160":0,"161":0,"162":0,"163":0,"164":0,"165":0,"166":0,"167":0,"168":0,"169":0,"170":0,"171":0,"172":0,"173":0,"174":0,"175":0,"176":0,"177":0,"178":0,"179":0,"180":0,"181":0,"182":0,"183":0,"184":0,"185":0,"186":0,"187":0,"188":0,"189":0,"190":0,"191":0,"192":0,"193":0,"194":0,"195":0,"196":0,"197":0,"198":0,"199":0,"200":0,"201":0,"202":0,"203":0,"204":0,"205":0,"206":0,"207":0,"208":0,"209":0,"210":0,"211":0,"212":0,"213":0,"214":0,"215":0,"216":0,"217":0,"218":0,"219":0,"220":0,"221":0,"222":0,"223":0,"224":0,"225":0,"226":0,"227":0,"228":0,"229":0,"230":0,"231":0,"232":0,"233":0,"234":0,"235":0,"236":0,"237":0,"238":0,"239":0,"240":0,"241":0,"242":0,"243":0,"244":0,"245":0,"246":0,"247":0,"248":0,"249":0,"250":0,"251":0,"252":1,"253":0,"254":0,"255":0,"256":0,"257":0,"258":0,"259":0,"260":0,"261":0,"262":0,"263":0,"264":0,"265":0,"266":0,"267":0,"268":0,"269":0,"270":0,"271":0,"272":0,"273":0,"274":0,"275":0,"276":0,"277":0,"278":0,"279":0,"280":0,"281":0,"282":0,"283":0,"284":0,"285":0,"286":0,"287":0,"288":0,"289":0,"290":0,"291":0,"292":0,"293":0,"294":0,"295":0,"296":0,"297":0,"298":0,"299":0,"300":0,"301":0,"302":0,"303":0,"304":0,"305":0,"306":0,"307":0,"308":0,"309":0,"310":0,"311":0,"312":0,"313":0,"314":0,"315":0,"316":0,"317":0,"318":0,"319":0,"320":0,"321":0,"322":0,"323":0,"324":0,"325":0,"326":0,"327":0,"328":0,"329":0,"330":0,"331":0,"332":0,"333":0,"334":0,"335":0,"336":0,"337":0,"338":0,"339":0,"340":0,"341":0,"342":0,"343":0,"344":0,"345":0,"346":0,"347":0,"348":0,"349":0,"350":0,"351":0,"352":0,"353":0,"354":0,"355":0,"356":0,"357":0,"358":0,"359":0,"360":0,"361":1},"f":{"0":0,"1":0,"2":0,"3":2,"4":0,"5":0,"6":0,"7":0,"8":0,"9":0,"10":0,"11":0,"12":0,"13":0,"14":0,"15":0,"16":0,"17":0,"18":0,"19":0,"20":0,"21":0,"22":0,"23":0,"24":0,"25":0,"26":0,"27":0,"28":0,"29":0,"30":0,"31":0,"32":0,"33":0,"34":0,"35":0,"36":0,"37":0,"38":0,"39":0,"40":0,"41":0,"42":0,"43":0,"44":0,"45":0,"46":0,"47":0,"48":0,"49":0,"50":0,"51":0,"52":0,"53":0,"54":0,"55":0,"56":0,"57":0,"58":0,"59":0,"60":0,"61":0,"62":0,"63":0,"64":0,"65":0,"66":0,"67":0,"68":0,"69":0,"70":0,"71":0,"72":0,"73":0,"74":0,"75":0,"76":0,"77":0,"78":0,"79":0,"80":0},"b":{"0":[0,0],"1":[0,0],"2":[0,0],"3":[0,0,0,0],"4":[2,0],"5":[2,2],"6":[0,0],"7":[0,0],"8":[0,0],"9":[0,0],"10":[0,0],"11":[0,0],"12":[0,0],"13":[0,0],"14":[0,0],"15":[0,0,0,0],"16":[0,0],"17":[0,0],"18":[0,0,0],"19":[0,0],"20":[0,0],"21":[0,0],"22":[0,0],"23":[0,0],"24":[0,0],"25":[0,0],"26":[0,0],"27":[0,0],"28":[0,0],"29":[0,0],"30":[0,0],"31":[0,0],"32":[0,0],"33":[0,0],"34":[0,0],"35":[0,0,0,0,0],"36":[0,0],"37":[0,0],"38":[0,0],"39":[0,0],"40":[0,0],"41":[0,0],"42":[0,0],"43":[0,0],"44":[0,0],"45":[0,0],"46":[0,0],"47":[0,0],"48":[0,0],"49":[0,0],"50":[0,0,0],"51":[0,0],"52":[0,0],"53":[0,0],"54":[0,0],"55":[0,0],"56":[0,0],"57":[0,0],"58":[0,0,0,0],"59":[0,0],"60":[0,0],"61":[0,0],"62":[0,0],"63":[0,0],"64":[0,0],"65":[0,0],"66":[0,0],"67":[0,0],"68":[0,0],"69":[0,0],"70":[0,0],"71":[0,0],"72":[0,0],"73":[0,0,0],"74":[0,0,0,0,0,0],"75":[0,0],"76":[0,0],"77":[0,0],"78":[0,0],"79":[0,0],"80":[0,0],"81":[0,0,0],"82":[0,0],"83":[0,0],"84":[0,0],"85":[0,0],"86":[0,0],"87":[0,0,0,0],"88":[0,0],"89":[0,0],"90":[0,0,0],"91":[0,0],"92":[0,0],"93":[0,0],"94":[0,0],"95":[0,0,0],"96":[0,0],"97":[0,0,0],"98":[0,0],"99":[0,0],"100":[0,0],"101":[0,0],"102":[0,0],"103":[0,0,0],"104":[0,0],"105":[0,0],"106":[0,0,0,0,0,0,0],"107":[0,0],"108":[0,0],"109":[0,0],"110":[0,0],"111":[0,0],"112":[0,0],"113":[0,0],"114":[0,0],"115":[0,0],"116":[0,0],"117":[0,0],"118":[0,0],"119":[0,0],"120":[0,0],"121":[0,0],"122":[0,0],"123":[0,0],"124":[0,0],"125":[0,0],"126":[0,0],"127":[0,0],"128":[0,0],"129":[0,0]},"inputSourceMap":{"version":3,"names":["_react","require","_reactRouterDom","_PaymentSuccessfully","_interopRequireDefault","_PaymentFailed","e","__esModule","_regeneratorRuntime","t","r","Object","prototype","n","hasOwnProperty","o","defineProperty","value","i","Symbol","a","iterator","c","asyncIterator","u","toStringTag","define","enumerable","configurable","writable","wrap","Generator","create","Context","makeInvokeMethod","tryCatch","type","arg","call","h","l","f","s","y","GeneratorFunction","GeneratorFunctionPrototype","p","d","getPrototypeOf","v","values","g","defineIteratorMethods","forEach","_invoke","AsyncIterator","invoke","_typeof","resolve","__await","then","callInvokeWithMethodAndArg","Error","done","method","delegate","maybeInvokeDelegate","sent","_sent","dispatchException","abrupt","TypeError","resultName","next","nextLoc","pushTryEntry","tryLoc","catchLoc","finallyLoc","afterLoc","tryEntries","push","resetTryEntry","completion","reset","isNaN","length","displayName","isGeneratorFunction","constructor","name","mark","setPr
[...]
,SAAA2B,MAAA,CAAAvF,CAAA,CAAA4D,UAAA,YAAAR,MAAA,WAAAA,OAAA7D,CAAA,EAAAH,CAAA,aAAAI,CAAA,QAAAsE,UAAA,CAAAM,MAAA,MAAA5E,CAAA,SAAAA,CAAA,QAAAK,CAAA,QAAAiE,UAAA,CAAAtE,CAAA,OAAAK,CAAA,CAAA6D,MAAA,SAAAwB,IAAA,IAAAvF,CAAA,CAAAyB,IAAA,CAAAvB,CAAA,wBAAAqF,IAAA,GAAArF,CAAA,CAAA+D,UAAA,QAAA5D,CAAA,GAAAH,CAAA,aAAAG,CAAA,iBAAAT,CAAA,mBAAAA,CAAA,KAAAS,CAAA,CAAA0D,MAAA,IAAAtE,CAAA,IAAAA,CAAA,IAAAY,CAAA,CAAA4D,UAAA,KAAA5D,CAAA,cAAAE,CAAA,GAAAF,CAAA,GAAAA,CAAA,CAAAiE,UAAA,cAAA/D,CAAA,CAAAgB,IAAA,GAAA3B,CAAA,EAAAW,CAAA,CAAAiB,GAAA,GAAA/B,CAAA,EAAAY,CAAA,SAAA8C,MAAA,gBAAAS,IAAA,GAAAvD,CAAA,CAAA4D,UAAA,EAAAnC,CAAA,SAAA+D,QAAA,CAAAtF,CAAA,MAAAsF,QAAA,WAAAA,SAAAjG,CAAA,EAAAH,CAAA,oBAAAG,CAAA,CAAA2B,IAAA,QAAA3B,CAAA,CAAA4B,GAAA,qBAAA5B,CAAA,CAAA2B,IAAA,mBAAA3B,CAAA,CAAA2B,IAAA,QAAAqC,IAAA,GAAAhE,CAAA,CAAA4B,GAAA,gBAAA5B,CAAA,CAAA2B,IAAA,SAAAoE,IAAA,QAAAnE,GAAA,GAAA5B,CAAA,CAAA4B,GAAA,OAAA2B,MAAA,kBAAAS,IAAA,yBAAAhE,CAAA,CAAA2B,IAAA,IAAA9B,CAAA,UAAAmE,IAAA,GAAAnE,CAAA,GAAAqC,CAAA,KAAAgE,MAAA,WAAAA,OAAAlG,CAAA,aAAAH,CAAA,QAAA0E,UAAA,CAAAM,MAAA,MAAAhF,CAAA,SAAAA,CAAA,QAAAI,CAAA,QAAAsE,UAAA,CAAA1E,CAAA,OAAAI,CAAA,CAAAoE,UAAA,KAAArE,CAAA,cAAAiG,QAAA,CAAAhG,CAAA,CAAAyE,UAAA,EAAAzE,CAAA,CAAAqE,QAAA,GAAAG,aAAA,CAAAxE,CAAA,GAAAiC,CAAA,yBAAAiE,OAAAnG,CAAA,aAAAH,CAAA,QAAA0E,UAAA,CAAAM,MAAA,MAAAhF,CAAA,SAAAA,CAAA,QAAAI,CAAA,QAAAsE,UAAA,CAAA1E,CAAA,OAAAI,CAAA,CAAAkE,MAAA,KAAAnE,CAAA,QAAAI,CAAA,GAAAH,CAAA,CAAAyE,UAAA,kBAAAtE,CAAA,CAAAuB,IAAA,QAAArB,CAAA,GAAAF,CAAA,CAAAwB,GAAA,EAAA6C,aAAA,CAAAxE,CAAA,YAAAK,CAAA,YAAA+C,KAAA,8BAAA+C,aAAA,WAAAA,cAAAvG,CAAA,EAAAI,CAAA,EAAAG,CAAA,gBAAAoD,QAAA,KAAA5C,QAAA,EAAA6B,MAAA,CAAA5C,CAAA,GAAAkE,UAAA,EAAA9D,CAAA,EAAAgE,OAAA,EAAA7D,CAAA,oBAAAmD,MAAA,UAAA3B,GAAA,GAAA5B,CAAA,GAAAkC,CAAA,OAAArC,CAAA;AAAA,SAAAwG,mBAAAjG,CAAA,EAAAJ,CAAA,EAAAH,CAAA,EAAAI,CAAA,EAAAK,CAAA,EAAAK,CAAA,EAAAE,CAAA,cAAAJ,CAAA,GAAAL,CAAA,CAAAO,CAAA,EAAAE,CAAA,GAAAE,CAAA,GAAAN,CAAA,CAAAD,KAAA,WAAAJ,CAAA,gBAAAP,CAAA,CAAAO,CAAA,KAAAK,CAAA,CAAA6C,IAAA,GAAAtD,CAAA,CAAAe,CAAA,IAAAwE,OAAA,CAAAtC,OAAA,CAAAlC,CAAA,EAAAoC,IAAA,CAAAlD,CAAA,EAAAK,CAAA;AAAA,SAAAgG,kBAAAlG,CAAA,6BAAAJ,CAAA,SAAAH,CAAA,GAAA0G,SAAA,aAAAhB,OAAA,WAAAtF,CAAA,EAAAK,CAAA,QAAAK,CAAA,GAAAP,CAAA,CAAAoG,KAAA,CAAAxG,CAAA,EAAAH,CAAA,YAAA4G,MAAArG,CAAA,IAAAiG,kBAAA,CAAA1F,CAAA,EAAAV,CAAA,EAAAK,CAAA,EAAAmG,KAAA,EAAAC,MAAA,UAAAtG,CAAA,cAAAsG,OAAAtG,CAAA,IAAAiG,kBAAA,CAAA1F,CAAA,EAAAV,CAAA,EAAAK,CAAA,EAAAmG,KAAA,EAAAC,MAAA,WAAAtG,CAAA,KAAAqG,KAAA;AAAA,SAAAE,eAAA1G,CAAA,EAAAJ,CAAA,WAAA+G,eAAA,CAAA3G,CAAA,KAAA4G,qBAAA,CAAA5G,CAAA,EAAAJ,CAAA,KAAAiH,2BAAA,CAAA7G,CAAA,EAAAJ,CAAA,KAAAkH,gBAAA;AAAA,SAAAA,iBAAA,cAAAjD,SAAA;AAAA,SAAAgD,4BAAA7G,CAAA,EAAAU,CAAA,QAAAV,CAAA,2BAAAA,CAAA,SAAA+G,iBAAA,CAAA/G,CAAA,EAAAU,CAAA,OAAAX,CAAA,MAAAiH,QAAA,CAAApF,IAAA,CAAA5B,CAAA,EAAA4F,KAAA,6BAAA7F,CAAA,IAAAC,CAAA,CAAA+E,WAAA,KAAAhF,CAAA,GAAAC,CAAA,CAAA+E,WAAA,CAAAC,IAAA,aAAAjF,CAAA,cAAAA,CAAA,GAAAkH,KAAA,CAAAC,IAAA,CAAAlH,CAAA,oBAAAD,CAAA,+CAAAoH,IAAA,CAAApH,CAAA,IAAAgH,iBAAA,CAAA/G,CAAA,EAAAU,CAAA;AAAA,SAAAqG,kBAAA/G,CAAA,EAAAU,CAAA,aAAAA,CAAA,IAAAA,CAAA,GAAAV,CAAA,CAAA4E,MAAA,MAAAlE,CAAA,GAAAV,CAAA,CAAA4E,MAAA,YAAAhF,CAAA,MAAAO,CAAA,GAAA8G,KAAA,CAAAvG,CAAA,GAAAd,CAAA,GAAAc,CAAA,EAAAd,CAAA,IAAAO,CAAA,CAAAP,CAAA,IAAAI,CAAA,CAAAJ,CAAA,UAAAO,CAAA;AAAA,SAAAyG,sBAAA5G,CAAA,EAAA8B,CAAA,QAAA/B,CAAA,WAAAC,CAAA,gCAAAS,MAAA,IAAAT,CAAA,CAAAS,MAAA,CAAAE,QAAA,KAAAX,CAAA,4BAAAD,CAAA,QAAAH,CAAA,EAAAO,CAAA,EAAAK,CAAA,EAAAM,CAAA,EAAAJ,CAAA,OAAAqB,CAAA,OAAA1B,CAAA,iBAAAG,CAAA,IAAAT,CAAA,GAAAA,CAAA,CAAA6B,IAAA,CAAA5B,CAAA,GAAA+D,IAAA,QAAAjC,CAAA,QAAA7B,MAAA,CAAAF,CAAA,MAAAA,CAAA,UAAAgC,CAAA,uBAAAA,CAAA,IAAAnC,CAAA,GAAAY,CAAA,CAAAoB,IAAA,CAAA7B,CAAA,GAAAsD,IAAA,MAAA3C,CAAA,CAAA6D,IAAA,CAAA3E,CAAA,CAAAW,KAAA,GAAAG,CAAA,CAAAkE,MAAA,KAAA9C,CAAA,GAAAC,CAAA,iBAAA/B,CAAA,IAAAK,CAAA,OAAAF,CAAA,GAAAH,CAAA,yBAAA+B,CAAA,YAAAhC,CAAA,eAAAe,CAAA,GAAAf,CAAA,cAAAE,MAAA,CAAAa,CAAA,MAAAA,CAAA,2BAAAT,CAAA,QAAAF,CAAA,aAAAO,CAAA;AAAA,SAAAiG,gBAAA3G,CAAA,QAAAiH,KAAA,CAAAG,OAAA,CAAApH,CAAA,UAAAA,CAAA;AAMA,IAAMqH,cAAc,GAAG,SAAjBA,cAAcA,CAAA,EAAS;EAC3B,IAAAC,SAAA,GAAoC,IAAAC,eAAQ,EAAC,EAAE,CAAC;IAAAC,UAAA,GAAAd,cAAA,CAAAY,SAAA;IAAzCG,UAAU,GAAAD,UAAA;IAAEE,aAAa,GAAAF,UAAA;EAChC,IAAAG,UAAA,GAA4C,IAAAJ,eAAQ,EAAC,EAAE,CAAC;IAAAK,UAAA,GAAAlB,cAAA,CAAAiB,UAAA;IAAjDE,cAAc,GAAAD,UAAA;IAAEE,iBAAiB,GAAAF,UAAA;EACxC,IAAAG,UAAA,GAAsB,IAAAR,eAAQ,EAAC,EAAE,CAAC;IAAAS,UAAA,GAAAtB,cAAA,CAAAqB,UAAA;IAA3BE,GAAG,GAAAD,UAAA;IAAEE,MAAM,GAAAF,UAAA;EAClB,IAAAG,UAAA,GAA4C,IAAAZ,eAAQ,EAAC,EAAE,CAAC;IAAAa,UAAA,GAAA1B,cAAA,CAAAyB,UAAA;IAAjDE,cAAc,GAAAD,UAAA;IAAEE,iBAAiB,GAAAF,UAAA;EACxC,IAAAG,UAAA,GAA0B,IAAAhB,eAAQ,EAAC,EAAE,CAAC;IAAAiB,WAAA,GAAA9B,cAAA,CAAA6B,UAAA;IAA/BE,KAAK,GAAAD,WAAA;IAAEE,QAAQ,GAAAF,WAAA;EACtB,IAAAG,WAAA,GAA0B,IAAApB,eAAQ,EAAC,EAAE,CAAC;IAAAqB,WAAA,GAAAlC,cAAA,CAAAiC,WAAA;IAA/BE,KAAK,GAAAD,WAAA;IAAEE,QAAQ,GAAAF,WAAA;EACtB,IAAAG,WAAA,GAA0B,IAAAxB,eAAQ,EAAC,EAAE,CAAC;IAAAyB,WAAA,GAAAtC,cAAA,CAAAqC,WAAA;IAA/BE,KAAK,GAAAD,WAAA;IAAEE,QAAQ,GAAAF,WAAA;EACtB,IAAAG,WAAA,GAA8B,IAAA5B,eAAQ,EAAC,KAAK,CAAC;IAAA6B,WAAA,GAAA1C,cAAA,CAAAyC,WAAA;IAAtCE,OAAO,GAAAD,WAAA;IAAEE,UAAU,GAAAF,WAAA;EAC1B,IAAAG,WAAA,GAAkC,IAAAhC,eAAQ,EAAC,KAAK,CAAC;IAAAiC,WAAA,GAAA9C,cAAA,CAAA6C,WAAA;IAA1CE,SAAS,GAAAD,WAAA;IAAEE,YAAY,GAAAF,WAAA;EAC9B,IAAAG,WAAA,GAA8C,IAAApC,eAAQ,EAAC,IAAI,CAAC;IAAAqC,WAAA,GAAAlD,cAAA,CAAAiD,WAAA;IAArDE,iBAAiB,GAAAD,WAAA;IAAEE,gBAAgB,GAAAF,WAAA,IAAmB,CAAC;;EAE9D,IAAAG,gBAAA,GAAuB,IAAAC,+BAAe,EAAC,CAAC;IAAAC,iBAAA,GAAAvD,cAAA,CAAAqD,gBAAA;IAAjCG,YAAY,GAAAD,iBAAA,IAAsB,CAAC;EAC1C,IAAME,QAAQ,GAAGD,YAAY,CAACE,GAAG,CAAC,IAAI,CAAC,CAAC,CAAC;;EAEzC;EACA,IAAAC,gBAAS,EAAC,YAAM;IACd,IAAMC,kBAAkB;MAAA,IAAAC,IAAA,GAAAlE,iBAAA,cAAAvG,mBAAA,GAAAmF,IAAA,CAAG,SAAAuF,QAAA;QAAA,IAAAC,QAAA,EAAAC,IAAA;QAAA,OAAA5K,mBAAA,GAAAsB,IAAA,UAAAuJ,SAAAC,QAAA;UAAA,kBAAAA,QAAA,CAAAlF,IAAA,GAAAkF,QAAA,CAAA7G,IAAA;YAAA;cAAA6G,QAAA,CAAAlF,IAAA;cAAAkF,QAAA,CAAA7G,IAAA;cAAA,OAEA8G,KAAK,qCAAAC,MAAA,CAAqCX,QAAQ,CAAE,CAAC;YAAA;cAAtEM,QAAQ,GAAAG,QAAA,CAAAnH,IAAA;cAAA,IACTgH,QAAQ,CAACM,EAAE;gBAAAH,QAAA,CAAA7G,IAAA;gBAAA;cAAA;cAAA,MACR,IAAIX,KAAK,CAAC,gCAAgC,CAAC;YAAA;cAAAwH,QAAA,CAAA7G,IAAA;cAAA,OAEhC0G,QAAQ,CAACO,IAAI,CAAC,CAAC;YAAA;cAA5BN,IAAI,GAAAE,QAAA,CAAAnH,IAAA;cACVqG,gBAAgB,CAACY,IAAI,CAACO,MAAM,CAAC,CAAC,CAAC;cAAAL,QAAA,CAAA7G,IAAA;cAAA;YAAA;cAAA6G,QAAA,CAAAlF,IAAA;cAAAkF,QAAA,CAAAM,EAAA,GAAAN,QAAA;cAE/BO,OAAO,CAAClC,KAAK,CAAC,gCAAgC,EAAA2B,QAAA,CAAAM,EAAO,CAAC;YAAC;YAAA;cAAA,OAAAN,QAAA,CAAA/E,IAAA;UAAA;QAAA,GAAA2E,OAAA;MAAA,CAE1D;MAAA,gBAXKF,kBAAkBA,CAAA;QAAA,OAAAC,IAAA,CAAAhE,KAAA,OAAAD,SAAA;MAAA;IAAA,GAWvB;IAEDgE,kBAAkB,CAAC,CAAC;EACtB,CAAC,EAAE,CAACH,QAAQ,CAAC,CAAC;EAEd,IAAMiB,oBAAoB,GAAI;IAC5BC,GAAG,EAAE,0BAA0B;IAC/BC,YAAY,EAAE,SAAS;IACvBC,UAAU,EAAE,UAAU;IACtBC,KAAK,EAAE,EAAE;IACTC,GAAG,EAAE,sBAAsB;IAC3BC,QAAQ,EAAE,SAAS;IACnBC,IAAI,EAAE,YAAY;IAClBC,cAAc,EAAE,CACd;MAAEC,IAAI,EAAE,IAAI;MAAEC,SAAS,EAAE;IAAK,CAAC,EAC/B;MAAED,IAAI,EAAE,IAAI;MAAEC,SAAS,EAAE;IAAM,CAAC;EAEpC,CAAC;EAED,IAAMC,aAAa,GAAGlC,iBAAiB,IAAIuB,oBAAoB;EAE/D,IAAMY,mBAAmB,GAAG,SAAtBA,mBAAmBA,CAAA,EAAS;IAChC,IAAIvE,UAAU,CAAC7C,MAAM,KAAK,EAAE,IAAID,KAAK,CAAC8C,UAAU,CAAC,EAAE;MACjD,OAAO,8CAA8C;IACvD;IACA,IAAI,CAAC,gBAAgB,CAACN,IAAI,CAACU,cAAc,CAAC,EAAE;MAC1C,OAAO,0CAA0C;IACnD;IACA,IAAII,GAAG,CAACrD,MAAM,KAAK,CAAC,IAAID,KAAK,CAACsD,GAAG,CAAC,EAAE;MAClC,OAAO,qCAAqC;IAC9C;IACA,IAAII,cAAc,CAAC4D,IAAI,CAAC,CAAC,KAAK,EAAE,EAAE;MAChC,OAAO,8BAA8B;IACvC;IACA,IAAIxD,KAAK,CAACwD,IAAI,CAAC,CAAC,KAAK,EAAE,IAAI,CAAC,4BAA4B,CAAC9E,IAAI,CAACsB,KAAK,CAAC,EAAE;MACpE,OAAO,qCAAqC;IAC9C;IACA,IAAII,KAAK,CAACoD,IAAI,CAAC,CAAC,KAAK,EAAE,IAAItH,KAAK,CAACkE,KAAK,CAAC,EAAE;MACvC,OAAO,oCAAoC;IAC7C;IACA,OAAO,EAAE,CAAC,CAAC;EACb,CAAC;EAED,IAAMqD,aAAa,GAAG,SAAhBA,aAAaA,CAAItM,CAAC,EAAK;IAC3BA,CAAC,CAACuM,cAAc,CAAC,CAAC;IAClB,IAAMC,QAAQ,GAAGJ,mBAAmB,CAAC,CAAC;IACtC,IAAII,QAAQ,EAAE;MACZlD,QAAQ,CAACkD,QAAQ,CAAC;MAClB9C,UAAU,CAAC,KAAK,CAAC;IACnB,CAAC,MAAM;MACLJ,QAAQ,CAAC,EAAE,CAAC;MACZI,UAAU,CAAC,IAAI,CAAC;MAChBI,YAAY,CAAC,IAAI,CAAC,CAAC,CAAC;IACtB;EACF,CAAC;EAED,IAAID,SAAS,EAAE;IACb,oBACE4C,KAAA,CAAAC,aAAA,CAAC7M,oBAAA,WAAmB;MAClB8M,KAAK,KAAAzB,MAAA,CAAKiB,aAAa,CAACT,YAAY,cAAAR,MAAA,CAAMiB,aAAa,CAACR,UAAU,CAAG;MACrEiB,aAAa,EAAET,aAAa,CAACJ,IAAK;MAClCc,WAAW,EAAEV,aAAa,CAACJ,IAAK,CAAC;MAAA;MACjCe,UAAU,EAAEX,aAAa,CAACP,KAAK,GAAG,GAAI,CAAC;IAAA,CACxC,CAAC;EAEN,CAAC,MAAM,IAAIvC,KAAK,EAAE;IAChB,oBACEoD,KAAA,CAAAC,aAAA,CAAC3M,cAAA,WAAa;MACZgN,YAAY,EAAE1D,KAAM,CAAC;IAAA,CACtB,CAAC;EAEN;EAEA,oBACEoD,KAAA,CAAAC,aAAA;IAAKM,SAAS,EAAC;EAAiB,gBAC9BP,KAAA,CAAAC,aAAA;IAAIM,SAAS,EAAC;EAAO,GAAC,yBAA2B,CAAC,eAGlDP,KAAA,CAAAC,aAAA;IAAKM,SAAS,EAAC;EAAmB,gBAChCP,KAAA,CAAAC,aAAA,aAAI,oBAAsB,CAAC,eAC3BD,KAAA,CAAAC,aAAA;IAAKM,SAAS,EAAC;EAAgB,gBAC7BP,KAAA,CAAAC,aAAA;IAAKM,SAAS,EAAC;EAAe,gBAC5BP,KAAA,CAAAC,aAAA;IAAKO,GAAG,aAAA/B,MAAA,CAAaiB,aAAa,CAACN,GAAG,CAAG;IAACqB,GAAG,EAAC,QAAQ;IAACF,SAAS,EAAC;EAAa,CAAE,CAAC,eACjFP,KAAA,CAAAC,aAAA;IAAGM,SAAS,EAAC;EAAc,MAAA9B,MAAA,CAAKiB,aAAa,CAACT,YAAY,cAAAR,MAAA,CAAMiB,aAAa,CAACR,UAAU,CAAM,CAC3F,CAAC,eACNc,KAAA,CAAAC,aAAA;IAAKM,SAAS,EAAC;EAAa,gBAC1BP,KAAA,CAAAC,aAAA,yBAAGD,KAAA,CAAAC,aAAA,iBAAQ,OAAa,CAAC,KAAC,EAACP,aAAa,CAACJ,IAAQ,CAAC,eAClDU,KAAA,CAAAC,aAAA,yBAAGD,KAAA,CAAAC,aAAA,iBAAQ,YAAkB,CAAC,KAAC,EAACP,aAAa,CAACL,QAAY,CACvD,CAAC,eACNW,KAAA,CAAAC,aAAA;IAAKM,SAAS,EAAC;EAAiB,gBAC9BP,KAAA,CAAAC,aAAA,yBAAGD,KAAA,CAAAC,aAAA,iBAAQ,kBAAwB,CAAI,CAAC,eACxCD,KAAA,CAAAC,aAAA,aACGrF,KAAK,CAACG,OAAO,CAAC2E,aAAa,CAACH,cAAc,CAAC,GAC1CG,aAAa,CAACH,cAAc,CAACmB,GAAG,CAAC,UAAClB,IAAI;IAAA,oBACpCQ,KAAA,CAAAC,aAAA;MAAIU,GAAG,EAAEnB,IAAI,CAACA,IAAK;MAACe,SAAS,EAAEf,IAAI,CAACC,SAAS,GAAG,WAAW,GAAG;IAAc,GACzED,IAAI,CAACA,IAAI,EAAC,GAAC,EAACA,IAAI,CAACC,SAAS,GAAG,aAAa,GAAG,UAC5C,CAAC;EAAA,CACN,CAAC,gBAEFO,KAAA,CAAAC,aAAA,YAAG,qBAAsB,CAEzB,CACD,CAAC,eACND,KAAA,CAAAC,aAAA;IAAKM,SAAS,EAAC;EAAe,gBAC5BP,KAAA,CAAAC,aAAA,yBAAGD,KAAA,CAAAC,aAAA;IAAMM,SAAS,EAAC;EAAc,GAAC,WAAe,CAAI,CAClD,CACF,CACF,CAAC,eAGNP,KAAA,CAAAC,aAAA;IAAKM,SAAS,EAAC;EAAc,gBAC3BP,KAAA,CAAAC,aAAA,aAAI,qBAAuB,CAAC,eAC5BD,KAAA,CAAAC,aAAA;IAAKM,SAAS,EAAC;EAAW,gBACxBP,KAAA,CAAAC,aAAA;IAAKM,SAAS,EAAC;EAAY,gBACzBP,KAAA,CAAAC,aAAA;IAAOW,OAAO,EAAC;EAAO,GAAC,gBAAc,eAAAZ,KAAA,CAAAC,aAAA;IAAMM,SAAS,EAAC;EAAU,GAAC,GAAO,CAAQ,CAAC,eAChFP,KAAA,CAAAC,aAAA;IACEY,EAAE,EAAC,OAAO;IACVxL,IAAI,EAAC,OAAO;IACZnB,KAAK,EAAEkI,KAAM;IACb0E,QAAQ,EAAE,SAAVA,QAAQA,CAAGvN,CAAC;MAAA,OAAK8I,QAAQ,CAAC9I,CAAC,CAACwN,MAAM,CAAC7M,KAAK,CAAC;IAAA,CAAC;IAC1C8M,QAAQ;IACRC,WAAW,EAAC;EAAkB,CAC/B,CACE,CAAC,eACNjB,KAAA,CAAAC,aAAA;IAAKM,SAAS,EAAC;EAAY,gBACzBP,KAAA,CAAAC,aAAA;IAAOW,OAAO,EAAC;EAAO,GAAC,eAAa,eAAAZ,KAAA,CAAAC,aAAA;IAAMM,SAAS,EAAC;EAAU,GAAC,GAAO,CAAQ,CAAC,eAC/EP,KAAA,CAAAC,aAAA;IACEY,EAAE,EAAC,OAAO;IACVxL,IAAI,EAAC,MAAM;IACXnB,KAAK,EAAEsI,KAAM;IACbsE,QAAQ,EAAE,SAAVA,QAAQA,CAAGvN,CAAC;MAAA,OAAKkJ,QAAQ,CAAClJ,CAAC,CAACwN,MAAM,CAAC7M,KAAK,CAAC;IAAA,CAAC;IAC1C8M,QAAQ;IACRC,WAAW,EAAC;EAAc,CAC3B,CACE,CACF,CACF,CAAC,eAGNjB,KAAA,CAAAC,aAAA;IAAKM,SAAS,EAAC;EAAe,gBAC5BP,KAAA,CAAAC,aAAA,aAAI,eAAiB,CAAC,eACtBD,KAAA,CAAAC,aAAA;IAAKM,SAAS,EAAC;EAAc,gBAC3BP,KAAA,CAAAC,aAAA,eAAM,cAAkB,CAAC,eACzBD,KAAA,CAAAC,aAAA,eAAM,GAAC,EAACP,aAAa,CAACP,KAAY,CAC/B,CAAC,eACNa,KAAA,CAAAC,aAAA;IAAKM,SAAS,EAAC;EAAc,gBAC3BP,KAAA,CAAAC,aAAA,eAAM,cAAkB,CAAC,eACzBD,KAAA,CAAAC,aAAA,eAAM,MAAU,CACb,CAAC,eACND,KAAA,CAAAC,aAAA;IAAKM,SAAS,EAAC;EAAoB,gBACjCP,KAAA,CAAAC,aAAA,eAAM,OAAW,CAAC,eAClBD,KAAA,CAAAC,aAAA,eAAM,GAAC,EAACP,aAAa,CAACP,KAAK,GAAG,GAAU,CACrC,CACF,CAAC,eAGNa,KAAA,CAAAC,aAAA;IAAKM,SAAS,EAAC;EAAiB,gBAC9BP,KAAA,CAAAC,aAAA,aAAI,qBAAuB,CAAC,eAC5BD,KAAA,CAAAC,aAAA;IAAKM,SAAS,EAAC;EAAqB,gBAClCP,KAAA,CAAAC,aAAA;IAAKM,SAAS,EAAC;EAAa,gBAC1BP,KAAA,CAAAC,aAAA;IAAKM,SAAS,EAAC;EAAa,GACzBnF,UAAU,GAAGA,UAAU,CAAC8F,OAAO,CAAC,SAAS,EAAE,KAAK,CAAC,GAAG,qBAClD,CAAC,eACNlB,KAAA,CAAAC,aAAA;IAAKM,SAAS,EAAC;EAAW,gBACxBP,KAAA,CAAAC,aAAA;IAAKM,SAAS,EAAC;EAAW,GAAEvE,cAAc,IAAI,iBAAuB,CAAC,eACtEgE,KAAA,CAAAC,aAAA;IAAKM,SAAS,EAAC;EAAa,GAAE/E,cAAc,IAAI,OAAa,CAC1D,CACF,CACF,CAAC,EAELoB,KAAK,iBAAIoD,KAAA,CAAAC,aAAA;IAAGM,SAAS,EAAC,eAAe;IAACY,IAAI,EAAC;EAAO,GAAEvE,KAAS,CAAC,EAC9DI,OAAO,iBAAIgD,KAAA,CAAAC,aAAA;IAAGM,SAAS,EAAC;EAAiB,GAAC,qBAAsB,CAAC,eAElEP,KAAA,CAAAC,aAAA;IAAMmB,QAAQ,EAAEvB,aAAc;IAACU,SAAS,EAAC;EAAc,gBACrDP,KAAA,CAAAC,aAAA;IAAKM,SAAS,EAAC;EAAW,gBACxBP,KAAA,CAAAC,aAAA;IAAKM,SAAS,EAAC;EAAY,gBACzBP,KAAA,CAAAC,aAAA;IAAOW,OAAO,EAAC;EAAgB,GAAC,kBAAgB,eAAAZ,KAAA,CAAAC,aAAA;IAAMM,SAAS,EAAC;EAAU,GAAC,GAAO,CAAQ,CAAC,eAC3FP,KAAA,CAAAC,aAAA;IACEY,EAAE,EAAC,gBAAgB;IACnBxL,IAAI,EAAC,MAAM;IACXnB,KAAK,EAAE8H,cAAe;IACtB8E,QAAQ,EAAE,SAAVA,QAAQA,CAAGvN,CAAC;MAAA,OAAK0I,iBAAiB,CAAC1I,CAAC,CAACwN,MAAM,CAAC7M,KAAK,CAAC;IAAA,CAAC;IACnD8M,QAAQ;IACRC,WAAW,EAAC;EAAuB,CACpC,CACE,CAAC,eACNjB,KAAA,CAAAC,aAAA;IAAKM,SAAS,EAAC;EAAY,gBACzBP,KAAA,CAAAC,aAAA;IAAOW,OAAO,EAAC;EAAY,GAAC,cAAY,eAAAZ,KAAA,CAAAC,aAAA;IAAMM,SAAS,EAAC;EAAU,GAAC,GAAO,CAAQ,CAAC,eACnFP,KAAA,CAAAC,aAAA;IACEY,EAAE,EAAC,YAAY;IACfxL,IAAI,EAAC,MAAM;IACXnB,KAAK,EAAEkH,UAAW;IAClB0F,QAAQ,EAAE,SAAVA,QAAQA,CAAGvN,CAAC;MAAA,OAAK8H,aAAa,CAAC9H,CAAC,CAACwN,MAAM,CAAC7M,KAAK,CAAC;IAAA,CAAC;IAC/C8M,QAAQ;IACRC,WAAW,EAAC;EAAqB,CAClC,CACE,CAAC,eACNjB,KAAA,CAAAC,aAAA;IAAKM,SAAS,EAAC;EAAwB,gBACrCP,KAAA,CAAAC,aAAA;IAAOW,OAAO,EAAC;EAAgB,GAAC,kBAAgB,eAAAZ,KAAA,CAAAC,aAAA;IAAMM,SAAS,EAAC;EAAU,GAAC,GAAO,CAAQ,CAAC,eAC3FP,KAAA,CAAAC,aAAA;IACEY,EAAE,EAAC,gBAAgB;IACnBxL,IAAI,EAAC,MAAM;IACXnB,KAAK,EAAEsH,cAAe;IACtBsF,QAAQ,EAAE,SAAVA,QAAQA,CAAGvN,CAAC;MAAA,OAAKkI,iBAAiB,CAAClI,CAAC,CAACwN,MAAM,CAAC7M,KAAK,CAAC;IAAA,CAAC;IACnD+M,WAAW,EAAC,OAAO;IACnBD,QAAQ;EAAA,CACT,CACE,CAAC,eACNhB,KAAA,CAAAC,aAAA;IAAKM,SAAS,EAAC;EAAwB,gBACrCP,KAAA,CAAAC,aAAA;IAAOW,OAAO,EAAC;EAAK,GAAC,MAAI,eAAAZ,KAAA,CAAAC,aAAA;IAAMM,SAAS,EAAC;EAAU,GAAC,GAAO,CAAQ,CAAC,eACpEP,KAAA,CAAAC,aAAA;IACEY,EAAE,EAAC,KAAK;IACRxL,IAAI,EAAC,MAAM;IACXnB,KAAK,EAAE0H,GAAI;IACXkF,QAAQ,EAAE,SAAVA,QAAQA,CAAGvN,CAAC;MAAA,OAAKsI,MAAM,CAACtI,CAAC,CAACwN,MAAM,CAAC7M,KAAK,CAAC;IAAA,CAAC;IACxC+M,WAAW,EAAC,KAAK;IACjBD,QAAQ;EAAA,CACT,CACE,CACF,CAAC,eACNhB,KAAA,CAAAC,aAAA;IAAQ5K,IAAI,EAAC,QAAQ;IAACkL,SAAS,EAAC,aAAa;IAAC,eAAY;EAAqB,GAAC,iBAAuB,CAEnG,CACH,CACF,CAAC;AAEV,CAAC;AAAC,IAAAc,QAAA,GAAAC,OAAA,cAEatG,cAAc","ignoreList":[]},"_coverageSchema":"1a1c01bbd47fc00a2c39e90264f33305004495a9","hash":"c21705609228ee491a6ba37b3e0107bb5e0d5833","contentHash":"57f5b5078b79b9fae14d1b6cc17a5b3154d093ba1a3eb095bb53e190a75dcc2c"},"/home/nguyen1611/CISC327-QA-Project-Group-60-AA/src/frontend/src/pages/PaymentSuccessfully.jsx":{"path":"/home/nguyen1611/CISC327-QA-Project-Group-60-AA/src/frontend/src/pages/PaymentSuccessfully.jsx","statementMap":{"0":{"start":{"line":3,"column":0},"end":{"line":5,"column":3}},"1":{"start":{"line":6,"column":0},"end":{"line":6,"column":28}},"2":{"start":{"line":7,"column":13},"end":{"line":7,"column":53}},"3":{"start":{"line":8,"column":0},"end":{"line":8,"column":45}},"4":{"start":{"line":9,"column":37},"end":{"line":9,"column":85}},"5":{"start":{"line":12,"column":26},"end":{"line":16,"column":1}},"6":{"start":{"line":13,"column":2},"end":{"line":15,"column":223}},"7":{"start":{"line":17,"column":15},"end":{"line":17,"column":55}}},"fnMap":{"0":{"name":"_interopRequireDefault","decl":{"start":{"line":9,"column":9},"end":{"line":9,"column":31}},"loc":{"start":{"line":9,"column":35},"end":{"line":9,"column":87}},"line":9},"1":{"name":"PaymentSuccessfully","decl":{"start":{"line":12,"column":35},"end":{"line":12,"column":54}},"loc":{"start":{"line":12,"column":57},"end":{"line":16,"column":1}},"line":12}},"branchMap":{"0":{"loc":{"start":{"line":9,"column":44},"end":{"line":9,"column":84}},"type":"cond-expr","locations":[{"start":{"line":9,"column":64},"end":{"line":9,"column":65}},{"start":{"line":9,"column":68},"end":{"line":9,"column":84}}],"line":9},"1":{"loc":{"start":{"line":9,"column":44},"end":{"line":9,"column":61}},"type":"binary-expr","locations":[{"start":{"line":9,"column":44},"end":{"line":9,"column":45}},{"start":{"line":9,"column":49},"end":{"line":9,"column":61}}],"line":9}},"s":{"0":1,"1":1,"2":1,"3":1,"4":1,"5":1,"6":0,"7":1},"f":{"0":1,"1":0},"b":{"0":[0,1],"1":[1,1]},"inputSourceMap":{"version":3,"names":["_react","_interopRequireDefault","require","e","__esModule","PaymentSuccessfully","createElement","className","_default","exports"],"sourceRoot":"/home/nguyen1611/CISC327-QA-Project-Group-60-AA/src/frontend/src/pages/","sources":["PaymentSuccessfully.jsx"],"sourcesContent":["// PaymentSuccessfully.js\nimport React from 'react';\nimport '../styles/PaymentSuccessfully.css';\n\nconst PaymentSuccessfully = () => {\n  return (\n    <div className=\"payment-successfully\">\n      <h3>Payment Successful!</h3>\n      <p>Your payment has been processed successfully. Thank you for booking with us!</p>\n    </div>\n  );\n};\n\nexport default PaymentSuccessfully;\n\n\n"],"mappings":";;;;;;AACA,IAAAA,MAAA,GAAAC,sBAAA,CAAAC,OAAA;AACAA,OAAA;AAA2C,SAAAD,uBAAAE,CAAA,WAAAA,CAAA,IAAAA,CAAA,CAAAC,UAAA,GAAAD,CAAA,gBAAAA,CAAA;AAF3C;;AAIA,IAAME,mBAAmB,GAAG,SAAtBA,mBAAmBA,CAAA,EAAS;EAChC,oBACEL,MAAA,YAAAM,aAAA;IAAKC,SAAS,EAAC;EAAsB,gBACnCP,MAAA,YAAAM,aAAA,aAAI,qBAAuB,CAAC,eAC5BN,MAAA,YAAAM,aAAA,YAAG,8EAA+E,CAC/E,CAAC;AAEV,CAAC;AAAC,IAAAE,QAAA,GAAAC,OAAA,cAEaJ,mBAAmB","ignoreList":[]},"_coverageSchema":"1a1c01bbd47fc00a2c39e90264f33305004495a9","hash":"37d4a34fd3a344986629e8679eff703a7b9b812e","contentHash":"98737ca9424691eed028afc1b7192efbbf17f3f59b1075c6ee32fb5a8b908189"},"/home/nguyen1611/CISC327-QA-Project-Group-60-AA/src/frontend/src/pages/PaymentFailed.jsx":{"path":"/home/nguyen1611/CISC327-QA-Project-Group-60-AA/src/frontend/src/pages/PaymentFailed.jsx","statementMap":{"0":{"start":{"line":3,"column":0},"end":{"line":5,"column":3}},"1":{"start":{"line":6,"column":0},"end":{"line":6,"column":28}},"2":{"start":{"line":7,"column":13},"end":{"line":7,"column":53}},"3":{"start":{"line":8,"column":0},"end":{"line":8,"column":39}},"4":{"start":{"line":9,"column":37},"end":{"line":9,"column":85}},"5":{"start":{"line":10,"column":20},"end":{"line":14,"column":1}},"6":{"start":{"line":11,"column":2},"end":{"line":13,"column":221}},"7":{"start":{"line":15,"column":15},"end":{"line":15,"column":49}}},"fnMap":{"0":{"name":"_interopRequireDefault","decl":{"start":{"line":9,"column":9},"end":{"line":9,"column":31}},"loc":{"start":{"line":9,"column":35},"end":{"line":9,"column":87}},"line":9},"1":{"name":"PaymentFailed","decl":{"start":{"line":10,"column":29},"end":{"line":10,"column":42}},"loc":{"start":{"line":10,"column":45},"end":{"line":14,"column":1}},"line":10}},"branchMap":{"0":{"loc":{"start":{"line":9,"column":44},"end":{"line":9,"column":84}},"type":"cond-expr","locations":[{"start":{"line":9,"column":64},"end":{"line":9,"column":65}},{"start":{"line":9,"column":68},"end":{"line":9,"column":84}}],"line":9},"1":{"loc":{"start":{"line":9,"column":44},"end":{"line":9,"column":61}},"type":"binary-expr","locations":[{"start":{"line":9,"column":44},"end":{"line":9,"column":45}},{"start":{"line":9,"column":49},"end":{"line":9,"column":61}}],"line":9}},"s":{"0":1,"1":1,"2":1,"3":1,"4":1,"5":1,"6":0,"7":1},"f":{"0":1,"1":0},"b":{"0":[0,1],"1":[1,1]},"inputSourceMap":{"version":3,"names":["_react","_interopRequireDefault","require","e","__esModule","PaymentFailed","createElement","className","_default","exports"],"sourceRoot":"/home/nguyen1611/CISC327-QA-Project-Group-60-AA/src/frontend/src/pages/","sources":["PaymentFailed.jsx"],"sourcesContent":["import React from 'react';\nimport '../styles/PaymentFailed.css';\n\nconst PaymentFailed = () => {\n  return (\n    <div className=\"payment-failed\">\n      <h3>Payment Failed</h3>\n      <p>There was an issue processing your payment. Please try again with a valid card.</p>\n    </div>\n  );\n};\n\nexport default PaymentFailed;\n"],"mappings":";;;;;;AAAA,IAAAA,MAAA,GAAAC,sBAAA,CAAAC,OAAA;AACAA,OAAA;AAAqC,SAAAD,uBAAAE,CAAA,WAAAA,CAAA,IAAAA,CAAA,CAAAC,UAAA,GAAAD,CAAA,gBAAAA,CAAA;AAErC,IAAME,aAAa,GAAG,SAAhBA,aAAaA,CAAA,EAAS;EAC1B,oBACEL,MAAA,YAAAM,aAAA;IAAKC,SAAS,EAAC;EAAgB,gBAC7BP,MAAA,YAAAM,aAAA,aAAI,gBAAkB,CAAC,eACvBN,MAAA,YAAAM,aAAA,YAAG,iFAAkF,CAClF,CAAC;AAEV,CAAC;AAAC,IAAAE,QAAA,GAAAC,OAAA,cAEaJ,aAAa","ignoreList":[]},"_coverageSchema":"1a1c01bbd47fc00a2c39e90264f33305004495a9","hash":"daed450e724684e732145bcf45169c832615a9c1","contentHash":"51650e450f07f4e71aec3b020f2249fa47bc3b3f73e694dd4da83a62e409754a"}}